
zadanie2.elf:     file format elf32-avr

Sections:
Idx Name          Size      VMA       LMA       File off  Algn
  0 .data         00000314  00800100  00000f96  0000102a  2**0
                  CONTENTS, ALLOC, LOAD, DATA
  1 .text         00000f96  00000000  00000000  00000094  2**1
                  CONTENTS, ALLOC, LOAD, READONLY, CODE
  2 .bss          00000218  00800414  00800414  0000133e  2**0
                  ALLOC
  3 .stab         000009a8  00000000  00000000  00001340  2**2
                  CONTENTS, READONLY, DEBUGGING
  4 .stabstr      00000f9d  00000000  00000000  00001ce8  2**0
                  CONTENTS, READONLY, DEBUGGING
  5 .comment      00000011  00000000  00000000  00002c85  2**0
                  CONTENTS, READONLY
  6 .note.gnu.avr.deviceinfo 00000040  00000000  00000000  00002c98  2**2
                  CONTENTS, READONLY
  7 .debug_info   000005f4  00000000  00000000  00002cd8  2**0
                  CONTENTS, READONLY, DEBUGGING
  8 .debug_abbrev 000005a2  00000000  00000000  000032cc  2**0
                  CONTENTS, READONLY, DEBUGGING
  9 .debug_line   0000001a  00000000  00000000  0000386e  2**0
                  CONTENTS, READONLY, DEBUGGING
 10 .debug_str    00000208  00000000  00000000  00003888  2**0
                  CONTENTS, READONLY, DEBUGGING

Disassembly of section .text:

00000000 <__vectors>:
   0:	0c 94 3a 00 	jmp	0x74	; 0x74 <__ctors_end>
   4:	0c 94 57 00 	jmp	0xae	; 0xae <__bad_interrupt>
   8:	0c 94 57 00 	jmp	0xae	; 0xae <__bad_interrupt>
   c:	0c 94 57 00 	jmp	0xae	; 0xae <__bad_interrupt>
  10:	0c 94 57 00 	jmp	0xae	; 0xae <__bad_interrupt>
  14:	0c 94 57 00 	jmp	0xae	; 0xae <__bad_interrupt>
  18:	0c 94 57 00 	jmp	0xae	; 0xae <__bad_interrupt>
  1c:	0c 94 57 00 	jmp	0xae	; 0xae <__bad_interrupt>
  20:	0c 94 57 00 	jmp	0xae	; 0xae <__bad_interrupt>
  24:	0c 94 57 00 	jmp	0xae	; 0xae <__bad_interrupt>
  28:	0c 94 57 00 	jmp	0xae	; 0xae <__bad_interrupt>
  2c:	0c 94 57 00 	jmp	0xae	; 0xae <__bad_interrupt>
  30:	0c 94 57 00 	jmp	0xae	; 0xae <__bad_interrupt>
  34:	0c 94 57 00 	jmp	0xae	; 0xae <__bad_interrupt>
  38:	0c 94 57 00 	jmp	0xae	; 0xae <__bad_interrupt>
  3c:	0c 94 57 00 	jmp	0xae	; 0xae <__bad_interrupt>
  40:	0c 94 57 00 	jmp	0xae	; 0xae <__bad_interrupt>
  44:	0c 94 57 00 	jmp	0xae	; 0xae <__bad_interrupt>
  48:	0c 94 a8 00 	jmp	0x150	; 0x150 <__vector_18>
  4c:	0c 94 cd 00 	jmp	0x19a	; 0x19a <__vector_19>
  50:	0c 94 57 00 	jmp	0xae	; 0xae <__bad_interrupt>
  54:	0c 94 57 00 	jmp	0xae	; 0xae <__bad_interrupt>
  58:	0c 94 57 00 	jmp	0xae	; 0xae <__bad_interrupt>
  5c:	0c 94 57 00 	jmp	0xae	; 0xae <__bad_interrupt>
  60:	0c 94 57 00 	jmp	0xae	; 0xae <__bad_interrupt>
  64:	0c 94 57 00 	jmp	0xae	; 0xae <__bad_interrupt>

00000068 <__trampolines_end>:
  68:	63 64       	ori	r22, 0x43	; 67
  6a:	69 6e       	ori	r22, 0xE9	; 233
  6c:	6f 70       	andi	r22, 0x0F	; 15
  6e:	73 75       	andi	r23, 0x53	; 83
  70:	78 58       	subi	r23, 0x88	; 136
  72:	5b 00       	.word	0x005b	; ????

00000074 <__ctors_end>:
  74:	11 24       	eor	r1, r1
  76:	1f be       	out	0x3f, r1	; 63
  78:	cf ef       	ldi	r28, 0xFF	; 255
  7a:	d8 e0       	ldi	r29, 0x08	; 8
  7c:	de bf       	out	0x3e, r29	; 62
  7e:	cd bf       	out	0x3d, r28	; 61

00000080 <__do_copy_data>:
  80:	14 e0       	ldi	r17, 0x04	; 4
  82:	a0 e0       	ldi	r26, 0x00	; 0
  84:	b1 e0       	ldi	r27, 0x01	; 1
  86:	e6 e9       	ldi	r30, 0x96	; 150
  88:	ff e0       	ldi	r31, 0x0F	; 15
  8a:	02 c0       	rjmp	.+4      	; 0x90 <__do_copy_data+0x10>
  8c:	05 90       	lpm	r0, Z+
  8e:	0d 92       	st	X+, r0
  90:	a4 31       	cpi	r26, 0x14	; 20
  92:	b1 07       	cpc	r27, r17
  94:	d9 f7       	brne	.-10     	; 0x8c <__do_copy_data+0xc>

00000096 <__do_clear_bss>:
  96:	26 e0       	ldi	r18, 0x06	; 6
  98:	a4 e1       	ldi	r26, 0x14	; 20
  9a:	b4 e0       	ldi	r27, 0x04	; 4
  9c:	01 c0       	rjmp	.+2      	; 0xa0 <.do_clear_bss_start>

0000009e <.do_clear_bss_loop>:
  9e:	1d 92       	st	X+, r1

000000a0 <.do_clear_bss_start>:
  a0:	ac 32       	cpi	r26, 0x2C	; 44
  a2:	b2 07       	cpc	r27, r18
  a4:	e1 f7       	brne	.-8      	; 0x9e <.do_clear_bss_loop>
  a6:	0e 94 f1 00 	call	0x1e2	; 0x1e2 <main>
  aa:	0c 94 c9 07 	jmp	0xf92	; 0xf92 <_exit>

000000ae <__bad_interrupt>:
  ae:	0c 94 00 00 	jmp	0	; 0x0 <__vectors>

000000b2 <uart_transmit>:

// transmisja jednego znaku
int uart_transmit(char data, FILE *stream)
{
  // zapisz data do out_buffer jeżeli nie jest przepełniony
  cli();
  b2:	f8 94       	cli
  uint8_t size = out_tail - out_head;
  b4:	90 91 25 06 	lds	r25, 0x0625	; 0x800625 <out_tail>
  b8:	20 91 23 05 	lds	r18, 0x0523	; 0x800523 <out_head>
  while(size == 0xFF){
  bc:	92 1b       	sub	r25, r18
  be:	9f 3f       	cpi	r25, 0xFF	; 255
  c0:	41 f4       	brne	.+16     	; 0xd2 <uart_transmit+0x20>
    sei();
  c2:	78 94       	sei
	#else
		//round up by default
		__ticks_dc = (uint32_t)(ceil(fabs(__tmp)));
	#endif

	__builtin_avr_delay_cycles(__ticks_dc);
  c4:	ef e9       	ldi	r30, 0x9F	; 159
  c6:	ff e0       	ldi	r31, 0x0F	; 15
  c8:	31 97       	sbiw	r30, 0x01	; 1
  ca:	f1 f7       	brne	.-4      	; 0xc8 <uart_transmit+0x16>
  cc:	00 c0       	rjmp	.+0      	; 0xce <uart_transmit+0x1c>
  ce:	00 00       	nop
  d0:	f0 cf       	rjmp	.-32     	; 0xb2 <uart_transmit>
    _delay_ms(1);
    cli();
    size = out_tail - out_head;
  };
  out_buffer[out_tail++] = data;
  d2:	e0 91 25 06 	lds	r30, 0x0625	; 0x800625 <out_tail>
  d6:	91 e0       	ldi	r25, 0x01	; 1
  d8:	9e 0f       	add	r25, r30
  da:	90 93 25 06 	sts	0x0625, r25	; 0x800625 <out_tail>
  de:	f0 e0       	ldi	r31, 0x00	; 0
  e0:	ed 5d       	subi	r30, 0xDD	; 221
  e2:	fb 4f       	sbci	r31, 0xFB	; 251
  e4:	80 83       	st	Z, r24
  sei();
  e6:	78 94       	sei
  return 0;
}
  e8:	80 e0       	ldi	r24, 0x00	; 0
  ea:	90 e0       	ldi	r25, 0x00	; 0
  ec:	08 95       	ret

000000ee <uart_receive>:

// odczyt jednego znaku
int uart_receive(FILE *stream)
{
  // Wyłącz przerwania na czas obliczeń
  cli();
  ee:	f8 94       	cli
  uint8_t size = in_tail - in_head;
  f0:	90 91 14 04 	lds	r25, 0x0414	; 0x800414 <__data_end>
  f4:	80 91 24 06 	lds	r24, 0x0624	; 0x800624 <in_head>
  // czekaj aż znak pojawi się w kolejce
  while(size == 0){
  f8:	98 13       	cpse	r25, r24
  fa:	08 c0       	rjmp	.+16     	; 0x10c <uart_receive+0x1e>
    // Włącz przerwania aby zapełnić bufor
    sei();
  fc:	78 94       	sei
  fe:	8f e9       	ldi	r24, 0x9F	; 159
 100:	9f e0       	ldi	r25, 0x0F	; 15
 102:	01 97       	sbiw	r24, 0x01	; 1
 104:	f1 f7       	brne	.-4      	; 0x102 <uart_receive+0x14>
 106:	00 c0       	rjmp	.+0      	; 0x108 <uart_receive+0x1a>
 108:	00 00       	nop
 10a:	f1 cf       	rjmp	.-30     	; 0xee <uart_receive>
    _delay_ms(1);
    cli();
    // Sprawdź czy pojawił się nowy element
    size = in_tail - in_head;
  };
  sei();
 10c:	78 94       	sei
  return in_buffer[in_head++];
 10e:	e0 91 24 06 	lds	r30, 0x0624	; 0x800624 <in_head>
 112:	81 e0       	ldi	r24, 0x01	; 1
 114:	8e 0f       	add	r24, r30
 116:	80 93 24 06 	sts	0x0624, r24	; 0x800624 <in_head>
 11a:	f0 e0       	ldi	r31, 0x00	; 0
 11c:	ec 5d       	subi	r30, 0xDC	; 220
 11e:	fa 4f       	sbci	r31, 0xFA	; 250
 120:	80 81       	ld	r24, Z
 122:	08 2e       	mov	r0, r24
 124:	00 0c       	add	r0, r0
 126:	99 0b       	sbc	r25, r25
 128:	08 95       	ret

0000012a <uart_init>:

// inicjalizacja UART
void uart_init()
{
  // ustaw baudrate
  UBRR0 = UBRR_VALUE;
 12a:	87 e6       	ldi	r24, 0x67	; 103
 12c:	90 e0       	ldi	r25, 0x00	; 0
 12e:	90 93 c5 00 	sts	0x00C5, r25	; 0x8000c5 <__TEXT_REGION_LENGTH__+0x7f80c5>
 132:	80 93 c4 00 	sts	0x00C4, r24	; 0x8000c4 <__TEXT_REGION_LENGTH__+0x7f80c4>
  // wyczyść rejestr UCSR0A
  UCSR0A = 0;
 136:	10 92 c0 00 	sts	0x00C0, r1	; 0x8000c0 <__TEXT_REGION_LENGTH__+0x7f80c0>
  // włącz odbiornik i nadajnik
  UCSR0B = _BV(RXEN0) | _BV(TXEN0);
 13a:	e1 ec       	ldi	r30, 0xC1	; 193
 13c:	f0 e0       	ldi	r31, 0x00	; 0
 13e:	88 e1       	ldi	r24, 0x18	; 24
 140:	80 83       	st	Z, r24
  // włąc przerwania RX i UDRE
  UCSR0B |= _BV(RXCIE0) | _BV(UDRIE0);
 142:	80 81       	ld	r24, Z
 144:	80 6a       	ori	r24, 0xA0	; 160
 146:	80 83       	st	Z, r24
  // ustaw format 8n1
  UCSR0C = _BV(UCSZ00) | _BV(UCSZ01);
 148:	86 e0       	ldi	r24, 0x06	; 6
 14a:	80 93 c2 00 	sts	0x00C2, r24	; 0x8000c2 <__TEXT_REGION_LENGTH__+0x7f80c2>
 14e:	08 95       	ret

00000150 <__vector_18>:
volatile uint8_t in_tail;
volatile uint8_t out_head;
volatile uint8_t out_tail;

ISR(USART_RX_vect)
{  
 150:	1f 92       	push	r1
 152:	0f 92       	push	r0
 154:	0f b6       	in	r0, 0x3f	; 63
 156:	0f 92       	push	r0
 158:	11 24       	eor	r1, r1
 15a:	8f 93       	push	r24
 15c:	9f 93       	push	r25
 15e:	ef 93       	push	r30
 160:	ff 93       	push	r31
  uint8_t size = in_tail - in_head;
 162:	80 91 14 04 	lds	r24, 0x0414	; 0x800414 <__data_end>
 166:	90 91 24 06 	lds	r25, 0x0624	; 0x800624 <in_head>
  if(size < 0xFF){
 16a:	89 1b       	sub	r24, r25
 16c:	8f 3f       	cpi	r24, 0xFF	; 255
 16e:	61 f0       	breq	.+24     	; 0x188 <__vector_18+0x38>
    in_buffer[in_tail++] = UDR0;
 170:	e0 91 14 04 	lds	r30, 0x0414	; 0x800414 <__data_end>
 174:	81 e0       	ldi	r24, 0x01	; 1
 176:	8e 0f       	add	r24, r30
 178:	80 93 14 04 	sts	0x0414, r24	; 0x800414 <__data_end>
 17c:	80 91 c6 00 	lds	r24, 0x00C6	; 0x8000c6 <__TEXT_REGION_LENGTH__+0x7f80c6>
 180:	f0 e0       	ldi	r31, 0x00	; 0
 182:	ec 5d       	subi	r30, 0xDC	; 220
 184:	fa 4f       	sbci	r31, 0xFA	; 250
 186:	80 83       	st	Z, r24
  }
}
 188:	ff 91       	pop	r31
 18a:	ef 91       	pop	r30
 18c:	9f 91       	pop	r25
 18e:	8f 91       	pop	r24
 190:	0f 90       	pop	r0
 192:	0f be       	out	0x3f, r0	; 63
 194:	0f 90       	pop	r0
 196:	1f 90       	pop	r1
 198:	18 95       	reti

0000019a <__vector_19>:

ISR(USART_UDRE_vect)
{
 19a:	1f 92       	push	r1
 19c:	0f 92       	push	r0
 19e:	0f b6       	in	r0, 0x3f	; 63
 1a0:	0f 92       	push	r0
 1a2:	11 24       	eor	r1, r1
 1a4:	8f 93       	push	r24
 1a6:	9f 93       	push	r25
 1a8:	ef 93       	push	r30
 1aa:	ff 93       	push	r31
  uint8_t size = out_tail - out_head;
 1ac:	90 91 25 06 	lds	r25, 0x0625	; 0x800625 <out_tail>
 1b0:	80 91 23 05 	lds	r24, 0x0523	; 0x800523 <out_head>
  if(size > 0){
 1b4:	98 17       	cp	r25, r24
 1b6:	61 f0       	breq	.+24     	; 0x1d0 <__vector_19+0x36>
    UDR0 = out_buffer[out_head++];
 1b8:	e0 91 23 05 	lds	r30, 0x0523	; 0x800523 <out_head>
 1bc:	81 e0       	ldi	r24, 0x01	; 1
 1be:	8e 0f       	add	r24, r30
 1c0:	80 93 23 05 	sts	0x0523, r24	; 0x800523 <out_head>
 1c4:	f0 e0       	ldi	r31, 0x00	; 0
 1c6:	ed 5d       	subi	r30, 0xDD	; 221
 1c8:	fb 4f       	sbci	r31, 0xFB	; 251
 1ca:	80 81       	ld	r24, Z
 1cc:	80 93 c6 00 	sts	0x00C6, r24	; 0x8000c6 <__TEXT_REGION_LENGTH__+0x7f80c6>
  }
}
 1d0:	ff 91       	pop	r31
 1d2:	ef 91       	pop	r30
 1d4:	9f 91       	pop	r25
 1d6:	8f 91       	pop	r24
 1d8:	0f 90       	pop	r0
 1da:	0f be       	out	0x3f, r0	; 63
 1dc:	0f 90       	pop	r0
 1de:	1f 90       	pop	r1
 1e0:	18 95       	reti

000001e2 <main>:
FILE uart_file;

char * large_sample = "Unwilling sportsmen he in questions september therefore described so. Attacks may set few believe moments was. Reasonably how possession shy way introduced age inquietude. Missed he engage no exeter of. Still tried means we aware order among on. Eldest father can design tastes did joy settle. Roused future he ye an marked. Arose mr rapid in so vexed words. Gay welcome led add lasting chiefly say looking\r\n\n.""Alteration literature to or an sympathize mr imprudence. Of is ferrars subject as enjoyed or tedious cottage. Procuring as in resembled by in agreeable. Next long no gave mr eyes. Admiration advantages no he celebrated so pianoforte unreserved. Not its herself forming charmed amiable. Him why feebly expect future now.\r\n";

int main()
{
 1e2:	cf 93       	push	r28
 1e4:	df 93       	push	r29
 1e6:	cd b7       	in	r28, 0x3d	; 61
 1e8:	de b7       	in	r29, 0x3e	; 62
 1ea:	65 97       	sbiw	r28, 0x15	; 21
 1ec:	0f b6       	in	r0, 0x3f	; 63
 1ee:	f8 94       	cli
 1f0:	de bf       	out	0x3e, r29	; 62
 1f2:	0f be       	out	0x3f, r0	; 63
 1f4:	cd bf       	out	0x3d, r28	; 61

// inicjalizacja UART
void uart_init()
{
  // ustaw baudrate
  UBRR0 = UBRR_VALUE;
 1f6:	87 e6       	ldi	r24, 0x67	; 103
 1f8:	90 e0       	ldi	r25, 0x00	; 0
 1fa:	90 93 c5 00 	sts	0x00C5, r25	; 0x8000c5 <__TEXT_REGION_LENGTH__+0x7f80c5>
 1fe:	80 93 c4 00 	sts	0x00C4, r24	; 0x8000c4 <__TEXT_REGION_LENGTH__+0x7f80c4>
  // wyczyść rejestr UCSR0A
  UCSR0A = 0;
 202:	10 92 c0 00 	sts	0x00C0, r1	; 0x8000c0 <__TEXT_REGION_LENGTH__+0x7f80c0>
  // włącz odbiornik i nadajnik
  UCSR0B = _BV(RXEN0) | _BV(TXEN0);
 206:	88 e1       	ldi	r24, 0x18	; 24
 208:	80 93 c1 00 	sts	0x00C1, r24	; 0x8000c1 <__TEXT_REGION_LENGTH__+0x7f80c1>
  // włąc przerwania RX i UDRE
  UCSR0B |= _BV(RXCIE0) | _BV(UDRIE0);
 20c:	80 91 c1 00 	lds	r24, 0x00C1	; 0x8000c1 <__TEXT_REGION_LENGTH__+0x7f80c1>
 210:	80 6a       	ori	r24, 0xA0	; 160
 212:	80 93 c1 00 	sts	0x00C1, r24	; 0x8000c1 <__TEXT_REGION_LENGTH__+0x7f80c1>
  // ustaw format 8n1
  UCSR0C = _BV(UCSZ00) | _BV(UCSZ01);
 216:	86 e0       	ldi	r24, 0x06	; 6
 218:	80 93 c2 00 	sts	0x00C2, r24	; 0x8000c2 <__TEXT_REGION_LENGTH__+0x7f80c2>
int main()
{
  // zainicjalizuj UART
  uart_init();
  // skonfiguruj strumienie wejścia/wyjścia
  fdev_setup_stream(&uart_file, uart_transmit, uart_receive, _FDEV_SETUP_RW);
 21c:	85 e1       	ldi	r24, 0x15	; 21
 21e:	94 e0       	ldi	r25, 0x04	; 4
 220:	29 e5       	ldi	r18, 0x59	; 89
 222:	30 e0       	ldi	r19, 0x00	; 0
 224:	30 93 1e 04 	sts	0x041E, r19	; 0x80041e <uart_file+0x9>
 228:	20 93 1d 04 	sts	0x041D, r18	; 0x80041d <uart_file+0x8>
 22c:	27 e7       	ldi	r18, 0x77	; 119
 22e:	30 e0       	ldi	r19, 0x00	; 0
 230:	30 93 20 04 	sts	0x0420, r19	; 0x800420 <uart_file+0xb>
 234:	20 93 1f 04 	sts	0x041F, r18	; 0x80041f <uart_file+0xa>
 238:	23 e0       	ldi	r18, 0x03	; 3
 23a:	20 93 18 04 	sts	0x0418, r18	; 0x800418 <uart_file+0x3>
 23e:	10 92 22 04 	sts	0x0422, r1	; 0x800422 <uart_file+0xd>
 242:	10 92 21 04 	sts	0x0421, r1	; 0x800421 <uart_file+0xc>
  stdin = stdout = stderr = &uart_file;
 246:	90 93 2b 06 	sts	0x062B, r25	; 0x80062b <__iob+0x5>
 24a:	80 93 2a 06 	sts	0x062A, r24	; 0x80062a <__iob+0x4>
 24e:	90 93 29 06 	sts	0x0629, r25	; 0x800629 <__iob+0x3>
 252:	80 93 28 06 	sts	0x0628, r24	; 0x800628 <__iob+0x2>
 256:	90 93 27 06 	sts	0x0627, r25	; 0x800627 <__iob+0x1>
 25a:	80 93 26 06 	sts	0x0626, r24	; 0x800626 <__iob>

  printf("Hello World!\r\n");
 25e:	82 e0       	ldi	r24, 0x02	; 2
 260:	91 e0       	ldi	r25, 0x01	; 1
 262:	0e 94 a0 01 	call	0x340	; 0x340 <puts>
 266:	ce 01       	movw	r24, r28
 268:	01 96       	adiw	r24, 0x01	; 1
 26a:	4c 01       	movw	r8, r24
 26c:	44 96       	adiw	r24, 0x14	; 20
 26e:	5c 01       	movw	r10, r24

  while(1){
    char message[20];
    uint8_t number;
    scanf("%s", message);
 270:	80 e1       	ldi	r24, 0x10	; 16
 272:	c8 2e       	mov	r12, r24
 274:	81 e0       	ldi	r24, 0x01	; 1
 276:	d8 2e       	mov	r13, r24
    printf("%s\r\n", message); 
 278:	93 e1       	ldi	r25, 0x13	; 19
 27a:	69 2e       	mov	r6, r25
 27c:	91 e0       	ldi	r25, 0x01	; 1
 27e:	79 2e       	mov	r7, r25

    scanf("%"SCNu8, &number);
 280:	28 e1       	ldi	r18, 0x18	; 24
 282:	42 2e       	mov	r4, r18
 284:	21 e0       	ldi	r18, 0x01	; 1
 286:	52 2e       	mov	r5, r18
    printf("%"PRIu8"\r\n", number);
 288:	3d e1       	ldi	r19, 0x1D	; 29
 28a:	23 2e       	mov	r2, r19
 28c:	31 e0       	ldi	r19, 0x01	; 1
 28e:	33 2e       	mov	r3, r19
    printf("%s", large_sample);

    printf("Start writing:\r\n");
    scanf("\n");
    for(uint16_t i = 0; i < 1000; i++){
      printf("Test");
 290:	42 e3       	ldi	r20, 0x32	; 50
 292:	e4 2e       	mov	r14, r20
 294:	41 e0       	ldi	r20, 0x01	; 1
 296:	f4 2e       	mov	r15, r20
  printf("Hello World!\r\n");

  while(1){
    char message[20];
    uint8_t number;
    scanf("%s", message);
 298:	9f 92       	push	r9
 29a:	8f 92       	push	r8
 29c:	df 92       	push	r13
 29e:	cf 92       	push	r12
 2a0:	0e 94 d0 01 	call	0x3a0	; 0x3a0 <scanf>
    printf("%s\r\n", message); 
 2a4:	9f 92       	push	r9
 2a6:	8f 92       	push	r8
 2a8:	7f 92       	push	r7
 2aa:	6f 92       	push	r6
 2ac:	0e 94 8a 01 	call	0x314	; 0x314 <printf>

    scanf("%"SCNu8, &number);
 2b0:	bf 92       	push	r11
 2b2:	af 92       	push	r10
 2b4:	5f 92       	push	r5
 2b6:	4f 92       	push	r4
 2b8:	0e 94 d0 01 	call	0x3a0	; 0x3a0 <scanf>
    printf("%"PRIu8"\r\n", number);
 2bc:	8d 89       	ldd	r24, Y+21	; 0x15
 2be:	1f 92       	push	r1
 2c0:	8f 93       	push	r24
 2c2:	3f 92       	push	r3
 2c4:	2f 92       	push	r2
 2c6:	0e 94 8a 01 	call	0x314	; 0x314 <printf>

    printf("%s", large_sample);
 2ca:	80 91 01 01 	lds	r24, 0x0101	; 0x800101 <__DATA_REGION_ORIGIN__+0x1>
 2ce:	8f 93       	push	r24
 2d0:	80 91 00 01 	lds	r24, 0x0100	; 0x800100 <__DATA_REGION_ORIGIN__>
 2d4:	8f 93       	push	r24
 2d6:	df 92       	push	r13
 2d8:	cf 92       	push	r12
 2da:	0e 94 8a 01 	call	0x314	; 0x314 <printf>

    printf("Start writing:\r\n");
 2de:	82 e2       	ldi	r24, 0x22	; 34
 2e0:	91 e0       	ldi	r25, 0x01	; 1
 2e2:	0e 94 a0 01 	call	0x340	; 0x340 <puts>
    scanf("\n");
 2e6:	81 e1       	ldi	r24, 0x11	; 17
 2e8:	94 e0       	ldi	r25, 0x04	; 4
 2ea:	9f 93       	push	r25
 2ec:	8f 93       	push	r24
 2ee:	0e 94 d0 01 	call	0x3a0	; 0x3a0 <scanf>
 2f2:	0f b6       	in	r0, 0x3f	; 63
 2f4:	f8 94       	cli
 2f6:	de bf       	out	0x3e, r29	; 62
 2f8:	0f be       	out	0x3f, r0	; 63
 2fa:	cd bf       	out	0x3d, r28	; 61
 2fc:	08 ee       	ldi	r16, 0xE8	; 232
 2fe:	13 e0       	ldi	r17, 0x03	; 3
    for(uint16_t i = 0; i < 1000; i++){
      printf("Test");
 300:	ff 92       	push	r15
 302:	ef 92       	push	r14
 304:	0e 94 8a 01 	call	0x314	; 0x314 <printf>
 308:	01 50       	subi	r16, 0x01	; 1
 30a:	11 09       	sbc	r17, r1

    printf("%s", large_sample);

    printf("Start writing:\r\n");
    scanf("\n");
    for(uint16_t i = 0; i < 1000; i++){
 30c:	0f 90       	pop	r0
 30e:	0f 90       	pop	r0
 310:	b9 f7       	brne	.-18     	; 0x300 <main+0x11e>
 312:	c2 cf       	rjmp	.-124    	; 0x298 <main+0xb6>

00000314 <printf>:
 314:	a0 e0       	ldi	r26, 0x00	; 0
 316:	b0 e0       	ldi	r27, 0x00	; 0
 318:	e0 e9       	ldi	r30, 0x90	; 144
 31a:	f1 e0       	ldi	r31, 0x01	; 1
 31c:	0c 94 a2 07 	jmp	0xf44	; 0xf44 <__prologue_saves__+0x20>
 320:	ae 01       	movw	r20, r28
 322:	4b 5f       	subi	r20, 0xFB	; 251
 324:	5f 4f       	sbci	r21, 0xFF	; 255
 326:	fa 01       	movw	r30, r20
 328:	61 91       	ld	r22, Z+
 32a:	71 91       	ld	r23, Z+
 32c:	af 01       	movw	r20, r30
 32e:	80 91 28 06 	lds	r24, 0x0628	; 0x800628 <__iob+0x2>
 332:	90 91 29 06 	lds	r25, 0x0629	; 0x800629 <__iob+0x3>
 336:	0e 94 e6 01 	call	0x3cc	; 0x3cc <vfprintf>
 33a:	e2 e0       	ldi	r30, 0x02	; 2
 33c:	0c 94 be 07 	jmp	0xf7c	; 0xf7c <__epilogue_restores__+0x20>

00000340 <puts>:
 340:	0f 93       	push	r16
 342:	1f 93       	push	r17
 344:	cf 93       	push	r28
 346:	df 93       	push	r29
 348:	e0 91 28 06 	lds	r30, 0x0628	; 0x800628 <__iob+0x2>
 34c:	f0 91 29 06 	lds	r31, 0x0629	; 0x800629 <__iob+0x3>
 350:	23 81       	ldd	r18, Z+3	; 0x03
 352:	21 ff       	sbrs	r18, 1
 354:	1b c0       	rjmp	.+54     	; 0x38c <puts+0x4c>
 356:	8c 01       	movw	r16, r24
 358:	d0 e0       	ldi	r29, 0x00	; 0
 35a:	c0 e0       	ldi	r28, 0x00	; 0
 35c:	f8 01       	movw	r30, r16
 35e:	81 91       	ld	r24, Z+
 360:	8f 01       	movw	r16, r30
 362:	60 91 28 06 	lds	r22, 0x0628	; 0x800628 <__iob+0x2>
 366:	70 91 29 06 	lds	r23, 0x0629	; 0x800629 <__iob+0x3>
 36a:	db 01       	movw	r26, r22
 36c:	18 96       	adiw	r26, 0x08	; 8
 36e:	ed 91       	ld	r30, X+
 370:	fc 91       	ld	r31, X
 372:	19 97       	sbiw	r26, 0x09	; 9
 374:	88 23       	and	r24, r24
 376:	31 f0       	breq	.+12     	; 0x384 <puts+0x44>
 378:	09 95       	icall
 37a:	89 2b       	or	r24, r25
 37c:	79 f3       	breq	.-34     	; 0x35c <puts+0x1c>
 37e:	df ef       	ldi	r29, 0xFF	; 255
 380:	cf ef       	ldi	r28, 0xFF	; 255
 382:	ec cf       	rjmp	.-40     	; 0x35c <puts+0x1c>
 384:	8a e0       	ldi	r24, 0x0A	; 10
 386:	09 95       	icall
 388:	89 2b       	or	r24, r25
 38a:	19 f0       	breq	.+6      	; 0x392 <puts+0x52>
 38c:	8f ef       	ldi	r24, 0xFF	; 255
 38e:	9f ef       	ldi	r25, 0xFF	; 255
 390:	02 c0       	rjmp	.+4      	; 0x396 <puts+0x56>
 392:	8d 2f       	mov	r24, r29
 394:	9c 2f       	mov	r25, r28
 396:	df 91       	pop	r29
 398:	cf 91       	pop	r28
 39a:	1f 91       	pop	r17
 39c:	0f 91       	pop	r16
 39e:	08 95       	ret

000003a0 <scanf>:
 3a0:	a0 e0       	ldi	r26, 0x00	; 0
 3a2:	b0 e0       	ldi	r27, 0x00	; 0
 3a4:	e6 ed       	ldi	r30, 0xD6	; 214
 3a6:	f1 e0       	ldi	r31, 0x01	; 1
 3a8:	0c 94 a2 07 	jmp	0xf44	; 0xf44 <__prologue_saves__+0x20>
 3ac:	ae 01       	movw	r20, r28
 3ae:	4b 5f       	subi	r20, 0xFB	; 251
 3b0:	5f 4f       	sbci	r21, 0xFF	; 255
 3b2:	fa 01       	movw	r30, r20
 3b4:	61 91       	ld	r22, Z+
 3b6:	71 91       	ld	r23, Z+
 3b8:	af 01       	movw	r20, r30
 3ba:	80 91 26 06 	lds	r24, 0x0626	; 0x800626 <__iob>
 3be:	90 91 27 06 	lds	r25, 0x0627	; 0x800627 <__iob+0x1>
 3c2:	0e 94 63 05 	call	0xac6	; 0xac6 <vfscanf>
 3c6:	e2 e0       	ldi	r30, 0x02	; 2
 3c8:	0c 94 be 07 	jmp	0xf7c	; 0xf7c <__epilogue_restores__+0x20>

000003cc <vfprintf>:
 3cc:	ab e0       	ldi	r26, 0x0B	; 11
 3ce:	b0 e0       	ldi	r27, 0x00	; 0
 3d0:	ec ee       	ldi	r30, 0xEC	; 236
 3d2:	f1 e0       	ldi	r31, 0x01	; 1
 3d4:	0c 94 92 07 	jmp	0xf24	; 0xf24 <__prologue_saves__>
 3d8:	6c 01       	movw	r12, r24
 3da:	7b 01       	movw	r14, r22
 3dc:	8a 01       	movw	r16, r20
 3de:	fc 01       	movw	r30, r24
 3e0:	17 82       	std	Z+7, r1	; 0x07
 3e2:	16 82       	std	Z+6, r1	; 0x06
 3e4:	83 81       	ldd	r24, Z+3	; 0x03
 3e6:	81 ff       	sbrs	r24, 1
 3e8:	cc c1       	rjmp	.+920    	; 0x782 <__EEPROM_REGION_LENGTH__+0x382>
 3ea:	ce 01       	movw	r24, r28
 3ec:	01 96       	adiw	r24, 0x01	; 1
 3ee:	3c 01       	movw	r6, r24
 3f0:	f6 01       	movw	r30, r12
 3f2:	93 81       	ldd	r25, Z+3	; 0x03
 3f4:	f7 01       	movw	r30, r14
 3f6:	93 fd       	sbrc	r25, 3
 3f8:	85 91       	lpm	r24, Z+
 3fa:	93 ff       	sbrs	r25, 3
 3fc:	81 91       	ld	r24, Z+
 3fe:	7f 01       	movw	r14, r30
 400:	88 23       	and	r24, r24
 402:	09 f4       	brne	.+2      	; 0x406 <__EEPROM_REGION_LENGTH__+0x6>
 404:	ba c1       	rjmp	.+884    	; 0x77a <__EEPROM_REGION_LENGTH__+0x37a>
 406:	85 32       	cpi	r24, 0x25	; 37
 408:	39 f4       	brne	.+14     	; 0x418 <__EEPROM_REGION_LENGTH__+0x18>
 40a:	93 fd       	sbrc	r25, 3
 40c:	85 91       	lpm	r24, Z+
 40e:	93 ff       	sbrs	r25, 3
 410:	81 91       	ld	r24, Z+
 412:	7f 01       	movw	r14, r30
 414:	85 32       	cpi	r24, 0x25	; 37
 416:	29 f4       	brne	.+10     	; 0x422 <__EEPROM_REGION_LENGTH__+0x22>
 418:	b6 01       	movw	r22, r12
 41a:	90 e0       	ldi	r25, 0x00	; 0
 41c:	0e 94 dc 06 	call	0xdb8	; 0xdb8 <fputc>
 420:	e7 cf       	rjmp	.-50     	; 0x3f0 <vfprintf+0x24>
 422:	91 2c       	mov	r9, r1
 424:	21 2c       	mov	r2, r1
 426:	31 2c       	mov	r3, r1
 428:	ff e1       	ldi	r31, 0x1F	; 31
 42a:	f3 15       	cp	r31, r3
 42c:	d8 f0       	brcs	.+54     	; 0x464 <__EEPROM_REGION_LENGTH__+0x64>
 42e:	8b 32       	cpi	r24, 0x2B	; 43
 430:	79 f0       	breq	.+30     	; 0x450 <__EEPROM_REGION_LENGTH__+0x50>
 432:	38 f4       	brcc	.+14     	; 0x442 <__EEPROM_REGION_LENGTH__+0x42>
 434:	80 32       	cpi	r24, 0x20	; 32
 436:	79 f0       	breq	.+30     	; 0x456 <__EEPROM_REGION_LENGTH__+0x56>
 438:	83 32       	cpi	r24, 0x23	; 35
 43a:	a1 f4       	brne	.+40     	; 0x464 <__EEPROM_REGION_LENGTH__+0x64>
 43c:	23 2d       	mov	r18, r3
 43e:	20 61       	ori	r18, 0x10	; 16
 440:	1d c0       	rjmp	.+58     	; 0x47c <__EEPROM_REGION_LENGTH__+0x7c>
 442:	8d 32       	cpi	r24, 0x2D	; 45
 444:	61 f0       	breq	.+24     	; 0x45e <__EEPROM_REGION_LENGTH__+0x5e>
 446:	80 33       	cpi	r24, 0x30	; 48
 448:	69 f4       	brne	.+26     	; 0x464 <__EEPROM_REGION_LENGTH__+0x64>
 44a:	23 2d       	mov	r18, r3
 44c:	21 60       	ori	r18, 0x01	; 1
 44e:	16 c0       	rjmp	.+44     	; 0x47c <__EEPROM_REGION_LENGTH__+0x7c>
 450:	83 2d       	mov	r24, r3
 452:	82 60       	ori	r24, 0x02	; 2
 454:	38 2e       	mov	r3, r24
 456:	e3 2d       	mov	r30, r3
 458:	e4 60       	ori	r30, 0x04	; 4
 45a:	3e 2e       	mov	r3, r30
 45c:	2a c0       	rjmp	.+84     	; 0x4b2 <__EEPROM_REGION_LENGTH__+0xb2>
 45e:	f3 2d       	mov	r31, r3
 460:	f8 60       	ori	r31, 0x08	; 8
 462:	1d c0       	rjmp	.+58     	; 0x49e <__EEPROM_REGION_LENGTH__+0x9e>
 464:	37 fc       	sbrc	r3, 7
 466:	2d c0       	rjmp	.+90     	; 0x4c2 <__EEPROM_REGION_LENGTH__+0xc2>
 468:	20 ed       	ldi	r18, 0xD0	; 208
 46a:	28 0f       	add	r18, r24
 46c:	2a 30       	cpi	r18, 0x0A	; 10
 46e:	40 f0       	brcs	.+16     	; 0x480 <__EEPROM_REGION_LENGTH__+0x80>
 470:	8e 32       	cpi	r24, 0x2E	; 46
 472:	b9 f4       	brne	.+46     	; 0x4a2 <__EEPROM_REGION_LENGTH__+0xa2>
 474:	36 fc       	sbrc	r3, 6
 476:	81 c1       	rjmp	.+770    	; 0x77a <__EEPROM_REGION_LENGTH__+0x37a>
 478:	23 2d       	mov	r18, r3
 47a:	20 64       	ori	r18, 0x40	; 64
 47c:	32 2e       	mov	r3, r18
 47e:	19 c0       	rjmp	.+50     	; 0x4b2 <__EEPROM_REGION_LENGTH__+0xb2>
 480:	36 fe       	sbrs	r3, 6
 482:	06 c0       	rjmp	.+12     	; 0x490 <__EEPROM_REGION_LENGTH__+0x90>
 484:	8a e0       	ldi	r24, 0x0A	; 10
 486:	98 9e       	mul	r9, r24
 488:	20 0d       	add	r18, r0
 48a:	11 24       	eor	r1, r1
 48c:	92 2e       	mov	r9, r18
 48e:	11 c0       	rjmp	.+34     	; 0x4b2 <__EEPROM_REGION_LENGTH__+0xb2>
 490:	ea e0       	ldi	r30, 0x0A	; 10
 492:	2e 9e       	mul	r2, r30
 494:	20 0d       	add	r18, r0
 496:	11 24       	eor	r1, r1
 498:	22 2e       	mov	r2, r18
 49a:	f3 2d       	mov	r31, r3
 49c:	f0 62       	ori	r31, 0x20	; 32
 49e:	3f 2e       	mov	r3, r31
 4a0:	08 c0       	rjmp	.+16     	; 0x4b2 <__EEPROM_REGION_LENGTH__+0xb2>
 4a2:	8c 36       	cpi	r24, 0x6C	; 108
 4a4:	21 f4       	brne	.+8      	; 0x4ae <__EEPROM_REGION_LENGTH__+0xae>
 4a6:	83 2d       	mov	r24, r3
 4a8:	80 68       	ori	r24, 0x80	; 128
 4aa:	38 2e       	mov	r3, r24
 4ac:	02 c0       	rjmp	.+4      	; 0x4b2 <__EEPROM_REGION_LENGTH__+0xb2>
 4ae:	88 36       	cpi	r24, 0x68	; 104
 4b0:	41 f4       	brne	.+16     	; 0x4c2 <__EEPROM_REGION_LENGTH__+0xc2>
 4b2:	f7 01       	movw	r30, r14
 4b4:	93 fd       	sbrc	r25, 3
 4b6:	85 91       	lpm	r24, Z+
 4b8:	93 ff       	sbrs	r25, 3
 4ba:	81 91       	ld	r24, Z+
 4bc:	7f 01       	movw	r14, r30
 4be:	81 11       	cpse	r24, r1
 4c0:	b3 cf       	rjmp	.-154    	; 0x428 <__EEPROM_REGION_LENGTH__+0x28>
 4c2:	98 2f       	mov	r25, r24
 4c4:	9f 7d       	andi	r25, 0xDF	; 223
 4c6:	95 54       	subi	r25, 0x45	; 69
 4c8:	93 30       	cpi	r25, 0x03	; 3
 4ca:	28 f4       	brcc	.+10     	; 0x4d6 <__EEPROM_REGION_LENGTH__+0xd6>
 4cc:	0c 5f       	subi	r16, 0xFC	; 252
 4ce:	1f 4f       	sbci	r17, 0xFF	; 255
 4d0:	9f e3       	ldi	r25, 0x3F	; 63
 4d2:	99 83       	std	Y+1, r25	; 0x01
 4d4:	0d c0       	rjmp	.+26     	; 0x4f0 <__EEPROM_REGION_LENGTH__+0xf0>
 4d6:	83 36       	cpi	r24, 0x63	; 99
 4d8:	31 f0       	breq	.+12     	; 0x4e6 <__EEPROM_REGION_LENGTH__+0xe6>
 4da:	83 37       	cpi	r24, 0x73	; 115
 4dc:	71 f0       	breq	.+28     	; 0x4fa <__EEPROM_REGION_LENGTH__+0xfa>
 4de:	83 35       	cpi	r24, 0x53	; 83
 4e0:	09 f0       	breq	.+2      	; 0x4e4 <__EEPROM_REGION_LENGTH__+0xe4>
 4e2:	59 c0       	rjmp	.+178    	; 0x596 <__EEPROM_REGION_LENGTH__+0x196>
 4e4:	21 c0       	rjmp	.+66     	; 0x528 <__EEPROM_REGION_LENGTH__+0x128>
 4e6:	f8 01       	movw	r30, r16
 4e8:	80 81       	ld	r24, Z
 4ea:	89 83       	std	Y+1, r24	; 0x01
 4ec:	0e 5f       	subi	r16, 0xFE	; 254
 4ee:	1f 4f       	sbci	r17, 0xFF	; 255
 4f0:	88 24       	eor	r8, r8
 4f2:	83 94       	inc	r8
 4f4:	91 2c       	mov	r9, r1
 4f6:	53 01       	movw	r10, r6
 4f8:	13 c0       	rjmp	.+38     	; 0x520 <__EEPROM_REGION_LENGTH__+0x120>
 4fa:	28 01       	movw	r4, r16
 4fc:	f2 e0       	ldi	r31, 0x02	; 2
 4fe:	4f 0e       	add	r4, r31
 500:	51 1c       	adc	r5, r1
 502:	f8 01       	movw	r30, r16
 504:	a0 80       	ld	r10, Z
 506:	b1 80       	ldd	r11, Z+1	; 0x01
 508:	36 fe       	sbrs	r3, 6
 50a:	03 c0       	rjmp	.+6      	; 0x512 <__EEPROM_REGION_LENGTH__+0x112>
 50c:	69 2d       	mov	r22, r9
 50e:	70 e0       	ldi	r23, 0x00	; 0
 510:	02 c0       	rjmp	.+4      	; 0x516 <__EEPROM_REGION_LENGTH__+0x116>
 512:	6f ef       	ldi	r22, 0xFF	; 255
 514:	7f ef       	ldi	r23, 0xFF	; 255
 516:	c5 01       	movw	r24, r10
 518:	0e 94 93 06 	call	0xd26	; 0xd26 <strnlen>
 51c:	4c 01       	movw	r8, r24
 51e:	82 01       	movw	r16, r4
 520:	f3 2d       	mov	r31, r3
 522:	ff 77       	andi	r31, 0x7F	; 127
 524:	3f 2e       	mov	r3, r31
 526:	16 c0       	rjmp	.+44     	; 0x554 <__EEPROM_REGION_LENGTH__+0x154>
 528:	28 01       	movw	r4, r16
 52a:	22 e0       	ldi	r18, 0x02	; 2
 52c:	42 0e       	add	r4, r18
 52e:	51 1c       	adc	r5, r1
 530:	f8 01       	movw	r30, r16
 532:	a0 80       	ld	r10, Z
 534:	b1 80       	ldd	r11, Z+1	; 0x01
 536:	36 fe       	sbrs	r3, 6
 538:	03 c0       	rjmp	.+6      	; 0x540 <__EEPROM_REGION_LENGTH__+0x140>
 53a:	69 2d       	mov	r22, r9
 53c:	70 e0       	ldi	r23, 0x00	; 0
 53e:	02 c0       	rjmp	.+4      	; 0x544 <__EEPROM_REGION_LENGTH__+0x144>
 540:	6f ef       	ldi	r22, 0xFF	; 255
 542:	7f ef       	ldi	r23, 0xFF	; 255
 544:	c5 01       	movw	r24, r10
 546:	0e 94 88 06 	call	0xd10	; 0xd10 <strnlen_P>
 54a:	4c 01       	movw	r8, r24
 54c:	f3 2d       	mov	r31, r3
 54e:	f0 68       	ori	r31, 0x80	; 128
 550:	3f 2e       	mov	r3, r31
 552:	82 01       	movw	r16, r4
 554:	33 fc       	sbrc	r3, 3
 556:	1b c0       	rjmp	.+54     	; 0x58e <__EEPROM_REGION_LENGTH__+0x18e>
 558:	82 2d       	mov	r24, r2
 55a:	90 e0       	ldi	r25, 0x00	; 0
 55c:	88 16       	cp	r8, r24
 55e:	99 06       	cpc	r9, r25
 560:	b0 f4       	brcc	.+44     	; 0x58e <__EEPROM_REGION_LENGTH__+0x18e>
 562:	b6 01       	movw	r22, r12
 564:	80 e2       	ldi	r24, 0x20	; 32
 566:	90 e0       	ldi	r25, 0x00	; 0
 568:	0e 94 dc 06 	call	0xdb8	; 0xdb8 <fputc>
 56c:	2a 94       	dec	r2
 56e:	f4 cf       	rjmp	.-24     	; 0x558 <__EEPROM_REGION_LENGTH__+0x158>
 570:	f5 01       	movw	r30, r10
 572:	37 fc       	sbrc	r3, 7
 574:	85 91       	lpm	r24, Z+
 576:	37 fe       	sbrs	r3, 7
 578:	81 91       	ld	r24, Z+
 57a:	5f 01       	movw	r10, r30
 57c:	b6 01       	movw	r22, r12
 57e:	90 e0       	ldi	r25, 0x00	; 0
 580:	0e 94 dc 06 	call	0xdb8	; 0xdb8 <fputc>
 584:	21 10       	cpse	r2, r1
 586:	2a 94       	dec	r2
 588:	21 e0       	ldi	r18, 0x01	; 1
 58a:	82 1a       	sub	r8, r18
 58c:	91 08       	sbc	r9, r1
 58e:	81 14       	cp	r8, r1
 590:	91 04       	cpc	r9, r1
 592:	71 f7       	brne	.-36     	; 0x570 <__EEPROM_REGION_LENGTH__+0x170>
 594:	e8 c0       	rjmp	.+464    	; 0x766 <__EEPROM_REGION_LENGTH__+0x366>
 596:	84 36       	cpi	r24, 0x64	; 100
 598:	11 f0       	breq	.+4      	; 0x59e <__EEPROM_REGION_LENGTH__+0x19e>
 59a:	89 36       	cpi	r24, 0x69	; 105
 59c:	41 f5       	brne	.+80     	; 0x5ee <__EEPROM_REGION_LENGTH__+0x1ee>
 59e:	f8 01       	movw	r30, r16
 5a0:	37 fe       	sbrs	r3, 7
 5a2:	07 c0       	rjmp	.+14     	; 0x5b2 <__EEPROM_REGION_LENGTH__+0x1b2>
 5a4:	60 81       	ld	r22, Z
 5a6:	71 81       	ldd	r23, Z+1	; 0x01
 5a8:	82 81       	ldd	r24, Z+2	; 0x02
 5aa:	93 81       	ldd	r25, Z+3	; 0x03
 5ac:	0c 5f       	subi	r16, 0xFC	; 252
 5ae:	1f 4f       	sbci	r17, 0xFF	; 255
 5b0:	08 c0       	rjmp	.+16     	; 0x5c2 <__EEPROM_REGION_LENGTH__+0x1c2>
 5b2:	60 81       	ld	r22, Z
 5b4:	71 81       	ldd	r23, Z+1	; 0x01
 5b6:	07 2e       	mov	r0, r23
 5b8:	00 0c       	add	r0, r0
 5ba:	88 0b       	sbc	r24, r24
 5bc:	99 0b       	sbc	r25, r25
 5be:	0e 5f       	subi	r16, 0xFE	; 254
 5c0:	1f 4f       	sbci	r17, 0xFF	; 255
 5c2:	f3 2d       	mov	r31, r3
 5c4:	ff 76       	andi	r31, 0x6F	; 111
 5c6:	3f 2e       	mov	r3, r31
 5c8:	97 ff       	sbrs	r25, 7
 5ca:	09 c0       	rjmp	.+18     	; 0x5de <__EEPROM_REGION_LENGTH__+0x1de>
 5cc:	90 95       	com	r25
 5ce:	80 95       	com	r24
 5d0:	70 95       	com	r23
 5d2:	61 95       	neg	r22
 5d4:	7f 4f       	sbci	r23, 0xFF	; 255
 5d6:	8f 4f       	sbci	r24, 0xFF	; 255
 5d8:	9f 4f       	sbci	r25, 0xFF	; 255
 5da:	f0 68       	ori	r31, 0x80	; 128
 5dc:	3f 2e       	mov	r3, r31
 5de:	2a e0       	ldi	r18, 0x0A	; 10
 5e0:	30 e0       	ldi	r19, 0x00	; 0
 5e2:	a3 01       	movw	r20, r6
 5e4:	0e 94 31 07 	call	0xe62	; 0xe62 <__ultoa_invert>
 5e8:	88 2e       	mov	r8, r24
 5ea:	86 18       	sub	r8, r6
 5ec:	45 c0       	rjmp	.+138    	; 0x678 <__EEPROM_REGION_LENGTH__+0x278>
 5ee:	85 37       	cpi	r24, 0x75	; 117
 5f0:	31 f4       	brne	.+12     	; 0x5fe <__EEPROM_REGION_LENGTH__+0x1fe>
 5f2:	23 2d       	mov	r18, r3
 5f4:	2f 7e       	andi	r18, 0xEF	; 239
 5f6:	b2 2e       	mov	r11, r18
 5f8:	2a e0       	ldi	r18, 0x0A	; 10
 5fa:	30 e0       	ldi	r19, 0x00	; 0
 5fc:	25 c0       	rjmp	.+74     	; 0x648 <__EEPROM_REGION_LENGTH__+0x248>
 5fe:	93 2d       	mov	r25, r3
 600:	99 7f       	andi	r25, 0xF9	; 249
 602:	b9 2e       	mov	r11, r25
 604:	8f 36       	cpi	r24, 0x6F	; 111
 606:	c1 f0       	breq	.+48     	; 0x638 <__EEPROM_REGION_LENGTH__+0x238>
 608:	18 f4       	brcc	.+6      	; 0x610 <__EEPROM_REGION_LENGTH__+0x210>
 60a:	88 35       	cpi	r24, 0x58	; 88
 60c:	79 f0       	breq	.+30     	; 0x62c <__EEPROM_REGION_LENGTH__+0x22c>
 60e:	b5 c0       	rjmp	.+362    	; 0x77a <__EEPROM_REGION_LENGTH__+0x37a>
 610:	80 37       	cpi	r24, 0x70	; 112
 612:	19 f0       	breq	.+6      	; 0x61a <__EEPROM_REGION_LENGTH__+0x21a>
 614:	88 37       	cpi	r24, 0x78	; 120
 616:	21 f0       	breq	.+8      	; 0x620 <__EEPROM_REGION_LENGTH__+0x220>
 618:	b0 c0       	rjmp	.+352    	; 0x77a <__EEPROM_REGION_LENGTH__+0x37a>
 61a:	e9 2f       	mov	r30, r25
 61c:	e0 61       	ori	r30, 0x10	; 16
 61e:	be 2e       	mov	r11, r30
 620:	b4 fe       	sbrs	r11, 4
 622:	0d c0       	rjmp	.+26     	; 0x63e <__EEPROM_REGION_LENGTH__+0x23e>
 624:	fb 2d       	mov	r31, r11
 626:	f4 60       	ori	r31, 0x04	; 4
 628:	bf 2e       	mov	r11, r31
 62a:	09 c0       	rjmp	.+18     	; 0x63e <__EEPROM_REGION_LENGTH__+0x23e>
 62c:	34 fe       	sbrs	r3, 4
 62e:	0a c0       	rjmp	.+20     	; 0x644 <__EEPROM_REGION_LENGTH__+0x244>
 630:	29 2f       	mov	r18, r25
 632:	26 60       	ori	r18, 0x06	; 6
 634:	b2 2e       	mov	r11, r18
 636:	06 c0       	rjmp	.+12     	; 0x644 <__EEPROM_REGION_LENGTH__+0x244>
 638:	28 e0       	ldi	r18, 0x08	; 8
 63a:	30 e0       	ldi	r19, 0x00	; 0
 63c:	05 c0       	rjmp	.+10     	; 0x648 <__EEPROM_REGION_LENGTH__+0x248>
 63e:	20 e1       	ldi	r18, 0x10	; 16
 640:	30 e0       	ldi	r19, 0x00	; 0
 642:	02 c0       	rjmp	.+4      	; 0x648 <__EEPROM_REGION_LENGTH__+0x248>
 644:	20 e1       	ldi	r18, 0x10	; 16
 646:	32 e0       	ldi	r19, 0x02	; 2
 648:	f8 01       	movw	r30, r16
 64a:	b7 fe       	sbrs	r11, 7
 64c:	07 c0       	rjmp	.+14     	; 0x65c <__EEPROM_REGION_LENGTH__+0x25c>
 64e:	60 81       	ld	r22, Z
 650:	71 81       	ldd	r23, Z+1	; 0x01
 652:	82 81       	ldd	r24, Z+2	; 0x02
 654:	93 81       	ldd	r25, Z+3	; 0x03
 656:	0c 5f       	subi	r16, 0xFC	; 252
 658:	1f 4f       	sbci	r17, 0xFF	; 255
 65a:	06 c0       	rjmp	.+12     	; 0x668 <__EEPROM_REGION_LENGTH__+0x268>
 65c:	60 81       	ld	r22, Z
 65e:	71 81       	ldd	r23, Z+1	; 0x01
 660:	80 e0       	ldi	r24, 0x00	; 0
 662:	90 e0       	ldi	r25, 0x00	; 0
 664:	0e 5f       	subi	r16, 0xFE	; 254
 666:	1f 4f       	sbci	r17, 0xFF	; 255
 668:	a3 01       	movw	r20, r6
 66a:	0e 94 31 07 	call	0xe62	; 0xe62 <__ultoa_invert>
 66e:	88 2e       	mov	r8, r24
 670:	86 18       	sub	r8, r6
 672:	fb 2d       	mov	r31, r11
 674:	ff 77       	andi	r31, 0x7F	; 127
 676:	3f 2e       	mov	r3, r31
 678:	36 fe       	sbrs	r3, 6
 67a:	0d c0       	rjmp	.+26     	; 0x696 <__EEPROM_REGION_LENGTH__+0x296>
 67c:	23 2d       	mov	r18, r3
 67e:	2e 7f       	andi	r18, 0xFE	; 254
 680:	a2 2e       	mov	r10, r18
 682:	89 14       	cp	r8, r9
 684:	58 f4       	brcc	.+22     	; 0x69c <__EEPROM_REGION_LENGTH__+0x29c>
 686:	34 fe       	sbrs	r3, 4
 688:	0b c0       	rjmp	.+22     	; 0x6a0 <__EEPROM_REGION_LENGTH__+0x2a0>
 68a:	32 fc       	sbrc	r3, 2
 68c:	09 c0       	rjmp	.+18     	; 0x6a0 <__EEPROM_REGION_LENGTH__+0x2a0>
 68e:	83 2d       	mov	r24, r3
 690:	8e 7e       	andi	r24, 0xEE	; 238
 692:	a8 2e       	mov	r10, r24
 694:	05 c0       	rjmp	.+10     	; 0x6a0 <__EEPROM_REGION_LENGTH__+0x2a0>
 696:	b8 2c       	mov	r11, r8
 698:	a3 2c       	mov	r10, r3
 69a:	03 c0       	rjmp	.+6      	; 0x6a2 <__EEPROM_REGION_LENGTH__+0x2a2>
 69c:	b8 2c       	mov	r11, r8
 69e:	01 c0       	rjmp	.+2      	; 0x6a2 <__EEPROM_REGION_LENGTH__+0x2a2>
 6a0:	b9 2c       	mov	r11, r9
 6a2:	a4 fe       	sbrs	r10, 4
 6a4:	0f c0       	rjmp	.+30     	; 0x6c4 <__EEPROM_REGION_LENGTH__+0x2c4>
 6a6:	fe 01       	movw	r30, r28
 6a8:	e8 0d       	add	r30, r8
 6aa:	f1 1d       	adc	r31, r1
 6ac:	80 81       	ld	r24, Z
 6ae:	80 33       	cpi	r24, 0x30	; 48
 6b0:	21 f4       	brne	.+8      	; 0x6ba <__EEPROM_REGION_LENGTH__+0x2ba>
 6b2:	9a 2d       	mov	r25, r10
 6b4:	99 7e       	andi	r25, 0xE9	; 233
 6b6:	a9 2e       	mov	r10, r25
 6b8:	09 c0       	rjmp	.+18     	; 0x6cc <__EEPROM_REGION_LENGTH__+0x2cc>
 6ba:	a2 fe       	sbrs	r10, 2
 6bc:	06 c0       	rjmp	.+12     	; 0x6ca <__EEPROM_REGION_LENGTH__+0x2ca>
 6be:	b3 94       	inc	r11
 6c0:	b3 94       	inc	r11
 6c2:	04 c0       	rjmp	.+8      	; 0x6cc <__EEPROM_REGION_LENGTH__+0x2cc>
 6c4:	8a 2d       	mov	r24, r10
 6c6:	86 78       	andi	r24, 0x86	; 134
 6c8:	09 f0       	breq	.+2      	; 0x6cc <__EEPROM_REGION_LENGTH__+0x2cc>
 6ca:	b3 94       	inc	r11
 6cc:	a3 fc       	sbrc	r10, 3
 6ce:	11 c0       	rjmp	.+34     	; 0x6f2 <__EEPROM_REGION_LENGTH__+0x2f2>
 6d0:	a0 fe       	sbrs	r10, 0
 6d2:	06 c0       	rjmp	.+12     	; 0x6e0 <__EEPROM_REGION_LENGTH__+0x2e0>
 6d4:	b2 14       	cp	r11, r2
 6d6:	88 f4       	brcc	.+34     	; 0x6fa <__EEPROM_REGION_LENGTH__+0x2fa>
 6d8:	28 0c       	add	r2, r8
 6da:	92 2c       	mov	r9, r2
 6dc:	9b 18       	sub	r9, r11
 6de:	0e c0       	rjmp	.+28     	; 0x6fc <__EEPROM_REGION_LENGTH__+0x2fc>
 6e0:	b2 14       	cp	r11, r2
 6e2:	60 f4       	brcc	.+24     	; 0x6fc <__EEPROM_REGION_LENGTH__+0x2fc>
 6e4:	b6 01       	movw	r22, r12
 6e6:	80 e2       	ldi	r24, 0x20	; 32
 6e8:	90 e0       	ldi	r25, 0x00	; 0
 6ea:	0e 94 dc 06 	call	0xdb8	; 0xdb8 <fputc>
 6ee:	b3 94       	inc	r11
 6f0:	f7 cf       	rjmp	.-18     	; 0x6e0 <__EEPROM_REGION_LENGTH__+0x2e0>
 6f2:	b2 14       	cp	r11, r2
 6f4:	18 f4       	brcc	.+6      	; 0x6fc <__EEPROM_REGION_LENGTH__+0x2fc>
 6f6:	2b 18       	sub	r2, r11
 6f8:	02 c0       	rjmp	.+4      	; 0x6fe <__EEPROM_REGION_LENGTH__+0x2fe>
 6fa:	98 2c       	mov	r9, r8
 6fc:	21 2c       	mov	r2, r1
 6fe:	a4 fe       	sbrs	r10, 4
 700:	10 c0       	rjmp	.+32     	; 0x722 <__EEPROM_REGION_LENGTH__+0x322>
 702:	b6 01       	movw	r22, r12
 704:	80 e3       	ldi	r24, 0x30	; 48
 706:	90 e0       	ldi	r25, 0x00	; 0
 708:	0e 94 dc 06 	call	0xdb8	; 0xdb8 <fputc>
 70c:	a2 fe       	sbrs	r10, 2
 70e:	17 c0       	rjmp	.+46     	; 0x73e <__EEPROM_REGION_LENGTH__+0x33e>
 710:	a1 fc       	sbrc	r10, 1
 712:	03 c0       	rjmp	.+6      	; 0x71a <__EEPROM_REGION_LENGTH__+0x31a>
 714:	88 e7       	ldi	r24, 0x78	; 120
 716:	90 e0       	ldi	r25, 0x00	; 0
 718:	02 c0       	rjmp	.+4      	; 0x71e <__EEPROM_REGION_LENGTH__+0x31e>
 71a:	88 e5       	ldi	r24, 0x58	; 88
 71c:	90 e0       	ldi	r25, 0x00	; 0
 71e:	b6 01       	movw	r22, r12
 720:	0c c0       	rjmp	.+24     	; 0x73a <__EEPROM_REGION_LENGTH__+0x33a>
 722:	8a 2d       	mov	r24, r10
 724:	86 78       	andi	r24, 0x86	; 134
 726:	59 f0       	breq	.+22     	; 0x73e <__EEPROM_REGION_LENGTH__+0x33e>
 728:	a1 fe       	sbrs	r10, 1
 72a:	02 c0       	rjmp	.+4      	; 0x730 <__EEPROM_REGION_LENGTH__+0x330>
 72c:	8b e2       	ldi	r24, 0x2B	; 43
 72e:	01 c0       	rjmp	.+2      	; 0x732 <__EEPROM_REGION_LENGTH__+0x332>
 730:	80 e2       	ldi	r24, 0x20	; 32
 732:	a7 fc       	sbrc	r10, 7
 734:	8d e2       	ldi	r24, 0x2D	; 45
 736:	b6 01       	movw	r22, r12
 738:	90 e0       	ldi	r25, 0x00	; 0
 73a:	0e 94 dc 06 	call	0xdb8	; 0xdb8 <fputc>
 73e:	89 14       	cp	r8, r9
 740:	38 f4       	brcc	.+14     	; 0x750 <__EEPROM_REGION_LENGTH__+0x350>
 742:	b6 01       	movw	r22, r12
 744:	80 e3       	ldi	r24, 0x30	; 48
 746:	90 e0       	ldi	r25, 0x00	; 0
 748:	0e 94 dc 06 	call	0xdb8	; 0xdb8 <fputc>
 74c:	9a 94       	dec	r9
 74e:	f7 cf       	rjmp	.-18     	; 0x73e <__EEPROM_REGION_LENGTH__+0x33e>
 750:	8a 94       	dec	r8
 752:	f3 01       	movw	r30, r6
 754:	e8 0d       	add	r30, r8
 756:	f1 1d       	adc	r31, r1
 758:	80 81       	ld	r24, Z
 75a:	b6 01       	movw	r22, r12
 75c:	90 e0       	ldi	r25, 0x00	; 0
 75e:	0e 94 dc 06 	call	0xdb8	; 0xdb8 <fputc>
 762:	81 10       	cpse	r8, r1
 764:	f5 cf       	rjmp	.-22     	; 0x750 <__EEPROM_REGION_LENGTH__+0x350>
 766:	22 20       	and	r2, r2
 768:	09 f4       	brne	.+2      	; 0x76c <__EEPROM_REGION_LENGTH__+0x36c>
 76a:	42 ce       	rjmp	.-892    	; 0x3f0 <vfprintf+0x24>
 76c:	b6 01       	movw	r22, r12
 76e:	80 e2       	ldi	r24, 0x20	; 32
 770:	90 e0       	ldi	r25, 0x00	; 0
 772:	0e 94 dc 06 	call	0xdb8	; 0xdb8 <fputc>
 776:	2a 94       	dec	r2
 778:	f6 cf       	rjmp	.-20     	; 0x766 <__EEPROM_REGION_LENGTH__+0x366>
 77a:	f6 01       	movw	r30, r12
 77c:	86 81       	ldd	r24, Z+6	; 0x06
 77e:	97 81       	ldd	r25, Z+7	; 0x07
 780:	02 c0       	rjmp	.+4      	; 0x786 <__EEPROM_REGION_LENGTH__+0x386>
 782:	8f ef       	ldi	r24, 0xFF	; 255
 784:	9f ef       	ldi	r25, 0xFF	; 255
 786:	2b 96       	adiw	r28, 0x0b	; 11
 788:	e2 e1       	ldi	r30, 0x12	; 18
 78a:	0c 94 ae 07 	jmp	0xf5c	; 0xf5c <__epilogue_restores__>

0000078e <putval>:
 78e:	20 fd       	sbrc	r18, 0
 790:	09 c0       	rjmp	.+18     	; 0x7a4 <putval+0x16>
 792:	fc 01       	movw	r30, r24
 794:	23 fd       	sbrc	r18, 3
 796:	05 c0       	rjmp	.+10     	; 0x7a2 <putval+0x14>
 798:	22 ff       	sbrs	r18, 2
 79a:	02 c0       	rjmp	.+4      	; 0x7a0 <putval+0x12>
 79c:	73 83       	std	Z+3, r23	; 0x03
 79e:	62 83       	std	Z+2, r22	; 0x02
 7a0:	51 83       	std	Z+1, r21	; 0x01
 7a2:	40 83       	st	Z, r20
 7a4:	08 95       	ret

000007a6 <mulacc>:
 7a6:	44 fd       	sbrc	r20, 4
 7a8:	17 c0       	rjmp	.+46     	; 0x7d8 <mulacc+0x32>
 7aa:	46 fd       	sbrc	r20, 6
 7ac:	17 c0       	rjmp	.+46     	; 0x7dc <mulacc+0x36>
 7ae:	ab 01       	movw	r20, r22
 7b0:	bc 01       	movw	r22, r24
 7b2:	da 01       	movw	r26, r20
 7b4:	fb 01       	movw	r30, r22
 7b6:	aa 0f       	add	r26, r26
 7b8:	bb 1f       	adc	r27, r27
 7ba:	ee 1f       	adc	r30, r30
 7bc:	ff 1f       	adc	r31, r31
 7be:	10 94       	com	r1
 7c0:	d1 f7       	brne	.-12     	; 0x7b6 <mulacc+0x10>
 7c2:	4a 0f       	add	r20, r26
 7c4:	5b 1f       	adc	r21, r27
 7c6:	6e 1f       	adc	r22, r30
 7c8:	7f 1f       	adc	r23, r31
 7ca:	cb 01       	movw	r24, r22
 7cc:	ba 01       	movw	r22, r20
 7ce:	66 0f       	add	r22, r22
 7d0:	77 1f       	adc	r23, r23
 7d2:	88 1f       	adc	r24, r24
 7d4:	99 1f       	adc	r25, r25
 7d6:	09 c0       	rjmp	.+18     	; 0x7ea <mulacc+0x44>
 7d8:	33 e0       	ldi	r19, 0x03	; 3
 7da:	01 c0       	rjmp	.+2      	; 0x7de <mulacc+0x38>
 7dc:	34 e0       	ldi	r19, 0x04	; 4
 7de:	66 0f       	add	r22, r22
 7e0:	77 1f       	adc	r23, r23
 7e2:	88 1f       	adc	r24, r24
 7e4:	99 1f       	adc	r25, r25
 7e6:	31 50       	subi	r19, 0x01	; 1
 7e8:	d1 f7       	brne	.-12     	; 0x7de <mulacc+0x38>
 7ea:	62 0f       	add	r22, r18
 7ec:	71 1d       	adc	r23, r1
 7ee:	81 1d       	adc	r24, r1
 7f0:	91 1d       	adc	r25, r1
 7f2:	08 95       	ret

000007f4 <skip_spaces>:
 7f4:	0f 93       	push	r16
 7f6:	1f 93       	push	r17
 7f8:	cf 93       	push	r28
 7fa:	df 93       	push	r29
 7fc:	8c 01       	movw	r16, r24
 7fe:	c8 01       	movw	r24, r16
 800:	0e 94 9e 06 	call	0xd3c	; 0xd3c <fgetc>
 804:	ec 01       	movw	r28, r24
 806:	97 fd       	sbrc	r25, 7
 808:	08 c0       	rjmp	.+16     	; 0x81a <__DATA_REGION_LENGTH__+0x1a>
 80a:	0e 94 74 06 	call	0xce8	; 0xce8 <isspace>
 80e:	89 2b       	or	r24, r25
 810:	b1 f7       	brne	.-20     	; 0x7fe <skip_spaces+0xa>
 812:	b8 01       	movw	r22, r16
 814:	ce 01       	movw	r24, r28
 816:	0e 94 18 07 	call	0xe30	; 0xe30 <ungetc>
 81a:	ce 01       	movw	r24, r28
 81c:	df 91       	pop	r29
 81e:	cf 91       	pop	r28
 820:	1f 91       	pop	r17
 822:	0f 91       	pop	r16
 824:	08 95       	ret

00000826 <conv_int>:
 826:	8f 92       	push	r8
 828:	9f 92       	push	r9
 82a:	af 92       	push	r10
 82c:	bf 92       	push	r11
 82e:	ef 92       	push	r14
 830:	ff 92       	push	r15
 832:	0f 93       	push	r16
 834:	1f 93       	push	r17
 836:	cf 93       	push	r28
 838:	df 93       	push	r29
 83a:	8c 01       	movw	r16, r24
 83c:	d6 2f       	mov	r29, r22
 83e:	7a 01       	movw	r14, r20
 840:	b2 2e       	mov	r11, r18
 842:	0e 94 9e 06 	call	0xd3c	; 0xd3c <fgetc>
 846:	9c 01       	movw	r18, r24
 848:	33 27       	eor	r19, r19
 84a:	2b 32       	cpi	r18, 0x2B	; 43
 84c:	31 05       	cpc	r19, r1
 84e:	31 f0       	breq	.+12     	; 0x85c <conv_int+0x36>
 850:	2d 32       	cpi	r18, 0x2D	; 45
 852:	31 05       	cpc	r19, r1
 854:	61 f4       	brne	.+24     	; 0x86e <conv_int+0x48>
 856:	8b 2d       	mov	r24, r11
 858:	80 68       	ori	r24, 0x80	; 128
 85a:	b8 2e       	mov	r11, r24
 85c:	d1 50       	subi	r29, 0x01	; 1
 85e:	11 f4       	brne	.+4      	; 0x864 <conv_int+0x3e>
 860:	80 e0       	ldi	r24, 0x00	; 0
 862:	68 c0       	rjmp	.+208    	; 0x934 <__stack+0x35>
 864:	c8 01       	movw	r24, r16
 866:	0e 94 9e 06 	call	0xd3c	; 0xd3c <fgetc>
 86a:	97 fd       	sbrc	r25, 7
 86c:	f9 cf       	rjmp	.-14     	; 0x860 <conv_int+0x3a>
 86e:	cb 2d       	mov	r28, r11
 870:	cd 7f       	andi	r28, 0xFD	; 253
 872:	2b 2d       	mov	r18, r11
 874:	20 73       	andi	r18, 0x30	; 48
 876:	09 f5       	brne	.+66     	; 0x8ba <conv_int+0x94>
 878:	80 33       	cpi	r24, 0x30	; 48
 87a:	f9 f4       	brne	.+62     	; 0x8ba <conv_int+0x94>
 87c:	aa 24       	eor	r10, r10
 87e:	aa 94       	dec	r10
 880:	ad 0e       	add	r10, r29
 882:	09 f4       	brne	.+2      	; 0x886 <conv_int+0x60>
 884:	43 c0       	rjmp	.+134    	; 0x90c <__stack+0xd>
 886:	c8 01       	movw	r24, r16
 888:	0e 94 9e 06 	call	0xd3c	; 0xd3c <fgetc>
 88c:	97 fd       	sbrc	r25, 7
 88e:	3e c0       	rjmp	.+124    	; 0x90c <__stack+0xd>
 890:	9c 01       	movw	r18, r24
 892:	2f 7d       	andi	r18, 0xDF	; 223
 894:	33 27       	eor	r19, r19
 896:	28 35       	cpi	r18, 0x58	; 88
 898:	31 05       	cpc	r19, r1
 89a:	49 f4       	brne	.+18     	; 0x8ae <conv_int+0x88>
 89c:	c2 64       	ori	r28, 0x42	; 66
 89e:	d2 50       	subi	r29, 0x02	; 2
 8a0:	a9 f1       	breq	.+106    	; 0x90c <__stack+0xd>
 8a2:	c8 01       	movw	r24, r16
 8a4:	0e 94 9e 06 	call	0xd3c	; 0xd3c <fgetc>
 8a8:	97 ff       	sbrs	r25, 7
 8aa:	07 c0       	rjmp	.+14     	; 0x8ba <conv_int+0x94>
 8ac:	2f c0       	rjmp	.+94     	; 0x90c <__stack+0xd>
 8ae:	b6 fe       	sbrs	r11, 6
 8b0:	02 c0       	rjmp	.+4      	; 0x8b6 <conv_int+0x90>
 8b2:	c2 60       	ori	r28, 0x02	; 2
 8b4:	01 c0       	rjmp	.+2      	; 0x8b8 <conv_int+0x92>
 8b6:	c2 61       	ori	r28, 0x12	; 18
 8b8:	da 2d       	mov	r29, r10
 8ba:	81 2c       	mov	r8, r1
 8bc:	91 2c       	mov	r9, r1
 8be:	54 01       	movw	r10, r8
 8c0:	20 ed       	ldi	r18, 0xD0	; 208
 8c2:	28 0f       	add	r18, r24
 8c4:	28 30       	cpi	r18, 0x08	; 8
 8c6:	80 f0       	brcs	.+32     	; 0x8e8 <conv_int+0xc2>
 8c8:	c4 ff       	sbrs	r28, 4
 8ca:	04 c0       	rjmp	.+8      	; 0x8d4 <conv_int+0xae>
 8cc:	b8 01       	movw	r22, r16
 8ce:	0e 94 18 07 	call	0xe30	; 0xe30 <ungetc>
 8d2:	19 c0       	rjmp	.+50     	; 0x906 <__stack+0x7>
 8d4:	2a 30       	cpi	r18, 0x0A	; 10
 8d6:	40 f0       	brcs	.+16     	; 0x8e8 <conv_int+0xc2>
 8d8:	c6 ff       	sbrs	r28, 6
 8da:	f8 cf       	rjmp	.-16     	; 0x8cc <conv_int+0xa6>
 8dc:	2f 7d       	andi	r18, 0xDF	; 223
 8de:	3f ee       	ldi	r19, 0xEF	; 239
 8e0:	32 0f       	add	r19, r18
 8e2:	36 30       	cpi	r19, 0x06	; 6
 8e4:	98 f7       	brcc	.-26     	; 0x8cc <conv_int+0xa6>
 8e6:	27 50       	subi	r18, 0x07	; 7
 8e8:	4c 2f       	mov	r20, r28
 8ea:	c5 01       	movw	r24, r10
 8ec:	b4 01       	movw	r22, r8
 8ee:	0e 94 d3 03 	call	0x7a6	; 0x7a6 <mulacc>
 8f2:	4b 01       	movw	r8, r22
 8f4:	5c 01       	movw	r10, r24
 8f6:	c2 60       	ori	r28, 0x02	; 2
 8f8:	d1 50       	subi	r29, 0x01	; 1
 8fa:	59 f0       	breq	.+22     	; 0x912 <__stack+0x13>
 8fc:	c8 01       	movw	r24, r16
 8fe:	0e 94 9e 06 	call	0xd3c	; 0xd3c <fgetc>
 902:	97 ff       	sbrs	r25, 7
 904:	dd cf       	rjmp	.-70     	; 0x8c0 <conv_int+0x9a>
 906:	c1 fd       	sbrc	r28, 1
 908:	04 c0       	rjmp	.+8      	; 0x912 <__stack+0x13>
 90a:	aa cf       	rjmp	.-172    	; 0x860 <conv_int+0x3a>
 90c:	81 2c       	mov	r8, r1
 90e:	91 2c       	mov	r9, r1
 910:	54 01       	movw	r10, r8
 912:	c7 ff       	sbrs	r28, 7
 914:	08 c0       	rjmp	.+16     	; 0x926 <__stack+0x27>
 916:	b0 94       	com	r11
 918:	a0 94       	com	r10
 91a:	90 94       	com	r9
 91c:	80 94       	com	r8
 91e:	81 1c       	adc	r8, r1
 920:	91 1c       	adc	r9, r1
 922:	a1 1c       	adc	r10, r1
 924:	b1 1c       	adc	r11, r1
 926:	2c 2f       	mov	r18, r28
 928:	b5 01       	movw	r22, r10
 92a:	a4 01       	movw	r20, r8
 92c:	c7 01       	movw	r24, r14
 92e:	0e 94 c7 03 	call	0x78e	; 0x78e <putval>
 932:	81 e0       	ldi	r24, 0x01	; 1
 934:	df 91       	pop	r29
 936:	cf 91       	pop	r28
 938:	1f 91       	pop	r17
 93a:	0f 91       	pop	r16
 93c:	ff 90       	pop	r15
 93e:	ef 90       	pop	r14
 940:	bf 90       	pop	r11
 942:	af 90       	pop	r10
 944:	9f 90       	pop	r9
 946:	8f 90       	pop	r8
 948:	08 95       	ret

0000094a <conv_brk>:
 94a:	a0 e2       	ldi	r26, 0x20	; 32
 94c:	b0 e0       	ldi	r27, 0x00	; 0
 94e:	eb ea       	ldi	r30, 0xAB	; 171
 950:	f4 e0       	ldi	r31, 0x04	; 4
 952:	0c 94 95 07 	jmp	0xf2a	; 0xf2a <__prologue_saves__+0x6>
 956:	5c 01       	movw	r10, r24
 958:	96 2e       	mov	r9, r22
 95a:	7a 01       	movw	r14, r20
 95c:	f9 01       	movw	r30, r18
 95e:	8e 01       	movw	r16, r28
 960:	0f 5f       	subi	r16, 0xFF	; 255
 962:	1f 4f       	sbci	r17, 0xFF	; 255
 964:	68 01       	movw	r12, r16
 966:	80 e2       	ldi	r24, 0x20	; 32
 968:	d8 01       	movw	r26, r16
 96a:	1d 92       	st	X+, r1
 96c:	8a 95       	dec	r24
 96e:	e9 f7       	brne	.-6      	; 0x96a <conv_brk+0x20>
 970:	d5 01       	movw	r26, r10
 972:	13 96       	adiw	r26, 0x03	; 3
 974:	8c 90       	ld	r8, X
 976:	80 e0       	ldi	r24, 0x00	; 0
 978:	90 e0       	ldi	r25, 0x00	; 0
 97a:	61 2c       	mov	r6, r1
 97c:	71 2c       	mov	r7, r1
 97e:	30 e0       	ldi	r19, 0x00	; 0
 980:	61 e0       	ldi	r22, 0x01	; 1
 982:	70 e0       	ldi	r23, 0x00	; 0
 984:	83 fc       	sbrc	r8, 3
 986:	25 91       	lpm	r18, Z+
 988:	83 fe       	sbrs	r8, 3
 98a:	21 91       	ld	r18, Z+
 98c:	8f 01       	movw	r16, r30
 98e:	52 2e       	mov	r5, r18
 990:	21 11       	cpse	r18, r1
 992:	03 c0       	rjmp	.+6      	; 0x99a <conv_brk+0x50>
 994:	80 e0       	ldi	r24, 0x00	; 0
 996:	90 e0       	ldi	r25, 0x00	; 0
 998:	92 c0       	rjmp	.+292    	; 0xabe <conv_brk+0x174>
 99a:	2e 35       	cpi	r18, 0x5E	; 94
 99c:	11 f4       	brne	.+4      	; 0x9a2 <conv_brk+0x58>
 99e:	00 97       	sbiw	r24, 0x00	; 0
 9a0:	51 f1       	breq	.+84     	; 0x9f6 <conv_brk+0xac>
 9a2:	43 2f       	mov	r20, r19
 9a4:	50 e0       	ldi	r21, 0x00	; 0
 9a6:	48 17       	cp	r20, r24
 9a8:	59 07       	cpc	r21, r25
 9aa:	3c f4       	brge	.+14     	; 0x9ba <conv_brk+0x70>
 9ac:	2d 35       	cpi	r18, 0x5D	; 93
 9ae:	59 f1       	breq	.+86     	; 0xa06 <conv_brk+0xbc>
 9b0:	2d 32       	cpi	r18, 0x2D	; 45
 9b2:	19 f4       	brne	.+6      	; 0x9ba <conv_brk+0x70>
 9b4:	77 20       	and	r7, r7
 9b6:	09 f1       	breq	.+66     	; 0x9fa <conv_brk+0xb0>
 9b8:	03 c0       	rjmp	.+6      	; 0x9c0 <conv_brk+0x76>
 9ba:	77 20       	and	r7, r7
 9bc:	09 f4       	brne	.+2      	; 0x9c0 <conv_brk+0x76>
 9be:	6a c0       	rjmp	.+212    	; 0xa94 <conv_brk+0x14a>
 9c0:	45 2d       	mov	r20, r5
 9c2:	46 95       	lsr	r20
 9c4:	46 95       	lsr	r20
 9c6:	46 95       	lsr	r20
 9c8:	d6 01       	movw	r26, r12
 9ca:	a4 0f       	add	r26, r20
 9cc:	b1 1d       	adc	r27, r1
 9ce:	45 2d       	mov	r20, r5
 9d0:	47 70       	andi	r20, 0x07	; 7
 9d2:	8b 01       	movw	r16, r22
 9d4:	02 c0       	rjmp	.+4      	; 0x9da <conv_brk+0x90>
 9d6:	00 0f       	add	r16, r16
 9d8:	11 1f       	adc	r17, r17
 9da:	4a 95       	dec	r20
 9dc:	e2 f7       	brpl	.-8      	; 0x9d6 <conv_brk+0x8c>
 9de:	a8 01       	movw	r20, r16
 9e0:	5c 91       	ld	r21, X
 9e2:	45 2b       	or	r20, r21
 9e4:	4c 93       	st	X, r20
 9e6:	65 14       	cp	r6, r5
 9e8:	59 f0       	breq	.+22     	; 0xa00 <conv_brk+0xb6>
 9ea:	56 14       	cp	r5, r6
 9ec:	10 f4       	brcc	.+4      	; 0x9f2 <conv_brk+0xa8>
 9ee:	53 94       	inc	r5
 9f0:	e7 cf       	rjmp	.-50     	; 0x9c0 <conv_brk+0x76>
 9f2:	5a 94       	dec	r5
 9f4:	e5 cf       	rjmp	.-54     	; 0x9c0 <conv_brk+0x76>
 9f6:	31 e0       	ldi	r19, 0x01	; 1
 9f8:	04 c0       	rjmp	.+8      	; 0xa02 <conv_brk+0xb8>
 9fa:	77 24       	eor	r7, r7
 9fc:	73 94       	inc	r7
 9fe:	01 c0       	rjmp	.+2      	; 0xa02 <conv_brk+0xb8>
 a00:	71 2c       	mov	r7, r1
 a02:	01 96       	adiw	r24, 0x01	; 1
 a04:	bf cf       	rjmp	.-130    	; 0x984 <conv_brk+0x3a>
 a06:	77 20       	and	r7, r7
 a08:	19 f0       	breq	.+6      	; 0xa10 <conv_brk+0xc6>
 a0a:	8e 81       	ldd	r24, Y+6	; 0x06
 a0c:	80 62       	ori	r24, 0x20	; 32
 a0e:	8e 83       	std	Y+6, r24	; 0x06
 a10:	31 11       	cpse	r19, r1
 a12:	03 c0       	rjmp	.+6      	; 0xa1a <conv_brk+0xd0>
 a14:	88 24       	eor	r8, r8
 a16:	83 94       	inc	r8
 a18:	17 c0       	rjmp	.+46     	; 0xa48 <conv_brk+0xfe>
 a1a:	f6 01       	movw	r30, r12
 a1c:	9e 01       	movw	r18, r28
 a1e:	2f 5d       	subi	r18, 0xDF	; 223
 a20:	3f 4f       	sbci	r19, 0xFF	; 255
 a22:	80 81       	ld	r24, Z
 a24:	80 95       	com	r24
 a26:	81 93       	st	Z+, r24
 a28:	2e 17       	cp	r18, r30
 a2a:	3f 07       	cpc	r19, r31
 a2c:	d1 f7       	brne	.-12     	; 0xa22 <conv_brk+0xd8>
 a2e:	f2 cf       	rjmp	.-28     	; 0xa14 <conv_brk+0xca>
 a30:	e1 14       	cp	r14, r1
 a32:	f1 04       	cpc	r15, r1
 a34:	29 f0       	breq	.+10     	; 0xa40 <conv_brk+0xf6>
 a36:	d7 01       	movw	r26, r14
 a38:	8c 93       	st	X, r24
 a3a:	f7 01       	movw	r30, r14
 a3c:	31 96       	adiw	r30, 0x01	; 1
 a3e:	7f 01       	movw	r14, r30
 a40:	9a 94       	dec	r9
 a42:	81 2c       	mov	r8, r1
 a44:	99 20       	and	r9, r9
 a46:	f9 f0       	breq	.+62     	; 0xa86 <conv_brk+0x13c>
 a48:	c5 01       	movw	r24, r10
 a4a:	0e 94 9e 06 	call	0xd3c	; 0xd3c <fgetc>
 a4e:	97 fd       	sbrc	r25, 7
 a50:	18 c0       	rjmp	.+48     	; 0xa82 <conv_brk+0x138>
 a52:	fc 01       	movw	r30, r24
 a54:	ff 27       	eor	r31, r31
 a56:	23 e0       	ldi	r18, 0x03	; 3
 a58:	f5 95       	asr	r31
 a5a:	e7 95       	ror	r30
 a5c:	2a 95       	dec	r18
 a5e:	e1 f7       	brne	.-8      	; 0xa58 <conv_brk+0x10e>
 a60:	ec 0d       	add	r30, r12
 a62:	fd 1d       	adc	r31, r13
 a64:	20 81       	ld	r18, Z
 a66:	30 e0       	ldi	r19, 0x00	; 0
 a68:	ac 01       	movw	r20, r24
 a6a:	47 70       	andi	r20, 0x07	; 7
 a6c:	55 27       	eor	r21, r21
 a6e:	02 c0       	rjmp	.+4      	; 0xa74 <conv_brk+0x12a>
 a70:	35 95       	asr	r19
 a72:	27 95       	ror	r18
 a74:	4a 95       	dec	r20
 a76:	e2 f7       	brpl	.-8      	; 0xa70 <conv_brk+0x126>
 a78:	20 fd       	sbrc	r18, 0
 a7a:	da cf       	rjmp	.-76     	; 0xa30 <conv_brk+0xe6>
 a7c:	b5 01       	movw	r22, r10
 a7e:	0e 94 18 07 	call	0xe30	; 0xe30 <ungetc>
 a82:	81 10       	cpse	r8, r1
 a84:	87 cf       	rjmp	.-242    	; 0x994 <conv_brk+0x4a>
 a86:	e1 14       	cp	r14, r1
 a88:	f1 04       	cpc	r15, r1
 a8a:	11 f0       	breq	.+4      	; 0xa90 <conv_brk+0x146>
 a8c:	d7 01       	movw	r26, r14
 a8e:	1c 92       	st	X, r1
 a90:	c8 01       	movw	r24, r16
 a92:	15 c0       	rjmp	.+42     	; 0xabe <conv_brk+0x174>
 a94:	42 2f       	mov	r20, r18
 a96:	46 95       	lsr	r20
 a98:	46 95       	lsr	r20
 a9a:	46 95       	lsr	r20
 a9c:	d6 01       	movw	r26, r12
 a9e:	a4 0f       	add	r26, r20
 aa0:	b1 1d       	adc	r27, r1
 aa2:	42 2f       	mov	r20, r18
 aa4:	47 70       	andi	r20, 0x07	; 7
 aa6:	8b 01       	movw	r16, r22
 aa8:	02 c0       	rjmp	.+4      	; 0xaae <conv_brk+0x164>
 aaa:	00 0f       	add	r16, r16
 aac:	11 1f       	adc	r17, r17
 aae:	4a 95       	dec	r20
 ab0:	e2 f7       	brpl	.-8      	; 0xaaa <conv_brk+0x160>
 ab2:	a8 01       	movw	r20, r16
 ab4:	5c 91       	ld	r21, X
 ab6:	45 2b       	or	r20, r21
 ab8:	4c 93       	st	X, r20
 aba:	62 2e       	mov	r6, r18
 abc:	a2 cf       	rjmp	.-188    	; 0xa02 <conv_brk+0xb8>
 abe:	a0 96       	adiw	r28, 0x20	; 32
 ac0:	ef e0       	ldi	r30, 0x0F	; 15
 ac2:	0c 94 b1 07 	jmp	0xf62	; 0xf62 <__epilogue_restores__+0x6>

00000ac6 <vfscanf>:
 ac6:	a0 e0       	ldi	r26, 0x00	; 0
 ac8:	b0 e0       	ldi	r27, 0x00	; 0
 aca:	e9 e6       	ldi	r30, 0x69	; 105
 acc:	f5 e0       	ldi	r31, 0x05	; 5
 ace:	0c 94 95 07 	jmp	0xf2a	; 0xf2a <__prologue_saves__+0x6>
 ad2:	6c 01       	movw	r12, r24
 ad4:	eb 01       	movw	r28, r22
 ad6:	5a 01       	movw	r10, r20
 ad8:	fc 01       	movw	r30, r24
 ada:	17 82       	std	Z+7, r1	; 0x07
 adc:	16 82       	std	Z+6, r1	; 0x06
 ade:	51 2c       	mov	r5, r1
 ae0:	f6 01       	movw	r30, r12
 ae2:	e3 80       	ldd	r14, Z+3	; 0x03
 ae4:	fe 01       	movw	r30, r28
 ae6:	e3 fc       	sbrc	r14, 3
 ae8:	85 91       	lpm	r24, Z+
 aea:	e3 fe       	sbrs	r14, 3
 aec:	81 91       	ld	r24, Z+
 aee:	18 2f       	mov	r17, r24
 af0:	ef 01       	movw	r28, r30
 af2:	88 23       	and	r24, r24
 af4:	09 f4       	brne	.+2      	; 0xaf8 <vfscanf+0x32>
 af6:	ee c0       	rjmp	.+476    	; 0xcd4 <vfscanf+0x20e>
 af8:	90 e0       	ldi	r25, 0x00	; 0
 afa:	0e 94 74 06 	call	0xce8	; 0xce8 <isspace>
 afe:	89 2b       	or	r24, r25
 b00:	21 f0       	breq	.+8      	; 0xb0a <vfscanf+0x44>
 b02:	c6 01       	movw	r24, r12
 b04:	0e 94 fa 03 	call	0x7f4	; 0x7f4 <skip_spaces>
 b08:	eb cf       	rjmp	.-42     	; 0xae0 <vfscanf+0x1a>
 b0a:	15 32       	cpi	r17, 0x25	; 37
 b0c:	41 f4       	brne	.+16     	; 0xb1e <vfscanf+0x58>
 b0e:	fe 01       	movw	r30, r28
 b10:	e3 fc       	sbrc	r14, 3
 b12:	15 91       	lpm	r17, Z+
 b14:	e3 fe       	sbrs	r14, 3
 b16:	11 91       	ld	r17, Z+
 b18:	ef 01       	movw	r28, r30
 b1a:	15 32       	cpi	r17, 0x25	; 37
 b1c:	81 f4       	brne	.+32     	; 0xb3e <vfscanf+0x78>
 b1e:	c6 01       	movw	r24, r12
 b20:	0e 94 9e 06 	call	0xd3c	; 0xd3c <fgetc>
 b24:	97 fd       	sbrc	r25, 7
 b26:	d4 c0       	rjmp	.+424    	; 0xcd0 <vfscanf+0x20a>
 b28:	41 2f       	mov	r20, r17
 b2a:	50 e0       	ldi	r21, 0x00	; 0
 b2c:	9c 01       	movw	r18, r24
 b2e:	33 27       	eor	r19, r19
 b30:	24 17       	cp	r18, r20
 b32:	35 07       	cpc	r19, r21
 b34:	a9 f2       	breq	.-86     	; 0xae0 <vfscanf+0x1a>
 b36:	b6 01       	movw	r22, r12
 b38:	0e 94 18 07 	call	0xe30	; 0xe30 <ungetc>
 b3c:	cb c0       	rjmp	.+406    	; 0xcd4 <vfscanf+0x20e>
 b3e:	1a 32       	cpi	r17, 0x2A	; 42
 b40:	39 f4       	brne	.+14     	; 0xb50 <vfscanf+0x8a>
 b42:	e3 fc       	sbrc	r14, 3
 b44:	15 91       	lpm	r17, Z+
 b46:	e3 fe       	sbrs	r14, 3
 b48:	11 91       	ld	r17, Z+
 b4a:	ef 01       	movw	r28, r30
 b4c:	01 e0       	ldi	r16, 0x01	; 1
 b4e:	01 c0       	rjmp	.+2      	; 0xb52 <vfscanf+0x8c>
 b50:	00 e0       	ldi	r16, 0x00	; 0
 b52:	f1 2c       	mov	r15, r1
 b54:	20 ed       	ldi	r18, 0xD0	; 208
 b56:	21 0f       	add	r18, r17
 b58:	2a 30       	cpi	r18, 0x0A	; 10
 b5a:	80 f4       	brcc	.+32     	; 0xb7c <vfscanf+0xb6>
 b5c:	02 60       	ori	r16, 0x02	; 2
 b5e:	6f 2d       	mov	r22, r15
 b60:	70 e0       	ldi	r23, 0x00	; 0
 b62:	80 e0       	ldi	r24, 0x00	; 0
 b64:	90 e0       	ldi	r25, 0x00	; 0
 b66:	40 e2       	ldi	r20, 0x20	; 32
 b68:	0e 94 d3 03 	call	0x7a6	; 0x7a6 <mulacc>
 b6c:	f6 2e       	mov	r15, r22
 b6e:	fe 01       	movw	r30, r28
 b70:	e3 fc       	sbrc	r14, 3
 b72:	15 91       	lpm	r17, Z+
 b74:	e3 fe       	sbrs	r14, 3
 b76:	11 91       	ld	r17, Z+
 b78:	ef 01       	movw	r28, r30
 b7a:	ec cf       	rjmp	.-40     	; 0xb54 <vfscanf+0x8e>
 b7c:	01 ff       	sbrs	r16, 1
 b7e:	03 c0       	rjmp	.+6      	; 0xb86 <vfscanf+0xc0>
 b80:	f1 10       	cpse	r15, r1
 b82:	03 c0       	rjmp	.+6      	; 0xb8a <vfscanf+0xc4>
 b84:	a7 c0       	rjmp	.+334    	; 0xcd4 <vfscanf+0x20e>
 b86:	ff 24       	eor	r15, r15
 b88:	fa 94       	dec	r15
 b8a:	18 36       	cpi	r17, 0x68	; 104
 b8c:	19 f0       	breq	.+6      	; 0xb94 <vfscanf+0xce>
 b8e:	1c 36       	cpi	r17, 0x6C	; 108
 b90:	51 f0       	breq	.+20     	; 0xba6 <vfscanf+0xe0>
 b92:	10 c0       	rjmp	.+32     	; 0xbb4 <vfscanf+0xee>
 b94:	fe 01       	movw	r30, r28
 b96:	e3 fc       	sbrc	r14, 3
 b98:	15 91       	lpm	r17, Z+
 b9a:	e3 fe       	sbrs	r14, 3
 b9c:	11 91       	ld	r17, Z+
 b9e:	ef 01       	movw	r28, r30
 ba0:	18 36       	cpi	r17, 0x68	; 104
 ba2:	41 f4       	brne	.+16     	; 0xbb4 <vfscanf+0xee>
 ba4:	08 60       	ori	r16, 0x08	; 8
 ba6:	04 60       	ori	r16, 0x04	; 4
 ba8:	fe 01       	movw	r30, r28
 baa:	e3 fc       	sbrc	r14, 3
 bac:	15 91       	lpm	r17, Z+
 bae:	e3 fe       	sbrs	r14, 3
 bb0:	11 91       	ld	r17, Z+
 bb2:	ef 01       	movw	r28, r30
 bb4:	11 23       	and	r17, r17
 bb6:	09 f4       	brne	.+2      	; 0xbba <vfscanf+0xf4>
 bb8:	8d c0       	rjmp	.+282    	; 0xcd4 <vfscanf+0x20e>
 bba:	61 2f       	mov	r22, r17
 bbc:	70 e0       	ldi	r23, 0x00	; 0
 bbe:	88 e6       	ldi	r24, 0x68	; 104
 bc0:	90 e0       	ldi	r25, 0x00	; 0
 bc2:	0e 94 7d 06 	call	0xcfa	; 0xcfa <strchr_P>
 bc6:	89 2b       	or	r24, r25
 bc8:	09 f4       	brne	.+2      	; 0xbcc <vfscanf+0x106>
 bca:	84 c0       	rjmp	.+264    	; 0xcd4 <vfscanf+0x20e>
 bcc:	00 fd       	sbrc	r16, 0
 bce:	07 c0       	rjmp	.+14     	; 0xbde <vfscanf+0x118>
 bd0:	f5 01       	movw	r30, r10
 bd2:	80 80       	ld	r8, Z
 bd4:	91 80       	ldd	r9, Z+1	; 0x01
 bd6:	c5 01       	movw	r24, r10
 bd8:	02 96       	adiw	r24, 0x02	; 2
 bda:	5c 01       	movw	r10, r24
 bdc:	02 c0       	rjmp	.+4      	; 0xbe2 <vfscanf+0x11c>
 bde:	81 2c       	mov	r8, r1
 be0:	91 2c       	mov	r9, r1
 be2:	1e 36       	cpi	r17, 0x6E	; 110
 be4:	51 f4       	brne	.+20     	; 0xbfa <vfscanf+0x134>
 be6:	f6 01       	movw	r30, r12
 be8:	46 81       	ldd	r20, Z+6	; 0x06
 bea:	57 81       	ldd	r21, Z+7	; 0x07
 bec:	60 e0       	ldi	r22, 0x00	; 0
 bee:	70 e0       	ldi	r23, 0x00	; 0
 bf0:	20 2f       	mov	r18, r16
 bf2:	c4 01       	movw	r24, r8
 bf4:	0e 94 c7 03 	call	0x78e	; 0x78e <putval>
 bf8:	73 cf       	rjmp	.-282    	; 0xae0 <vfscanf+0x1a>
 bfa:	13 36       	cpi	r17, 0x63	; 99
 bfc:	a9 f4       	brne	.+42     	; 0xc28 <vfscanf+0x162>
 bfe:	01 fd       	sbrc	r16, 1
 c00:	02 c0       	rjmp	.+4      	; 0xc06 <vfscanf+0x140>
 c02:	ff 24       	eor	r15, r15
 c04:	f3 94       	inc	r15
 c06:	c6 01       	movw	r24, r12
 c08:	0e 94 9e 06 	call	0xd3c	; 0xd3c <fgetc>
 c0c:	97 fd       	sbrc	r25, 7
 c0e:	60 c0       	rjmp	.+192    	; 0xcd0 <vfscanf+0x20a>
 c10:	81 14       	cp	r8, r1
 c12:	91 04       	cpc	r9, r1
 c14:	29 f0       	breq	.+10     	; 0xc20 <vfscanf+0x15a>
 c16:	f4 01       	movw	r30, r8
 c18:	80 83       	st	Z, r24
 c1a:	c4 01       	movw	r24, r8
 c1c:	01 96       	adiw	r24, 0x01	; 1
 c1e:	4c 01       	movw	r8, r24
 c20:	fa 94       	dec	r15
 c22:	f1 10       	cpse	r15, r1
 c24:	f0 cf       	rjmp	.-32     	; 0xc06 <vfscanf+0x140>
 c26:	50 c0       	rjmp	.+160    	; 0xcc8 <vfscanf+0x202>
 c28:	1b 35       	cpi	r17, 0x5B	; 91
 c2a:	59 f4       	brne	.+22     	; 0xc42 <vfscanf+0x17c>
 c2c:	9e 01       	movw	r18, r28
 c2e:	a4 01       	movw	r20, r8
 c30:	6f 2d       	mov	r22, r15
 c32:	c6 01       	movw	r24, r12
 c34:	0e 94 a5 04 	call	0x94a	; 0x94a <conv_brk>
 c38:	ec 01       	movw	r28, r24
 c3a:	89 2b       	or	r24, r25
 c3c:	09 f0       	breq	.+2      	; 0xc40 <vfscanf+0x17a>
 c3e:	44 c0       	rjmp	.+136    	; 0xcc8 <vfscanf+0x202>
 c40:	3e c0       	rjmp	.+124    	; 0xcbe <vfscanf+0x1f8>
 c42:	c6 01       	movw	r24, r12
 c44:	0e 94 fa 03 	call	0x7f4	; 0x7f4 <skip_spaces>
 c48:	97 fd       	sbrc	r25, 7
 c4a:	42 c0       	rjmp	.+132    	; 0xcd0 <vfscanf+0x20a>
 c4c:	1f 36       	cpi	r17, 0x6F	; 111
 c4e:	61 f1       	breq	.+88     	; 0xca8 <vfscanf+0x1e2>
 c50:	28 f4       	brcc	.+10     	; 0xc5c <vfscanf+0x196>
 c52:	14 36       	cpi	r17, 0x64	; 100
 c54:	39 f1       	breq	.+78     	; 0xca4 <vfscanf+0x1de>
 c56:	19 36       	cpi	r17, 0x69	; 105
 c58:	51 f1       	breq	.+84     	; 0xcae <vfscanf+0x1e8>
 c5a:	28 c0       	rjmp	.+80     	; 0xcac <vfscanf+0x1e6>
 c5c:	13 37       	cpi	r17, 0x73	; 115
 c5e:	71 f0       	breq	.+28     	; 0xc7c <vfscanf+0x1b6>
 c60:	15 37       	cpi	r17, 0x75	; 117
 c62:	01 f1       	breq	.+64     	; 0xca4 <vfscanf+0x1de>
 c64:	23 c0       	rjmp	.+70     	; 0xcac <vfscanf+0x1e6>
 c66:	81 14       	cp	r8, r1
 c68:	91 04       	cpc	r9, r1
 c6a:	29 f0       	breq	.+10     	; 0xc76 <vfscanf+0x1b0>
 c6c:	f4 01       	movw	r30, r8
 c6e:	60 82       	st	Z, r6
 c70:	c4 01       	movw	r24, r8
 c72:	01 96       	adiw	r24, 0x01	; 1
 c74:	4c 01       	movw	r8, r24
 c76:	fa 94       	dec	r15
 c78:	ff 20       	and	r15, r15
 c7a:	71 f0       	breq	.+28     	; 0xc98 <vfscanf+0x1d2>
 c7c:	c6 01       	movw	r24, r12
 c7e:	0e 94 9e 06 	call	0xd3c	; 0xd3c <fgetc>
 c82:	3c 01       	movw	r6, r24
 c84:	97 fd       	sbrc	r25, 7
 c86:	08 c0       	rjmp	.+16     	; 0xc98 <vfscanf+0x1d2>
 c88:	0e 94 74 06 	call	0xce8	; 0xce8 <isspace>
 c8c:	89 2b       	or	r24, r25
 c8e:	59 f3       	breq	.-42     	; 0xc66 <vfscanf+0x1a0>
 c90:	b6 01       	movw	r22, r12
 c92:	c3 01       	movw	r24, r6
 c94:	0e 94 18 07 	call	0xe30	; 0xe30 <ungetc>
 c98:	81 14       	cp	r8, r1
 c9a:	91 04       	cpc	r9, r1
 c9c:	a9 f0       	breq	.+42     	; 0xcc8 <vfscanf+0x202>
 c9e:	f4 01       	movw	r30, r8
 ca0:	10 82       	st	Z, r1
 ca2:	12 c0       	rjmp	.+36     	; 0xcc8 <vfscanf+0x202>
 ca4:	00 62       	ori	r16, 0x20	; 32
 ca6:	03 c0       	rjmp	.+6      	; 0xcae <vfscanf+0x1e8>
 ca8:	00 61       	ori	r16, 0x10	; 16
 caa:	01 c0       	rjmp	.+2      	; 0xcae <vfscanf+0x1e8>
 cac:	00 64       	ori	r16, 0x40	; 64
 cae:	20 2f       	mov	r18, r16
 cb0:	a4 01       	movw	r20, r8
 cb2:	6f 2d       	mov	r22, r15
 cb4:	c6 01       	movw	r24, r12
 cb6:	0e 94 13 04 	call	0x826	; 0x826 <conv_int>
 cba:	81 11       	cpse	r24, r1
 cbc:	05 c0       	rjmp	.+10     	; 0xcc8 <vfscanf+0x202>
 cbe:	f6 01       	movw	r30, r12
 cc0:	83 81       	ldd	r24, Z+3	; 0x03
 cc2:	80 73       	andi	r24, 0x30	; 48
 cc4:	29 f4       	brne	.+10     	; 0xcd0 <vfscanf+0x20a>
 cc6:	06 c0       	rjmp	.+12     	; 0xcd4 <vfscanf+0x20e>
 cc8:	00 fd       	sbrc	r16, 0
 cca:	0a cf       	rjmp	.-492    	; 0xae0 <vfscanf+0x1a>
 ccc:	53 94       	inc	r5
 cce:	08 cf       	rjmp	.-496    	; 0xae0 <vfscanf+0x1a>
 cd0:	55 20       	and	r5, r5
 cd2:	19 f0       	breq	.+6      	; 0xcda <vfscanf+0x214>
 cd4:	85 2d       	mov	r24, r5
 cd6:	90 e0       	ldi	r25, 0x00	; 0
 cd8:	02 c0       	rjmp	.+4      	; 0xcde <vfscanf+0x218>
 cda:	8f ef       	ldi	r24, 0xFF	; 255
 cdc:	9f ef       	ldi	r25, 0xFF	; 255
 cde:	cd b7       	in	r28, 0x3d	; 61
 ce0:	de b7       	in	r29, 0x3e	; 62
 ce2:	ef e0       	ldi	r30, 0x0F	; 15
 ce4:	0c 94 b1 07 	jmp	0xf62	; 0xf62 <__epilogue_restores__+0x6>

00000ce8 <isspace>:
 ce8:	91 11       	cpse	r25, r1
 cea:	0c 94 8f 07 	jmp	0xf1e	; 0xf1e <__ctype_isfalse>
 cee:	80 32       	cpi	r24, 0x20	; 32
 cf0:	19 f0       	breq	.+6      	; 0xcf8 <isspace+0x10>
 cf2:	89 50       	subi	r24, 0x09	; 9
 cf4:	85 50       	subi	r24, 0x05	; 5
 cf6:	c8 f7       	brcc	.-14     	; 0xcea <isspace+0x2>
 cf8:	08 95       	ret

00000cfa <strchr_P>:
 cfa:	fc 01       	movw	r30, r24
 cfc:	05 90       	lpm	r0, Z+
 cfe:	06 16       	cp	r0, r22
 d00:	21 f0       	breq	.+8      	; 0xd0a <strchr_P+0x10>
 d02:	00 20       	and	r0, r0
 d04:	d9 f7       	brne	.-10     	; 0xcfc <strchr_P+0x2>
 d06:	c0 01       	movw	r24, r0
 d08:	08 95       	ret
 d0a:	31 97       	sbiw	r30, 0x01	; 1
 d0c:	cf 01       	movw	r24, r30
 d0e:	08 95       	ret

00000d10 <strnlen_P>:
 d10:	fc 01       	movw	r30, r24
 d12:	05 90       	lpm	r0, Z+
 d14:	61 50       	subi	r22, 0x01	; 1
 d16:	70 40       	sbci	r23, 0x00	; 0
 d18:	01 10       	cpse	r0, r1
 d1a:	d8 f7       	brcc	.-10     	; 0xd12 <strnlen_P+0x2>
 d1c:	80 95       	com	r24
 d1e:	90 95       	com	r25
 d20:	8e 0f       	add	r24, r30
 d22:	9f 1f       	adc	r25, r31
 d24:	08 95       	ret

00000d26 <strnlen>:
 d26:	fc 01       	movw	r30, r24
 d28:	61 50       	subi	r22, 0x01	; 1
 d2a:	70 40       	sbci	r23, 0x00	; 0
 d2c:	01 90       	ld	r0, Z+
 d2e:	01 10       	cpse	r0, r1
 d30:	d8 f7       	brcc	.-10     	; 0xd28 <strnlen+0x2>
 d32:	80 95       	com	r24
 d34:	90 95       	com	r25
 d36:	8e 0f       	add	r24, r30
 d38:	9f 1f       	adc	r25, r31
 d3a:	08 95       	ret

00000d3c <fgetc>:
 d3c:	cf 93       	push	r28
 d3e:	df 93       	push	r29
 d40:	ec 01       	movw	r28, r24
 d42:	2b 81       	ldd	r18, Y+3	; 0x03
 d44:	20 ff       	sbrs	r18, 0
 d46:	33 c0       	rjmp	.+102    	; 0xdae <fgetc+0x72>
 d48:	26 ff       	sbrs	r18, 6
 d4a:	0a c0       	rjmp	.+20     	; 0xd60 <fgetc+0x24>
 d4c:	2f 7b       	andi	r18, 0xBF	; 191
 d4e:	2b 83       	std	Y+3, r18	; 0x03
 d50:	8e 81       	ldd	r24, Y+6	; 0x06
 d52:	9f 81       	ldd	r25, Y+7	; 0x07
 d54:	01 96       	adiw	r24, 0x01	; 1
 d56:	9f 83       	std	Y+7, r25	; 0x07
 d58:	8e 83       	std	Y+6, r24	; 0x06
 d5a:	8a 81       	ldd	r24, Y+2	; 0x02
 d5c:	90 e0       	ldi	r25, 0x00	; 0
 d5e:	29 c0       	rjmp	.+82     	; 0xdb2 <fgetc+0x76>
 d60:	22 ff       	sbrs	r18, 2
 d62:	0f c0       	rjmp	.+30     	; 0xd82 <fgetc+0x46>
 d64:	e8 81       	ld	r30, Y
 d66:	f9 81       	ldd	r31, Y+1	; 0x01
 d68:	80 81       	ld	r24, Z
 d6a:	08 2e       	mov	r0, r24
 d6c:	00 0c       	add	r0, r0
 d6e:	99 0b       	sbc	r25, r25
 d70:	00 97       	sbiw	r24, 0x00	; 0
 d72:	19 f4       	brne	.+6      	; 0xd7a <fgetc+0x3e>
 d74:	20 62       	ori	r18, 0x20	; 32
 d76:	2b 83       	std	Y+3, r18	; 0x03
 d78:	1a c0       	rjmp	.+52     	; 0xdae <fgetc+0x72>
 d7a:	31 96       	adiw	r30, 0x01	; 1
 d7c:	f9 83       	std	Y+1, r31	; 0x01
 d7e:	e8 83       	st	Y, r30
 d80:	0e c0       	rjmp	.+28     	; 0xd9e <fgetc+0x62>
 d82:	ea 85       	ldd	r30, Y+10	; 0x0a
 d84:	fb 85       	ldd	r31, Y+11	; 0x0b
 d86:	09 95       	icall
 d88:	97 ff       	sbrs	r25, 7
 d8a:	09 c0       	rjmp	.+18     	; 0xd9e <fgetc+0x62>
 d8c:	2b 81       	ldd	r18, Y+3	; 0x03
 d8e:	01 96       	adiw	r24, 0x01	; 1
 d90:	11 f0       	breq	.+4      	; 0xd96 <fgetc+0x5a>
 d92:	80 e2       	ldi	r24, 0x20	; 32
 d94:	01 c0       	rjmp	.+2      	; 0xd98 <fgetc+0x5c>
 d96:	80 e1       	ldi	r24, 0x10	; 16
 d98:	82 2b       	or	r24, r18
 d9a:	8b 83       	std	Y+3, r24	; 0x03
 d9c:	08 c0       	rjmp	.+16     	; 0xdae <fgetc+0x72>
 d9e:	2e 81       	ldd	r18, Y+6	; 0x06
 da0:	3f 81       	ldd	r19, Y+7	; 0x07
 da2:	2f 5f       	subi	r18, 0xFF	; 255
 da4:	3f 4f       	sbci	r19, 0xFF	; 255
 da6:	3f 83       	std	Y+7, r19	; 0x07
 da8:	2e 83       	std	Y+6, r18	; 0x06
 daa:	99 27       	eor	r25, r25
 dac:	02 c0       	rjmp	.+4      	; 0xdb2 <fgetc+0x76>
 dae:	8f ef       	ldi	r24, 0xFF	; 255
 db0:	9f ef       	ldi	r25, 0xFF	; 255
 db2:	df 91       	pop	r29
 db4:	cf 91       	pop	r28
 db6:	08 95       	ret

00000db8 <fputc>:
 db8:	0f 93       	push	r16
 dba:	1f 93       	push	r17
 dbc:	cf 93       	push	r28
 dbe:	df 93       	push	r29
 dc0:	fb 01       	movw	r30, r22
 dc2:	23 81       	ldd	r18, Z+3	; 0x03
 dc4:	21 fd       	sbrc	r18, 1
 dc6:	03 c0       	rjmp	.+6      	; 0xdce <fputc+0x16>
 dc8:	8f ef       	ldi	r24, 0xFF	; 255
 dca:	9f ef       	ldi	r25, 0xFF	; 255
 dcc:	2c c0       	rjmp	.+88     	; 0xe26 <fputc+0x6e>
 dce:	22 ff       	sbrs	r18, 2
 dd0:	16 c0       	rjmp	.+44     	; 0xdfe <fputc+0x46>
 dd2:	46 81       	ldd	r20, Z+6	; 0x06
 dd4:	57 81       	ldd	r21, Z+7	; 0x07
 dd6:	24 81       	ldd	r18, Z+4	; 0x04
 dd8:	35 81       	ldd	r19, Z+5	; 0x05
 dda:	42 17       	cp	r20, r18
 ddc:	53 07       	cpc	r21, r19
 dde:	44 f4       	brge	.+16     	; 0xdf0 <fputc+0x38>
 de0:	a0 81       	ld	r26, Z
 de2:	b1 81       	ldd	r27, Z+1	; 0x01
 de4:	9d 01       	movw	r18, r26
 de6:	2f 5f       	subi	r18, 0xFF	; 255
 de8:	3f 4f       	sbci	r19, 0xFF	; 255
 dea:	31 83       	std	Z+1, r19	; 0x01
 dec:	20 83       	st	Z, r18
 dee:	8c 93       	st	X, r24
 df0:	26 81       	ldd	r18, Z+6	; 0x06
 df2:	37 81       	ldd	r19, Z+7	; 0x07
 df4:	2f 5f       	subi	r18, 0xFF	; 255
 df6:	3f 4f       	sbci	r19, 0xFF	; 255
 df8:	37 83       	std	Z+7, r19	; 0x07
 dfa:	26 83       	std	Z+6, r18	; 0x06
 dfc:	14 c0       	rjmp	.+40     	; 0xe26 <fputc+0x6e>
 dfe:	8b 01       	movw	r16, r22
 e00:	ec 01       	movw	r28, r24
 e02:	fb 01       	movw	r30, r22
 e04:	00 84       	ldd	r0, Z+8	; 0x08
 e06:	f1 85       	ldd	r31, Z+9	; 0x09
 e08:	e0 2d       	mov	r30, r0
 e0a:	09 95       	icall
 e0c:	89 2b       	or	r24, r25
 e0e:	e1 f6       	brne	.-72     	; 0xdc8 <fputc+0x10>
 e10:	d8 01       	movw	r26, r16
 e12:	16 96       	adiw	r26, 0x06	; 6
 e14:	8d 91       	ld	r24, X+
 e16:	9c 91       	ld	r25, X
 e18:	17 97       	sbiw	r26, 0x07	; 7
 e1a:	01 96       	adiw	r24, 0x01	; 1
 e1c:	17 96       	adiw	r26, 0x07	; 7
 e1e:	9c 93       	st	X, r25
 e20:	8e 93       	st	-X, r24
 e22:	16 97       	sbiw	r26, 0x06	; 6
 e24:	ce 01       	movw	r24, r28
 e26:	df 91       	pop	r29
 e28:	cf 91       	pop	r28
 e2a:	1f 91       	pop	r17
 e2c:	0f 91       	pop	r16
 e2e:	08 95       	ret

00000e30 <ungetc>:
 e30:	fb 01       	movw	r30, r22
 e32:	23 81       	ldd	r18, Z+3	; 0x03
 e34:	20 ff       	sbrs	r18, 0
 e36:	12 c0       	rjmp	.+36     	; 0xe5c <ungetc+0x2c>
 e38:	26 fd       	sbrc	r18, 6
 e3a:	10 c0       	rjmp	.+32     	; 0xe5c <ungetc+0x2c>
 e3c:	8f 3f       	cpi	r24, 0xFF	; 255
 e3e:	3f ef       	ldi	r19, 0xFF	; 255
 e40:	93 07       	cpc	r25, r19
 e42:	61 f0       	breq	.+24     	; 0xe5c <ungetc+0x2c>
 e44:	82 83       	std	Z+2, r24	; 0x02
 e46:	2f 7d       	andi	r18, 0xDF	; 223
 e48:	20 64       	ori	r18, 0x40	; 64
 e4a:	23 83       	std	Z+3, r18	; 0x03
 e4c:	26 81       	ldd	r18, Z+6	; 0x06
 e4e:	37 81       	ldd	r19, Z+7	; 0x07
 e50:	21 50       	subi	r18, 0x01	; 1
 e52:	31 09       	sbc	r19, r1
 e54:	37 83       	std	Z+7, r19	; 0x07
 e56:	26 83       	std	Z+6, r18	; 0x06
 e58:	99 27       	eor	r25, r25
 e5a:	08 95       	ret
 e5c:	8f ef       	ldi	r24, 0xFF	; 255
 e5e:	9f ef       	ldi	r25, 0xFF	; 255
 e60:	08 95       	ret

00000e62 <__ultoa_invert>:
 e62:	fa 01       	movw	r30, r20
 e64:	aa 27       	eor	r26, r26
 e66:	28 30       	cpi	r18, 0x08	; 8
 e68:	51 f1       	breq	.+84     	; 0xebe <__ultoa_invert+0x5c>
 e6a:	20 31       	cpi	r18, 0x10	; 16
 e6c:	81 f1       	breq	.+96     	; 0xece <__ultoa_invert+0x6c>
 e6e:	e8 94       	clt
 e70:	6f 93       	push	r22
 e72:	6e 7f       	andi	r22, 0xFE	; 254
 e74:	6e 5f       	subi	r22, 0xFE	; 254
 e76:	7f 4f       	sbci	r23, 0xFF	; 255
 e78:	8f 4f       	sbci	r24, 0xFF	; 255
 e7a:	9f 4f       	sbci	r25, 0xFF	; 255
 e7c:	af 4f       	sbci	r26, 0xFF	; 255
 e7e:	b1 e0       	ldi	r27, 0x01	; 1
 e80:	3e d0       	rcall	.+124    	; 0xefe <__ultoa_invert+0x9c>
 e82:	b4 e0       	ldi	r27, 0x04	; 4
 e84:	3c d0       	rcall	.+120    	; 0xefe <__ultoa_invert+0x9c>
 e86:	67 0f       	add	r22, r23
 e88:	78 1f       	adc	r23, r24
 e8a:	89 1f       	adc	r24, r25
 e8c:	9a 1f       	adc	r25, r26
 e8e:	a1 1d       	adc	r26, r1
 e90:	68 0f       	add	r22, r24
 e92:	79 1f       	adc	r23, r25
 e94:	8a 1f       	adc	r24, r26
 e96:	91 1d       	adc	r25, r1
 e98:	a1 1d       	adc	r26, r1
 e9a:	6a 0f       	add	r22, r26
 e9c:	71 1d       	adc	r23, r1
 e9e:	81 1d       	adc	r24, r1
 ea0:	91 1d       	adc	r25, r1
 ea2:	a1 1d       	adc	r26, r1
 ea4:	20 d0       	rcall	.+64     	; 0xee6 <__ultoa_invert+0x84>
 ea6:	09 f4       	brne	.+2      	; 0xeaa <__ultoa_invert+0x48>
 ea8:	68 94       	set
 eaa:	3f 91       	pop	r19
 eac:	2a e0       	ldi	r18, 0x0A	; 10
 eae:	26 9f       	mul	r18, r22
 eb0:	11 24       	eor	r1, r1
 eb2:	30 19       	sub	r19, r0
 eb4:	30 5d       	subi	r19, 0xD0	; 208
 eb6:	31 93       	st	Z+, r19
 eb8:	de f6       	brtc	.-74     	; 0xe70 <__ultoa_invert+0xe>
 eba:	cf 01       	movw	r24, r30
 ebc:	08 95       	ret
 ebe:	46 2f       	mov	r20, r22
 ec0:	47 70       	andi	r20, 0x07	; 7
 ec2:	40 5d       	subi	r20, 0xD0	; 208
 ec4:	41 93       	st	Z+, r20
 ec6:	b3 e0       	ldi	r27, 0x03	; 3
 ec8:	0f d0       	rcall	.+30     	; 0xee8 <__ultoa_invert+0x86>
 eca:	c9 f7       	brne	.-14     	; 0xebe <__ultoa_invert+0x5c>
 ecc:	f6 cf       	rjmp	.-20     	; 0xeba <__ultoa_invert+0x58>
 ece:	46 2f       	mov	r20, r22
 ed0:	4f 70       	andi	r20, 0x0F	; 15
 ed2:	40 5d       	subi	r20, 0xD0	; 208
 ed4:	4a 33       	cpi	r20, 0x3A	; 58
 ed6:	18 f0       	brcs	.+6      	; 0xede <__ultoa_invert+0x7c>
 ed8:	49 5d       	subi	r20, 0xD9	; 217
 eda:	31 fd       	sbrc	r19, 1
 edc:	40 52       	subi	r20, 0x20	; 32
 ede:	41 93       	st	Z+, r20
 ee0:	02 d0       	rcall	.+4      	; 0xee6 <__ultoa_invert+0x84>
 ee2:	a9 f7       	brne	.-22     	; 0xece <__ultoa_invert+0x6c>
 ee4:	ea cf       	rjmp	.-44     	; 0xeba <__ultoa_invert+0x58>
 ee6:	b4 e0       	ldi	r27, 0x04	; 4
 ee8:	a6 95       	lsr	r26
 eea:	97 95       	ror	r25
 eec:	87 95       	ror	r24
 eee:	77 95       	ror	r23
 ef0:	67 95       	ror	r22
 ef2:	ba 95       	dec	r27
 ef4:	c9 f7       	brne	.-14     	; 0xee8 <__ultoa_invert+0x86>
 ef6:	00 97       	sbiw	r24, 0x00	; 0
 ef8:	61 05       	cpc	r22, r1
 efa:	71 05       	cpc	r23, r1
 efc:	08 95       	ret
 efe:	9b 01       	movw	r18, r22
 f00:	ac 01       	movw	r20, r24
 f02:	0a 2e       	mov	r0, r26
 f04:	06 94       	lsr	r0
 f06:	57 95       	ror	r21
 f08:	47 95       	ror	r20
 f0a:	37 95       	ror	r19
 f0c:	27 95       	ror	r18
 f0e:	ba 95       	dec	r27
 f10:	c9 f7       	brne	.-14     	; 0xf04 <__ultoa_invert+0xa2>
 f12:	62 0f       	add	r22, r18
 f14:	73 1f       	adc	r23, r19
 f16:	84 1f       	adc	r24, r20
 f18:	95 1f       	adc	r25, r21
 f1a:	a0 1d       	adc	r26, r0
 f1c:	08 95       	ret

00000f1e <__ctype_isfalse>:
 f1e:	99 27       	eor	r25, r25
 f20:	88 27       	eor	r24, r24

00000f22 <__ctype_istrue>:
 f22:	08 95       	ret

00000f24 <__prologue_saves__>:
 f24:	2f 92       	push	r2
 f26:	3f 92       	push	r3
 f28:	4f 92       	push	r4
 f2a:	5f 92       	push	r5
 f2c:	6f 92       	push	r6
 f2e:	7f 92       	push	r7
 f30:	8f 92       	push	r8
 f32:	9f 92       	push	r9
 f34:	af 92       	push	r10
 f36:	bf 92       	push	r11
 f38:	cf 92       	push	r12
 f3a:	df 92       	push	r13
 f3c:	ef 92       	push	r14
 f3e:	ff 92       	push	r15
 f40:	0f 93       	push	r16
 f42:	1f 93       	push	r17
 f44:	cf 93       	push	r28
 f46:	df 93       	push	r29
 f48:	cd b7       	in	r28, 0x3d	; 61
 f4a:	de b7       	in	r29, 0x3e	; 62
 f4c:	ca 1b       	sub	r28, r26
 f4e:	db 0b       	sbc	r29, r27
 f50:	0f b6       	in	r0, 0x3f	; 63
 f52:	f8 94       	cli
 f54:	de bf       	out	0x3e, r29	; 62
 f56:	0f be       	out	0x3f, r0	; 63
 f58:	cd bf       	out	0x3d, r28	; 61
 f5a:	09 94       	ijmp

00000f5c <__epilogue_restores__>:
 f5c:	2a 88       	ldd	r2, Y+18	; 0x12
 f5e:	39 88       	ldd	r3, Y+17	; 0x11
 f60:	48 88       	ldd	r4, Y+16	; 0x10
 f62:	5f 84       	ldd	r5, Y+15	; 0x0f
 f64:	6e 84       	ldd	r6, Y+14	; 0x0e
 f66:	7d 84       	ldd	r7, Y+13	; 0x0d
 f68:	8c 84       	ldd	r8, Y+12	; 0x0c
 f6a:	9b 84       	ldd	r9, Y+11	; 0x0b
 f6c:	aa 84       	ldd	r10, Y+10	; 0x0a
 f6e:	b9 84       	ldd	r11, Y+9	; 0x09
 f70:	c8 84       	ldd	r12, Y+8	; 0x08
 f72:	df 80       	ldd	r13, Y+7	; 0x07
 f74:	ee 80       	ldd	r14, Y+6	; 0x06
 f76:	fd 80       	ldd	r15, Y+5	; 0x05
 f78:	0c 81       	ldd	r16, Y+4	; 0x04
 f7a:	1b 81       	ldd	r17, Y+3	; 0x03
 f7c:	aa 81       	ldd	r26, Y+2	; 0x02
 f7e:	b9 81       	ldd	r27, Y+1	; 0x01
 f80:	ce 0f       	add	r28, r30
 f82:	d1 1d       	adc	r29, r1
 f84:	0f b6       	in	r0, 0x3f	; 63
 f86:	f8 94       	cli
 f88:	de bf       	out	0x3e, r29	; 62
 f8a:	0f be       	out	0x3f, r0	; 63
 f8c:	cd bf       	out	0x3d, r28	; 61
 f8e:	ed 01       	movw	r28, r26
 f90:	08 95       	ret

00000f92 <_exit>:
 f92:	f8 94       	cli

00000f94 <__stop_program>:
 f94:	ff cf       	rjmp	.-2      	; 0xf94 <__stop_program>
