
zadanie2.elf:     file format elf32-avr

Sections:
Idx Name          Size      VMA       LMA       File off  Algn
  0 .data         0000002a  00800100  00000920  000009b4  2**0
                  CONTENTS, ALLOC, LOAD, DATA
  1 .text         00000920  00000000  00000000  00000094  2**1
                  CONTENTS, ALLOC, LOAD, READONLY, CODE
  2 .bss          0000001c  0080012a  0080012a  000009de  2**0
                  ALLOC
  3 .stab         00000900  00000000  00000000  000009e0  2**2
                  CONTENTS, READONLY, DEBUGGING
  4 .stabstr      00000eed  00000000  00000000  000012e0  2**0
                  CONTENTS, READONLY, DEBUGGING
  5 .comment      00000011  00000000  00000000  000021cd  2**0
                  CONTENTS, READONLY
  6 .note.gnu.avr.deviceinfo 00000040  00000000  00000000  000021e0  2**2
                  CONTENTS, READONLY
  7 .debug_info   000005f4  00000000  00000000  00002220  2**0
                  CONTENTS, READONLY, DEBUGGING
  8 .debug_abbrev 000005a2  00000000  00000000  00002814  2**0
                  CONTENTS, READONLY, DEBUGGING
  9 .debug_line   0000001a  00000000  00000000  00002db6  2**0
                  CONTENTS, READONLY, DEBUGGING
 10 .debug_str    00000208  00000000  00000000  00002dd0  2**0
                  CONTENTS, READONLY, DEBUGGING

Disassembly of section .text:

00000000 <__vectors>:
   0:	0c 94 34 00 	jmp	0x68	; 0x68 <__ctors_end>
   4:	0c 94 51 00 	jmp	0xa2	; 0xa2 <__bad_interrupt>
   8:	0c 94 51 00 	jmp	0xa2	; 0xa2 <__bad_interrupt>
   c:	0c 94 51 00 	jmp	0xa2	; 0xa2 <__bad_interrupt>
  10:	0c 94 51 00 	jmp	0xa2	; 0xa2 <__bad_interrupt>
  14:	0c 94 51 00 	jmp	0xa2	; 0xa2 <__bad_interrupt>
  18:	0c 94 51 00 	jmp	0xa2	; 0xa2 <__bad_interrupt>
  1c:	0c 94 51 00 	jmp	0xa2	; 0xa2 <__bad_interrupt>
  20:	0c 94 51 00 	jmp	0xa2	; 0xa2 <__bad_interrupt>
  24:	0c 94 51 00 	jmp	0xa2	; 0xa2 <__bad_interrupt>
  28:	0c 94 51 00 	jmp	0xa2	; 0xa2 <__bad_interrupt>
  2c:	0c 94 51 00 	jmp	0xa2	; 0xa2 <__bad_interrupt>
  30:	0c 94 51 00 	jmp	0xa2	; 0xa2 <__bad_interrupt>
  34:	0c 94 51 00 	jmp	0xa2	; 0xa2 <__bad_interrupt>
  38:	0c 94 51 00 	jmp	0xa2	; 0xa2 <__bad_interrupt>
  3c:	0c 94 51 00 	jmp	0xa2	; 0xa2 <__bad_interrupt>
  40:	0c 94 51 00 	jmp	0xa2	; 0xa2 <__bad_interrupt>
  44:	0c 94 51 00 	jmp	0xa2	; 0xa2 <__bad_interrupt>
  48:	0c 94 51 00 	jmp	0xa2	; 0xa2 <__bad_interrupt>
  4c:	0c 94 51 00 	jmp	0xa2	; 0xa2 <__bad_interrupt>
  50:	0c 94 51 00 	jmp	0xa2	; 0xa2 <__bad_interrupt>
  54:	0c 94 91 00 	jmp	0x122	; 0x122 <__vector_21>
  58:	0c 94 51 00 	jmp	0xa2	; 0xa2 <__bad_interrupt>
  5c:	0c 94 51 00 	jmp	0xa2	; 0xa2 <__bad_interrupt>
  60:	0c 94 51 00 	jmp	0xa2	; 0xa2 <__bad_interrupt>
  64:	0c 94 51 00 	jmp	0xa2	; 0xa2 <__bad_interrupt>

00000068 <__ctors_end>:
  68:	11 24       	eor	r1, r1
  6a:	1f be       	out	0x3f, r1	; 63
  6c:	cf ef       	ldi	r28, 0xFF	; 255
  6e:	d8 e0       	ldi	r29, 0x08	; 8
  70:	de bf       	out	0x3e, r29	; 62
  72:	cd bf       	out	0x3d, r28	; 61

00000074 <__do_copy_data>:
  74:	11 e0       	ldi	r17, 0x01	; 1
  76:	a0 e0       	ldi	r26, 0x00	; 0
  78:	b1 e0       	ldi	r27, 0x01	; 1
  7a:	e0 e2       	ldi	r30, 0x20	; 32
  7c:	f9 e0       	ldi	r31, 0x09	; 9
  7e:	02 c0       	rjmp	.+4      	; 0x84 <__do_copy_data+0x10>
  80:	05 90       	lpm	r0, Z+
  82:	0d 92       	st	X+, r0
  84:	aa 32       	cpi	r26, 0x2A	; 42
  86:	b1 07       	cpc	r27, r17
  88:	d9 f7       	brne	.-10     	; 0x80 <__do_copy_data+0xc>

0000008a <__do_clear_bss>:
  8a:	21 e0       	ldi	r18, 0x01	; 1
  8c:	aa e2       	ldi	r26, 0x2A	; 42
  8e:	b1 e0       	ldi	r27, 0x01	; 1
  90:	01 c0       	rjmp	.+2      	; 0x94 <.do_clear_bss_start>

00000092 <.do_clear_bss_loop>:
  92:	1d 92       	st	X+, r1

00000094 <.do_clear_bss_start>:
  94:	a6 34       	cpi	r26, 0x46	; 70
  96:	b2 07       	cpc	r27, r18
  98:	e1 f7       	brne	.-8      	; 0x92 <.do_clear_bss_loop>
  9a:	0e 94 01 01 	call	0x202	; 0x202 <main>
  9e:	0c 94 8e 04 	jmp	0x91c	; 0x91c <_exit>

000000a2 <__bad_interrupt>:
  a2:	0c 94 00 00 	jmp	0	; 0x0 <__vectors>

000000a6 <uart_transmit>:

// transmisja jednego znaku
int uart_transmit(char data, FILE *stream)
{
  // czekaj aż transmiter gotowy
  while(!(UCSR0A & _BV(UDRE0)));
  a6:	90 91 c0 00 	lds	r25, 0x00C0	; 0x8000c0 <__TEXT_REGION_LENGTH__+0x7f80c0>
  aa:	95 ff       	sbrs	r25, 5
  ac:	fc cf       	rjmp	.-8      	; 0xa6 <uart_transmit>
  UDR0 = data;
  ae:	80 93 c6 00 	sts	0x00C6, r24	; 0x8000c6 <__TEXT_REGION_LENGTH__+0x7f80c6>
  return 0;
}
  b2:	80 e0       	ldi	r24, 0x00	; 0
  b4:	90 e0       	ldi	r25, 0x00	; 0
  b6:	08 95       	ret

000000b8 <uart_receive>:

// odczyt jednego znaku
int uart_receive(FILE *stream)
{
  // czekaj aż znak dostępny
  while (!(UCSR0A & _BV(RXC0)));
  b8:	80 91 c0 00 	lds	r24, 0x00C0	; 0x8000c0 <__TEXT_REGION_LENGTH__+0x7f80c0>
  bc:	87 ff       	sbrs	r24, 7
  be:	fc cf       	rjmp	.-8      	; 0xb8 <uart_receive>
  return UDR0;
  c0:	80 91 c6 00 	lds	r24, 0x00C6	; 0x8000c6 <__TEXT_REGION_LENGTH__+0x7f80c6>
}
  c4:	90 e0       	ldi	r25, 0x00	; 0
  c6:	08 95       	ret

000000c8 <uart_init>:

// inicjalizacja UART
void uart_init()
{
  // ustaw baudrate
  UBRR0 = UBRR_VALUE;
  c8:	87 e6       	ldi	r24, 0x67	; 103
  ca:	90 e0       	ldi	r25, 0x00	; 0
  cc:	90 93 c5 00 	sts	0x00C5, r25	; 0x8000c5 <__TEXT_REGION_LENGTH__+0x7f80c5>
  d0:	80 93 c4 00 	sts	0x00C4, r24	; 0x8000c4 <__TEXT_REGION_LENGTH__+0x7f80c4>
  // wyczyść rejestr UCSR0A
  UCSR0A = 0;
  d4:	10 92 c0 00 	sts	0x00C0, r1	; 0x8000c0 <__TEXT_REGION_LENGTH__+0x7f80c0>
  // włącz odbiornik i nadajnik
  UCSR0B = _BV(RXEN0) | _BV(TXEN0);
  d8:	88 e1       	ldi	r24, 0x18	; 24
  da:	80 93 c1 00 	sts	0x00C1, r24	; 0x8000c1 <__TEXT_REGION_LENGTH__+0x7f80c1>
  // ustaw format 8n1
  UCSR0C = _BV(UCSZ00) | _BV(UCSZ01);
  de:	86 e0       	ldi	r24, 0x06	; 6
  e0:	80 93 c2 00 	sts	0x00C2, r24	; 0x8000c2 <__TEXT_REGION_LENGTH__+0x7f80c2>
  e4:	08 95       	ret

000000e6 <adc_init>:


// inicjalizacja ADC
void adc_init()
{
  ADMUX   = _BV(REFS0); // referencja AVcc, wejście ADC0
  e6:	80 e4       	ldi	r24, 0x40	; 64
  e8:	80 93 7c 00 	sts	0x007C, r24	; 0x80007c <__TEXT_REGION_LENGTH__+0x7f807c>
  DIDR0   = _BV(ADC0D); // wyłącz wejście cyfrowe na ADC0
  ec:	81 e0       	ldi	r24, 0x01	; 1
  ee:	80 93 7e 00 	sts	0x007E, r24	; 0x80007e <__TEXT_REGION_LENGTH__+0x7f807e>
  // częstotliwość zegara ADC 125 kHz (16 MHz / 128)
  ADCSRA  = _BV(ADPS0) | _BV(ADPS1) | _BV(ADPS2); // preskaler 128
  f2:	ea e7       	ldi	r30, 0x7A	; 122
  f4:	f0 e0       	ldi	r31, 0x00	; 0
  f6:	87 e0       	ldi	r24, 0x07	; 7
  f8:	80 83       	st	Z, r24
  ADCSRA |= _BV(ADATE); // Włącz ADC Auto Trigger
  fa:	80 81       	ld	r24, Z
  fc:	80 62       	ori	r24, 0x20	; 32
  fe:	80 83       	st	Z, r24
  ADCSRA |= _BV(ADIE); // Włącz ADC Interrupt 
 100:	80 81       	ld	r24, Z
 102:	88 60       	ori	r24, 0x08	; 8
 104:	80 83       	st	Z, r24
  ADCSRA |= _BV(ADEN); // włącz ADC
 106:	80 81       	ld	r24, Z
 108:	80 68       	ori	r24, 0x80	; 128
 10a:	80 83       	st	Z, r24

  ADCSRB = _BV(ADTS1); // Auto Trigger przy INT0
 10c:	82 e0       	ldi	r24, 0x02	; 2
 10e:	80 93 7b 00 	sts	0x007B, r24	; 0x80007b <__TEXT_REGION_LENGTH__+0x7f807b>
 112:	08 95       	ret

00000114 <io_init>:
}

void io_init()
{
  // Inicjalizacja dla INT0
  PORTD |= _BV(PD2);
 114:	5a 9a       	sbi	0x0b, 2	; 11
  // Zbocze narastające
  EICRA |= _BV(ISC00) | _BV(ISC01);
 116:	e9 e6       	ldi	r30, 0x69	; 105
 118:	f0 e0       	ldi	r31, 0x00	; 0
 11a:	80 81       	ld	r24, Z
 11c:	83 60       	ori	r24, 0x03	; 3
 11e:	80 83       	st	Z, r24
 120:	08 95       	ret

00000122 <__vector_21>:

volatile uint32_t ohm; // Ostatnio zmierzony opór
volatile uint32_t v;

ISR(ADC_vect)
{
 122:	1f 92       	push	r1
 124:	0f 92       	push	r0
 126:	0f b6       	in	r0, 0x3f	; 63
 128:	0f 92       	push	r0
 12a:	11 24       	eor	r1, r1
 12c:	cf 92       	push	r12
 12e:	df 92       	push	r13
 130:	ef 92       	push	r14
 132:	ff 92       	push	r15
 134:	0f 93       	push	r16
 136:	1f 93       	push	r17
 138:	2f 93       	push	r18
 13a:	3f 93       	push	r19
 13c:	4f 93       	push	r20
 13e:	5f 93       	push	r21
 140:	6f 93       	push	r22
 142:	7f 93       	push	r23
 144:	8f 93       	push	r24
 146:	9f 93       	push	r25
 148:	af 93       	push	r26
 14a:	bf 93       	push	r27
 14c:	ef 93       	push	r30
 14e:	ff 93       	push	r31
  v = ((uint32_t)ADC * 5000) >> 10;  // Zmierzone napięcie w mV
 150:	20 91 78 00 	lds	r18, 0x0078	; 0x800078 <__TEXT_REGION_LENGTH__+0x7f8078>
 154:	30 91 79 00 	lds	r19, 0x0079	; 0x800079 <__TEXT_REGION_LENGTH__+0x7f8079>
 158:	a8 e8       	ldi	r26, 0x88	; 136
 15a:	b3 e1       	ldi	r27, 0x13	; 19
 15c:	0e 94 96 01 	call	0x32c	; 0x32c <__umulhisi3>
 160:	dc 01       	movw	r26, r24
 162:	cb 01       	movw	r24, r22
 164:	2a e0       	ldi	r18, 0x0A	; 10
 166:	b6 95       	lsr	r27
 168:	a7 95       	ror	r26
 16a:	97 95       	ror	r25
 16c:	87 95       	ror	r24
 16e:	2a 95       	dec	r18
 170:	d1 f7       	brne	.-12     	; 0x166 <__vector_21+0x44>
 172:	80 93 3c 01 	sts	0x013C, r24	; 0x80013c <v>
 176:	90 93 3d 01 	sts	0x013D, r25	; 0x80013d <v+0x1>
 17a:	a0 93 3e 01 	sts	0x013E, r26	; 0x80013e <v+0x2>
 17e:	b0 93 3f 01 	sts	0x013F, r27	; 0x80013f <v+0x3>

  ohm = (10000 * v) / (5000 - v); // Przekształć na opór
 182:	20 91 3c 01 	lds	r18, 0x013C	; 0x80013c <v>
 186:	30 91 3d 01 	lds	r19, 0x013D	; 0x80013d <v+0x1>
 18a:	40 91 3e 01 	lds	r20, 0x013E	; 0x80013e <v+0x2>
 18e:	50 91 3f 01 	lds	r21, 0x013F	; 0x80013f <v+0x3>
 192:	c0 90 3c 01 	lds	r12, 0x013C	; 0x80013c <v>
 196:	d0 90 3d 01 	lds	r13, 0x013D	; 0x80013d <v+0x1>
 19a:	e0 90 3e 01 	lds	r14, 0x013E	; 0x80013e <v+0x2>
 19e:	f0 90 3f 01 	lds	r15, 0x013F	; 0x80013f <v+0x3>
 1a2:	a0 e1       	ldi	r26, 0x10	; 16
 1a4:	b7 e2       	ldi	r27, 0x27	; 39
 1a6:	0e 94 a5 01 	call	0x34a	; 0x34a <__muluhisi3>
 1aa:	08 e8       	ldi	r16, 0x88	; 136
 1ac:	13 e1       	ldi	r17, 0x13	; 19
 1ae:	20 e0       	ldi	r18, 0x00	; 0
 1b0:	30 e0       	ldi	r19, 0x00	; 0
 1b2:	a9 01       	movw	r20, r18
 1b4:	98 01       	movw	r18, r16
 1b6:	2c 19       	sub	r18, r12
 1b8:	3d 09       	sbc	r19, r13
 1ba:	4e 09       	sbc	r20, r14
 1bc:	5f 09       	sbc	r21, r15
 1be:	0e 94 74 01 	call	0x2e8	; 0x2e8 <__udivmodsi4>
 1c2:	20 93 38 01 	sts	0x0138, r18	; 0x800138 <ohm>
 1c6:	30 93 39 01 	sts	0x0139, r19	; 0x800139 <ohm+0x1>
 1ca:	40 93 3a 01 	sts	0x013A, r20	; 0x80013a <ohm+0x2>
 1ce:	50 93 3b 01 	sts	0x013B, r21	; 0x80013b <ohm+0x3>

  EIFR |= _BV(INTF0);  // Wyczyść flagę INT0
 1d2:	e0 9a       	sbi	0x1c, 0	; 28
}
 1d4:	ff 91       	pop	r31
 1d6:	ef 91       	pop	r30
 1d8:	bf 91       	pop	r27
 1da:	af 91       	pop	r26
 1dc:	9f 91       	pop	r25
 1de:	8f 91       	pop	r24
 1e0:	7f 91       	pop	r23
 1e2:	6f 91       	pop	r22
 1e4:	5f 91       	pop	r21
 1e6:	4f 91       	pop	r20
 1e8:	3f 91       	pop	r19
 1ea:	2f 91       	pop	r18
 1ec:	1f 91       	pop	r17
 1ee:	0f 91       	pop	r16
 1f0:	ff 90       	pop	r15
 1f2:	ef 90       	pop	r14
 1f4:	df 90       	pop	r13
 1f6:	cf 90       	pop	r12
 1f8:	0f 90       	pop	r0
 1fa:	0f be       	out	0x3f, r0	; 63
 1fc:	0f 90       	pop	r0
 1fe:	1f 90       	pop	r1
 200:	18 95       	reti

00000202 <main>:

// inicjalizacja UART
void uart_init()
{
  // ustaw baudrate
  UBRR0 = UBRR_VALUE;
 202:	87 e6       	ldi	r24, 0x67	; 103
 204:	90 e0       	ldi	r25, 0x00	; 0
 206:	90 93 c5 00 	sts	0x00C5, r25	; 0x8000c5 <__TEXT_REGION_LENGTH__+0x7f80c5>
 20a:	80 93 c4 00 	sts	0x00C4, r24	; 0x8000c4 <__TEXT_REGION_LENGTH__+0x7f80c4>
  // wyczyść rejestr UCSR0A
  UCSR0A = 0;
 20e:	10 92 c0 00 	sts	0x00C0, r1	; 0x8000c0 <__TEXT_REGION_LENGTH__+0x7f80c0>
  // włącz odbiornik i nadajnik
  UCSR0B = _BV(RXEN0) | _BV(TXEN0);
 212:	88 e1       	ldi	r24, 0x18	; 24
 214:	80 93 c1 00 	sts	0x00C1, r24	; 0x8000c1 <__TEXT_REGION_LENGTH__+0x7f80c1>
  // ustaw format 8n1
  UCSR0C = _BV(UCSZ00) | _BV(UCSZ01);
 218:	86 e0       	ldi	r24, 0x06	; 6
 21a:	80 93 c2 00 	sts	0x00C2, r24	; 0x8000c2 <__TEXT_REGION_LENGTH__+0x7f80c2>
int main()
{
  // zainicjalizuj UART
  uart_init();
  // skonfiguruj strumienie wejścia/wyjścia
  fdev_setup_stream(&uart_file, uart_transmit, uart_receive, _FDEV_SETUP_RW);
 21e:	8a e2       	ldi	r24, 0x2A	; 42
 220:	91 e0       	ldi	r25, 0x01	; 1
 222:	23 e5       	ldi	r18, 0x53	; 83
 224:	30 e0       	ldi	r19, 0x00	; 0
 226:	30 93 33 01 	sts	0x0133, r19	; 0x800133 <__data_end+0x9>
 22a:	20 93 32 01 	sts	0x0132, r18	; 0x800132 <__data_end+0x8>
 22e:	2c e5       	ldi	r18, 0x5C	; 92
 230:	30 e0       	ldi	r19, 0x00	; 0
 232:	30 93 35 01 	sts	0x0135, r19	; 0x800135 <__data_end+0xb>
 236:	20 93 34 01 	sts	0x0134, r18	; 0x800134 <__data_end+0xa>
 23a:	23 e0       	ldi	r18, 0x03	; 3
 23c:	20 93 2d 01 	sts	0x012D, r18	; 0x80012d <__data_end+0x3>
 240:	10 92 37 01 	sts	0x0137, r1	; 0x800137 <__data_end+0xd>
 244:	10 92 36 01 	sts	0x0136, r1	; 0x800136 <__data_end+0xc>
  stdin = stdout = stderr = &uart_file;
 248:	90 93 45 01 	sts	0x0145, r25	; 0x800145 <__iob+0x5>
 24c:	80 93 44 01 	sts	0x0144, r24	; 0x800144 <__iob+0x4>
 250:	90 93 43 01 	sts	0x0143, r25	; 0x800143 <__iob+0x3>
 254:	80 93 42 01 	sts	0x0142, r24	; 0x800142 <__iob+0x2>
 258:	90 93 41 01 	sts	0x0141, r25	; 0x800141 <__iob+0x1>
 25c:	80 93 40 01 	sts	0x0140, r24	; 0x800140 <__iob>


// inicjalizacja ADC
void adc_init()
{
  ADMUX   = _BV(REFS0); // referencja AVcc, wejście ADC0
 260:	80 e4       	ldi	r24, 0x40	; 64
 262:	80 93 7c 00 	sts	0x007C, r24	; 0x80007c <__TEXT_REGION_LENGTH__+0x7f807c>
  DIDR0   = _BV(ADC0D); // wyłącz wejście cyfrowe na ADC0
 266:	81 e0       	ldi	r24, 0x01	; 1
 268:	80 93 7e 00 	sts	0x007E, r24	; 0x80007e <__TEXT_REGION_LENGTH__+0x7f807e>
  // częstotliwość zegara ADC 125 kHz (16 MHz / 128)
  ADCSRA  = _BV(ADPS0) | _BV(ADPS1) | _BV(ADPS2); // preskaler 128
 26c:	87 e0       	ldi	r24, 0x07	; 7
 26e:	80 93 7a 00 	sts	0x007A, r24	; 0x80007a <__TEXT_REGION_LENGTH__+0x7f807a>
  ADCSRA |= _BV(ADATE); // Włącz ADC Auto Trigger
 272:	80 91 7a 00 	lds	r24, 0x007A	; 0x80007a <__TEXT_REGION_LENGTH__+0x7f807a>
 276:	80 62       	ori	r24, 0x20	; 32
 278:	80 93 7a 00 	sts	0x007A, r24	; 0x80007a <__TEXT_REGION_LENGTH__+0x7f807a>
  ADCSRA |= _BV(ADIE); // Włącz ADC Interrupt 
 27c:	80 91 7a 00 	lds	r24, 0x007A	; 0x80007a <__TEXT_REGION_LENGTH__+0x7f807a>
 280:	88 60       	ori	r24, 0x08	; 8
 282:	80 93 7a 00 	sts	0x007A, r24	; 0x80007a <__TEXT_REGION_LENGTH__+0x7f807a>
  ADCSRA |= _BV(ADEN); // włącz ADC
 286:	80 91 7a 00 	lds	r24, 0x007A	; 0x80007a <__TEXT_REGION_LENGTH__+0x7f807a>
 28a:	80 68       	ori	r24, 0x80	; 128
 28c:	80 93 7a 00 	sts	0x007A, r24	; 0x80007a <__TEXT_REGION_LENGTH__+0x7f807a>

  ADCSRB = _BV(ADTS1); // Auto Trigger przy INT0
 290:	82 e0       	ldi	r24, 0x02	; 2
 292:	80 93 7b 00 	sts	0x007B, r24	; 0x80007b <__TEXT_REGION_LENGTH__+0x7f807b>
}

void io_init()
{
  // Inicjalizacja dla INT0
  PORTD |= _BV(PD2);
 296:	5a 9a       	sbi	0x0b, 2	; 11
  // Zbocze narastające
  EICRA |= _BV(ISC00) | _BV(ISC01);
 298:	80 91 69 00 	lds	r24, 0x0069	; 0x800069 <__TEXT_REGION_LENGTH__+0x7f8069>
 29c:	83 60       	ori	r24, 0x03	; 3
 29e:	80 93 69 00 	sts	0x0069, r24	; 0x800069 <__TEXT_REGION_LENGTH__+0x7f8069>
  fdev_setup_stream(&uart_file, uart_transmit, uart_receive, _FDEV_SETUP_RW);
  stdin = stdout = stderr = &uart_file;

  adc_init();
  io_init();
  sei(); // Włącz system przerwań
 2a2:	78 94       	sei

  while(1) {
    _delay_ms(2000);
    printf("Ostatnio zmierzony opór wynosił: %"PRIu32"\r\n", ohm);
 2a4:	c0 e0       	ldi	r28, 0x00	; 0
 2a6:	d1 e0       	ldi	r29, 0x01	; 1
	#else
		//round up by default
		__ticks_dc = (uint32_t)(ceil(fabs(__tmp)));
	#endif

	__builtin_avr_delay_cycles(__ticks_dc);
 2a8:	2f ef       	ldi	r18, 0xFF	; 255
 2aa:	87 ea       	ldi	r24, 0xA7	; 167
 2ac:	91 e6       	ldi	r25, 0x61	; 97
 2ae:	21 50       	subi	r18, 0x01	; 1
 2b0:	80 40       	sbci	r24, 0x00	; 0
 2b2:	90 40       	sbci	r25, 0x00	; 0
 2b4:	e1 f7       	brne	.-8      	; 0x2ae <main+0xac>
 2b6:	00 c0       	rjmp	.+0      	; 0x2b8 <main+0xb6>
 2b8:	00 00       	nop
 2ba:	80 91 38 01 	lds	r24, 0x0138	; 0x800138 <ohm>
 2be:	90 91 39 01 	lds	r25, 0x0139	; 0x800139 <ohm+0x1>
 2c2:	a0 91 3a 01 	lds	r26, 0x013A	; 0x80013a <ohm+0x2>
 2c6:	b0 91 3b 01 	lds	r27, 0x013B	; 0x80013b <ohm+0x3>
 2ca:	bf 93       	push	r27
 2cc:	af 93       	push	r26
 2ce:	9f 93       	push	r25
 2d0:	8f 93       	push	r24
 2d2:	df 93       	push	r29
 2d4:	cf 93       	push	r28
 2d6:	0e 94 b0 01 	call	0x360	; 0x360 <printf>
 2da:	0f 90       	pop	r0
 2dc:	0f 90       	pop	r0
 2de:	0f 90       	pop	r0
 2e0:	0f 90       	pop	r0
 2e2:	0f 90       	pop	r0
 2e4:	0f 90       	pop	r0
 2e6:	e0 cf       	rjmp	.-64     	; 0x2a8 <main+0xa6>

000002e8 <__udivmodsi4>:
 2e8:	a1 e2       	ldi	r26, 0x21	; 33
 2ea:	1a 2e       	mov	r1, r26
 2ec:	aa 1b       	sub	r26, r26
 2ee:	bb 1b       	sub	r27, r27
 2f0:	fd 01       	movw	r30, r26
 2f2:	0d c0       	rjmp	.+26     	; 0x30e <__udivmodsi4_ep>

000002f4 <__udivmodsi4_loop>:
 2f4:	aa 1f       	adc	r26, r26
 2f6:	bb 1f       	adc	r27, r27
 2f8:	ee 1f       	adc	r30, r30
 2fa:	ff 1f       	adc	r31, r31
 2fc:	a2 17       	cp	r26, r18
 2fe:	b3 07       	cpc	r27, r19
 300:	e4 07       	cpc	r30, r20
 302:	f5 07       	cpc	r31, r21
 304:	20 f0       	brcs	.+8      	; 0x30e <__udivmodsi4_ep>
 306:	a2 1b       	sub	r26, r18
 308:	b3 0b       	sbc	r27, r19
 30a:	e4 0b       	sbc	r30, r20
 30c:	f5 0b       	sbc	r31, r21

0000030e <__udivmodsi4_ep>:
 30e:	66 1f       	adc	r22, r22
 310:	77 1f       	adc	r23, r23
 312:	88 1f       	adc	r24, r24
 314:	99 1f       	adc	r25, r25
 316:	1a 94       	dec	r1
 318:	69 f7       	brne	.-38     	; 0x2f4 <__udivmodsi4_loop>
 31a:	60 95       	com	r22
 31c:	70 95       	com	r23
 31e:	80 95       	com	r24
 320:	90 95       	com	r25
 322:	9b 01       	movw	r18, r22
 324:	ac 01       	movw	r20, r24
 326:	bd 01       	movw	r22, r26
 328:	cf 01       	movw	r24, r30
 32a:	08 95       	ret

0000032c <__umulhisi3>:
 32c:	a2 9f       	mul	r26, r18
 32e:	b0 01       	movw	r22, r0
 330:	b3 9f       	mul	r27, r19
 332:	c0 01       	movw	r24, r0
 334:	a3 9f       	mul	r26, r19
 336:	70 0d       	add	r23, r0
 338:	81 1d       	adc	r24, r1
 33a:	11 24       	eor	r1, r1
 33c:	91 1d       	adc	r25, r1
 33e:	b2 9f       	mul	r27, r18
 340:	70 0d       	add	r23, r0
 342:	81 1d       	adc	r24, r1
 344:	11 24       	eor	r1, r1
 346:	91 1d       	adc	r25, r1
 348:	08 95       	ret

0000034a <__muluhisi3>:
 34a:	0e 94 96 01 	call	0x32c	; 0x32c <__umulhisi3>
 34e:	a5 9f       	mul	r26, r21
 350:	90 0d       	add	r25, r0
 352:	b4 9f       	mul	r27, r20
 354:	90 0d       	add	r25, r0
 356:	a4 9f       	mul	r26, r20
 358:	80 0d       	add	r24, r0
 35a:	91 1d       	adc	r25, r1
 35c:	11 24       	eor	r1, r1
 35e:	08 95       	ret

00000360 <printf>:
 360:	a0 e0       	ldi	r26, 0x00	; 0
 362:	b0 e0       	ldi	r27, 0x00	; 0
 364:	e6 eb       	ldi	r30, 0xB6	; 182
 366:	f1 e0       	ldi	r31, 0x01	; 1
 368:	0c 94 67 04 	jmp	0x8ce	; 0x8ce <__prologue_saves__+0x20>
 36c:	ae 01       	movw	r20, r28
 36e:	4b 5f       	subi	r20, 0xFB	; 251
 370:	5f 4f       	sbci	r21, 0xFF	; 255
 372:	fa 01       	movw	r30, r20
 374:	61 91       	ld	r22, Z+
 376:	71 91       	ld	r23, Z+
 378:	af 01       	movw	r20, r30
 37a:	80 91 42 01 	lds	r24, 0x0142	; 0x800142 <__iob+0x2>
 37e:	90 91 43 01 	lds	r25, 0x0143	; 0x800143 <__iob+0x3>
 382:	0e 94 c6 01 	call	0x38c	; 0x38c <vfprintf>
 386:	e2 e0       	ldi	r30, 0x02	; 2
 388:	0c 94 83 04 	jmp	0x906	; 0x906 <__stack+0x7>

0000038c <vfprintf>:
 38c:	ab e0       	ldi	r26, 0x0B	; 11
 38e:	b0 e0       	ldi	r27, 0x00	; 0
 390:	ec ec       	ldi	r30, 0xCC	; 204
 392:	f1 e0       	ldi	r31, 0x01	; 1
 394:	0c 94 57 04 	jmp	0x8ae	; 0x8ae <__prologue_saves__>
 398:	6c 01       	movw	r12, r24
 39a:	7b 01       	movw	r14, r22
 39c:	8a 01       	movw	r16, r20
 39e:	fc 01       	movw	r30, r24
 3a0:	17 82       	std	Z+7, r1	; 0x07
 3a2:	16 82       	std	Z+6, r1	; 0x06
 3a4:	83 81       	ldd	r24, Z+3	; 0x03
 3a6:	81 ff       	sbrs	r24, 1
 3a8:	cc c1       	rjmp	.+920    	; 0x742 <__EEPROM_REGION_LENGTH__+0x342>
 3aa:	ce 01       	movw	r24, r28
 3ac:	01 96       	adiw	r24, 0x01	; 1
 3ae:	3c 01       	movw	r6, r24
 3b0:	f6 01       	movw	r30, r12
 3b2:	93 81       	ldd	r25, Z+3	; 0x03
 3b4:	f7 01       	movw	r30, r14
 3b6:	93 fd       	sbrc	r25, 3
 3b8:	85 91       	lpm	r24, Z+
 3ba:	93 ff       	sbrs	r25, 3
 3bc:	81 91       	ld	r24, Z+
 3be:	7f 01       	movw	r14, r30
 3c0:	88 23       	and	r24, r24
 3c2:	09 f4       	brne	.+2      	; 0x3c6 <vfprintf+0x3a>
 3c4:	ba c1       	rjmp	.+884    	; 0x73a <__EEPROM_REGION_LENGTH__+0x33a>
 3c6:	85 32       	cpi	r24, 0x25	; 37
 3c8:	39 f4       	brne	.+14     	; 0x3d8 <vfprintf+0x4c>
 3ca:	93 fd       	sbrc	r25, 3
 3cc:	85 91       	lpm	r24, Z+
 3ce:	93 ff       	sbrs	r25, 3
 3d0:	81 91       	ld	r24, Z+
 3d2:	7f 01       	movw	r14, r30
 3d4:	85 32       	cpi	r24, 0x25	; 37
 3d6:	29 f4       	brne	.+10     	; 0x3e2 <vfprintf+0x56>
 3d8:	b6 01       	movw	r22, r12
 3da:	90 e0       	ldi	r25, 0x00	; 0
 3dc:	0e 94 bd 03 	call	0x77a	; 0x77a <fputc>
 3e0:	e7 cf       	rjmp	.-50     	; 0x3b0 <vfprintf+0x24>
 3e2:	91 2c       	mov	r9, r1
 3e4:	21 2c       	mov	r2, r1
 3e6:	31 2c       	mov	r3, r1
 3e8:	ff e1       	ldi	r31, 0x1F	; 31
 3ea:	f3 15       	cp	r31, r3
 3ec:	d8 f0       	brcs	.+54     	; 0x424 <__EEPROM_REGION_LENGTH__+0x24>
 3ee:	8b 32       	cpi	r24, 0x2B	; 43
 3f0:	79 f0       	breq	.+30     	; 0x410 <__EEPROM_REGION_LENGTH__+0x10>
 3f2:	38 f4       	brcc	.+14     	; 0x402 <__EEPROM_REGION_LENGTH__+0x2>
 3f4:	80 32       	cpi	r24, 0x20	; 32
 3f6:	79 f0       	breq	.+30     	; 0x416 <__EEPROM_REGION_LENGTH__+0x16>
 3f8:	83 32       	cpi	r24, 0x23	; 35
 3fa:	a1 f4       	brne	.+40     	; 0x424 <__EEPROM_REGION_LENGTH__+0x24>
 3fc:	23 2d       	mov	r18, r3
 3fe:	20 61       	ori	r18, 0x10	; 16
 400:	1d c0       	rjmp	.+58     	; 0x43c <__EEPROM_REGION_LENGTH__+0x3c>
 402:	8d 32       	cpi	r24, 0x2D	; 45
 404:	61 f0       	breq	.+24     	; 0x41e <__EEPROM_REGION_LENGTH__+0x1e>
 406:	80 33       	cpi	r24, 0x30	; 48
 408:	69 f4       	brne	.+26     	; 0x424 <__EEPROM_REGION_LENGTH__+0x24>
 40a:	23 2d       	mov	r18, r3
 40c:	21 60       	ori	r18, 0x01	; 1
 40e:	16 c0       	rjmp	.+44     	; 0x43c <__EEPROM_REGION_LENGTH__+0x3c>
 410:	83 2d       	mov	r24, r3
 412:	82 60       	ori	r24, 0x02	; 2
 414:	38 2e       	mov	r3, r24
 416:	e3 2d       	mov	r30, r3
 418:	e4 60       	ori	r30, 0x04	; 4
 41a:	3e 2e       	mov	r3, r30
 41c:	2a c0       	rjmp	.+84     	; 0x472 <__EEPROM_REGION_LENGTH__+0x72>
 41e:	f3 2d       	mov	r31, r3
 420:	f8 60       	ori	r31, 0x08	; 8
 422:	1d c0       	rjmp	.+58     	; 0x45e <__EEPROM_REGION_LENGTH__+0x5e>
 424:	37 fc       	sbrc	r3, 7
 426:	2d c0       	rjmp	.+90     	; 0x482 <__EEPROM_REGION_LENGTH__+0x82>
 428:	20 ed       	ldi	r18, 0xD0	; 208
 42a:	28 0f       	add	r18, r24
 42c:	2a 30       	cpi	r18, 0x0A	; 10
 42e:	40 f0       	brcs	.+16     	; 0x440 <__EEPROM_REGION_LENGTH__+0x40>
 430:	8e 32       	cpi	r24, 0x2E	; 46
 432:	b9 f4       	brne	.+46     	; 0x462 <__EEPROM_REGION_LENGTH__+0x62>
 434:	36 fc       	sbrc	r3, 6
 436:	81 c1       	rjmp	.+770    	; 0x73a <__EEPROM_REGION_LENGTH__+0x33a>
 438:	23 2d       	mov	r18, r3
 43a:	20 64       	ori	r18, 0x40	; 64
 43c:	32 2e       	mov	r3, r18
 43e:	19 c0       	rjmp	.+50     	; 0x472 <__EEPROM_REGION_LENGTH__+0x72>
 440:	36 fe       	sbrs	r3, 6
 442:	06 c0       	rjmp	.+12     	; 0x450 <__EEPROM_REGION_LENGTH__+0x50>
 444:	8a e0       	ldi	r24, 0x0A	; 10
 446:	98 9e       	mul	r9, r24
 448:	20 0d       	add	r18, r0
 44a:	11 24       	eor	r1, r1
 44c:	92 2e       	mov	r9, r18
 44e:	11 c0       	rjmp	.+34     	; 0x472 <__EEPROM_REGION_LENGTH__+0x72>
 450:	ea e0       	ldi	r30, 0x0A	; 10
 452:	2e 9e       	mul	r2, r30
 454:	20 0d       	add	r18, r0
 456:	11 24       	eor	r1, r1
 458:	22 2e       	mov	r2, r18
 45a:	f3 2d       	mov	r31, r3
 45c:	f0 62       	ori	r31, 0x20	; 32
 45e:	3f 2e       	mov	r3, r31
 460:	08 c0       	rjmp	.+16     	; 0x472 <__EEPROM_REGION_LENGTH__+0x72>
 462:	8c 36       	cpi	r24, 0x6C	; 108
 464:	21 f4       	brne	.+8      	; 0x46e <__EEPROM_REGION_LENGTH__+0x6e>
 466:	83 2d       	mov	r24, r3
 468:	80 68       	ori	r24, 0x80	; 128
 46a:	38 2e       	mov	r3, r24
 46c:	02 c0       	rjmp	.+4      	; 0x472 <__EEPROM_REGION_LENGTH__+0x72>
 46e:	88 36       	cpi	r24, 0x68	; 104
 470:	41 f4       	brne	.+16     	; 0x482 <__EEPROM_REGION_LENGTH__+0x82>
 472:	f7 01       	movw	r30, r14
 474:	93 fd       	sbrc	r25, 3
 476:	85 91       	lpm	r24, Z+
 478:	93 ff       	sbrs	r25, 3
 47a:	81 91       	ld	r24, Z+
 47c:	7f 01       	movw	r14, r30
 47e:	81 11       	cpse	r24, r1
 480:	b3 cf       	rjmp	.-154    	; 0x3e8 <vfprintf+0x5c>
 482:	98 2f       	mov	r25, r24
 484:	9f 7d       	andi	r25, 0xDF	; 223
 486:	95 54       	subi	r25, 0x45	; 69
 488:	93 30       	cpi	r25, 0x03	; 3
 48a:	28 f4       	brcc	.+10     	; 0x496 <__EEPROM_REGION_LENGTH__+0x96>
 48c:	0c 5f       	subi	r16, 0xFC	; 252
 48e:	1f 4f       	sbci	r17, 0xFF	; 255
 490:	9f e3       	ldi	r25, 0x3F	; 63
 492:	99 83       	std	Y+1, r25	; 0x01
 494:	0d c0       	rjmp	.+26     	; 0x4b0 <__EEPROM_REGION_LENGTH__+0xb0>
 496:	83 36       	cpi	r24, 0x63	; 99
 498:	31 f0       	breq	.+12     	; 0x4a6 <__EEPROM_REGION_LENGTH__+0xa6>
 49a:	83 37       	cpi	r24, 0x73	; 115
 49c:	71 f0       	breq	.+28     	; 0x4ba <__EEPROM_REGION_LENGTH__+0xba>
 49e:	83 35       	cpi	r24, 0x53	; 83
 4a0:	09 f0       	breq	.+2      	; 0x4a4 <__EEPROM_REGION_LENGTH__+0xa4>
 4a2:	59 c0       	rjmp	.+178    	; 0x556 <__EEPROM_REGION_LENGTH__+0x156>
 4a4:	21 c0       	rjmp	.+66     	; 0x4e8 <__EEPROM_REGION_LENGTH__+0xe8>
 4a6:	f8 01       	movw	r30, r16
 4a8:	80 81       	ld	r24, Z
 4aa:	89 83       	std	Y+1, r24	; 0x01
 4ac:	0e 5f       	subi	r16, 0xFE	; 254
 4ae:	1f 4f       	sbci	r17, 0xFF	; 255
 4b0:	88 24       	eor	r8, r8
 4b2:	83 94       	inc	r8
 4b4:	91 2c       	mov	r9, r1
 4b6:	53 01       	movw	r10, r6
 4b8:	13 c0       	rjmp	.+38     	; 0x4e0 <__EEPROM_REGION_LENGTH__+0xe0>
 4ba:	28 01       	movw	r4, r16
 4bc:	f2 e0       	ldi	r31, 0x02	; 2
 4be:	4f 0e       	add	r4, r31
 4c0:	51 1c       	adc	r5, r1
 4c2:	f8 01       	movw	r30, r16
 4c4:	a0 80       	ld	r10, Z
 4c6:	b1 80       	ldd	r11, Z+1	; 0x01
 4c8:	36 fe       	sbrs	r3, 6
 4ca:	03 c0       	rjmp	.+6      	; 0x4d2 <__EEPROM_REGION_LENGTH__+0xd2>
 4cc:	69 2d       	mov	r22, r9
 4ce:	70 e0       	ldi	r23, 0x00	; 0
 4d0:	02 c0       	rjmp	.+4      	; 0x4d6 <__EEPROM_REGION_LENGTH__+0xd6>
 4d2:	6f ef       	ldi	r22, 0xFF	; 255
 4d4:	7f ef       	ldi	r23, 0xFF	; 255
 4d6:	c5 01       	movw	r24, r10
 4d8:	0e 94 b2 03 	call	0x764	; 0x764 <strnlen>
 4dc:	4c 01       	movw	r8, r24
 4de:	82 01       	movw	r16, r4
 4e0:	f3 2d       	mov	r31, r3
 4e2:	ff 77       	andi	r31, 0x7F	; 127
 4e4:	3f 2e       	mov	r3, r31
 4e6:	16 c0       	rjmp	.+44     	; 0x514 <__EEPROM_REGION_LENGTH__+0x114>
 4e8:	28 01       	movw	r4, r16
 4ea:	22 e0       	ldi	r18, 0x02	; 2
 4ec:	42 0e       	add	r4, r18
 4ee:	51 1c       	adc	r5, r1
 4f0:	f8 01       	movw	r30, r16
 4f2:	a0 80       	ld	r10, Z
 4f4:	b1 80       	ldd	r11, Z+1	; 0x01
 4f6:	36 fe       	sbrs	r3, 6
 4f8:	03 c0       	rjmp	.+6      	; 0x500 <__EEPROM_REGION_LENGTH__+0x100>
 4fa:	69 2d       	mov	r22, r9
 4fc:	70 e0       	ldi	r23, 0x00	; 0
 4fe:	02 c0       	rjmp	.+4      	; 0x504 <__EEPROM_REGION_LENGTH__+0x104>
 500:	6f ef       	ldi	r22, 0xFF	; 255
 502:	7f ef       	ldi	r23, 0xFF	; 255
 504:	c5 01       	movw	r24, r10
 506:	0e 94 a7 03 	call	0x74e	; 0x74e <strnlen_P>
 50a:	4c 01       	movw	r8, r24
 50c:	f3 2d       	mov	r31, r3
 50e:	f0 68       	ori	r31, 0x80	; 128
 510:	3f 2e       	mov	r3, r31
 512:	82 01       	movw	r16, r4
 514:	33 fc       	sbrc	r3, 3
 516:	1b c0       	rjmp	.+54     	; 0x54e <__EEPROM_REGION_LENGTH__+0x14e>
 518:	82 2d       	mov	r24, r2
 51a:	90 e0       	ldi	r25, 0x00	; 0
 51c:	88 16       	cp	r8, r24
 51e:	99 06       	cpc	r9, r25
 520:	b0 f4       	brcc	.+44     	; 0x54e <__EEPROM_REGION_LENGTH__+0x14e>
 522:	b6 01       	movw	r22, r12
 524:	80 e2       	ldi	r24, 0x20	; 32
 526:	90 e0       	ldi	r25, 0x00	; 0
 528:	0e 94 bd 03 	call	0x77a	; 0x77a <fputc>
 52c:	2a 94       	dec	r2
 52e:	f4 cf       	rjmp	.-24     	; 0x518 <__EEPROM_REGION_LENGTH__+0x118>
 530:	f5 01       	movw	r30, r10
 532:	37 fc       	sbrc	r3, 7
 534:	85 91       	lpm	r24, Z+
 536:	37 fe       	sbrs	r3, 7
 538:	81 91       	ld	r24, Z+
 53a:	5f 01       	movw	r10, r30
 53c:	b6 01       	movw	r22, r12
 53e:	90 e0       	ldi	r25, 0x00	; 0
 540:	0e 94 bd 03 	call	0x77a	; 0x77a <fputc>
 544:	21 10       	cpse	r2, r1
 546:	2a 94       	dec	r2
 548:	21 e0       	ldi	r18, 0x01	; 1
 54a:	82 1a       	sub	r8, r18
 54c:	91 08       	sbc	r9, r1
 54e:	81 14       	cp	r8, r1
 550:	91 04       	cpc	r9, r1
 552:	71 f7       	brne	.-36     	; 0x530 <__EEPROM_REGION_LENGTH__+0x130>
 554:	e8 c0       	rjmp	.+464    	; 0x726 <__EEPROM_REGION_LENGTH__+0x326>
 556:	84 36       	cpi	r24, 0x64	; 100
 558:	11 f0       	breq	.+4      	; 0x55e <__EEPROM_REGION_LENGTH__+0x15e>
 55a:	89 36       	cpi	r24, 0x69	; 105
 55c:	41 f5       	brne	.+80     	; 0x5ae <__EEPROM_REGION_LENGTH__+0x1ae>
 55e:	f8 01       	movw	r30, r16
 560:	37 fe       	sbrs	r3, 7
 562:	07 c0       	rjmp	.+14     	; 0x572 <__EEPROM_REGION_LENGTH__+0x172>
 564:	60 81       	ld	r22, Z
 566:	71 81       	ldd	r23, Z+1	; 0x01
 568:	82 81       	ldd	r24, Z+2	; 0x02
 56a:	93 81       	ldd	r25, Z+3	; 0x03
 56c:	0c 5f       	subi	r16, 0xFC	; 252
 56e:	1f 4f       	sbci	r17, 0xFF	; 255
 570:	08 c0       	rjmp	.+16     	; 0x582 <__EEPROM_REGION_LENGTH__+0x182>
 572:	60 81       	ld	r22, Z
 574:	71 81       	ldd	r23, Z+1	; 0x01
 576:	07 2e       	mov	r0, r23
 578:	00 0c       	add	r0, r0
 57a:	88 0b       	sbc	r24, r24
 57c:	99 0b       	sbc	r25, r25
 57e:	0e 5f       	subi	r16, 0xFE	; 254
 580:	1f 4f       	sbci	r17, 0xFF	; 255
 582:	f3 2d       	mov	r31, r3
 584:	ff 76       	andi	r31, 0x6F	; 111
 586:	3f 2e       	mov	r3, r31
 588:	97 ff       	sbrs	r25, 7
 58a:	09 c0       	rjmp	.+18     	; 0x59e <__EEPROM_REGION_LENGTH__+0x19e>
 58c:	90 95       	com	r25
 58e:	80 95       	com	r24
 590:	70 95       	com	r23
 592:	61 95       	neg	r22
 594:	7f 4f       	sbci	r23, 0xFF	; 255
 596:	8f 4f       	sbci	r24, 0xFF	; 255
 598:	9f 4f       	sbci	r25, 0xFF	; 255
 59a:	f0 68       	ori	r31, 0x80	; 128
 59c:	3f 2e       	mov	r3, r31
 59e:	2a e0       	ldi	r18, 0x0A	; 10
 5a0:	30 e0       	ldi	r19, 0x00	; 0
 5a2:	a3 01       	movw	r20, r6
 5a4:	0e 94 f9 03 	call	0x7f2	; 0x7f2 <__ultoa_invert>
 5a8:	88 2e       	mov	r8, r24
 5aa:	86 18       	sub	r8, r6
 5ac:	45 c0       	rjmp	.+138    	; 0x638 <__EEPROM_REGION_LENGTH__+0x238>
 5ae:	85 37       	cpi	r24, 0x75	; 117
 5b0:	31 f4       	brne	.+12     	; 0x5be <__EEPROM_REGION_LENGTH__+0x1be>
 5b2:	23 2d       	mov	r18, r3
 5b4:	2f 7e       	andi	r18, 0xEF	; 239
 5b6:	b2 2e       	mov	r11, r18
 5b8:	2a e0       	ldi	r18, 0x0A	; 10
 5ba:	30 e0       	ldi	r19, 0x00	; 0
 5bc:	25 c0       	rjmp	.+74     	; 0x608 <__EEPROM_REGION_LENGTH__+0x208>
 5be:	93 2d       	mov	r25, r3
 5c0:	99 7f       	andi	r25, 0xF9	; 249
 5c2:	b9 2e       	mov	r11, r25
 5c4:	8f 36       	cpi	r24, 0x6F	; 111
 5c6:	c1 f0       	breq	.+48     	; 0x5f8 <__EEPROM_REGION_LENGTH__+0x1f8>
 5c8:	18 f4       	brcc	.+6      	; 0x5d0 <__EEPROM_REGION_LENGTH__+0x1d0>
 5ca:	88 35       	cpi	r24, 0x58	; 88
 5cc:	79 f0       	breq	.+30     	; 0x5ec <__EEPROM_REGION_LENGTH__+0x1ec>
 5ce:	b5 c0       	rjmp	.+362    	; 0x73a <__EEPROM_REGION_LENGTH__+0x33a>
 5d0:	80 37       	cpi	r24, 0x70	; 112
 5d2:	19 f0       	breq	.+6      	; 0x5da <__EEPROM_REGION_LENGTH__+0x1da>
 5d4:	88 37       	cpi	r24, 0x78	; 120
 5d6:	21 f0       	breq	.+8      	; 0x5e0 <__EEPROM_REGION_LENGTH__+0x1e0>
 5d8:	b0 c0       	rjmp	.+352    	; 0x73a <__EEPROM_REGION_LENGTH__+0x33a>
 5da:	e9 2f       	mov	r30, r25
 5dc:	e0 61       	ori	r30, 0x10	; 16
 5de:	be 2e       	mov	r11, r30
 5e0:	b4 fe       	sbrs	r11, 4
 5e2:	0d c0       	rjmp	.+26     	; 0x5fe <__EEPROM_REGION_LENGTH__+0x1fe>
 5e4:	fb 2d       	mov	r31, r11
 5e6:	f4 60       	ori	r31, 0x04	; 4
 5e8:	bf 2e       	mov	r11, r31
 5ea:	09 c0       	rjmp	.+18     	; 0x5fe <__EEPROM_REGION_LENGTH__+0x1fe>
 5ec:	34 fe       	sbrs	r3, 4
 5ee:	0a c0       	rjmp	.+20     	; 0x604 <__EEPROM_REGION_LENGTH__+0x204>
 5f0:	29 2f       	mov	r18, r25
 5f2:	26 60       	ori	r18, 0x06	; 6
 5f4:	b2 2e       	mov	r11, r18
 5f6:	06 c0       	rjmp	.+12     	; 0x604 <__EEPROM_REGION_LENGTH__+0x204>
 5f8:	28 e0       	ldi	r18, 0x08	; 8
 5fa:	30 e0       	ldi	r19, 0x00	; 0
 5fc:	05 c0       	rjmp	.+10     	; 0x608 <__EEPROM_REGION_LENGTH__+0x208>
 5fe:	20 e1       	ldi	r18, 0x10	; 16
 600:	30 e0       	ldi	r19, 0x00	; 0
 602:	02 c0       	rjmp	.+4      	; 0x608 <__EEPROM_REGION_LENGTH__+0x208>
 604:	20 e1       	ldi	r18, 0x10	; 16
 606:	32 e0       	ldi	r19, 0x02	; 2
 608:	f8 01       	movw	r30, r16
 60a:	b7 fe       	sbrs	r11, 7
 60c:	07 c0       	rjmp	.+14     	; 0x61c <__EEPROM_REGION_LENGTH__+0x21c>
 60e:	60 81       	ld	r22, Z
 610:	71 81       	ldd	r23, Z+1	; 0x01
 612:	82 81       	ldd	r24, Z+2	; 0x02
 614:	93 81       	ldd	r25, Z+3	; 0x03
 616:	0c 5f       	subi	r16, 0xFC	; 252
 618:	1f 4f       	sbci	r17, 0xFF	; 255
 61a:	06 c0       	rjmp	.+12     	; 0x628 <__EEPROM_REGION_LENGTH__+0x228>
 61c:	60 81       	ld	r22, Z
 61e:	71 81       	ldd	r23, Z+1	; 0x01
 620:	80 e0       	ldi	r24, 0x00	; 0
 622:	90 e0       	ldi	r25, 0x00	; 0
 624:	0e 5f       	subi	r16, 0xFE	; 254
 626:	1f 4f       	sbci	r17, 0xFF	; 255
 628:	a3 01       	movw	r20, r6
 62a:	0e 94 f9 03 	call	0x7f2	; 0x7f2 <__ultoa_invert>
 62e:	88 2e       	mov	r8, r24
 630:	86 18       	sub	r8, r6
 632:	fb 2d       	mov	r31, r11
 634:	ff 77       	andi	r31, 0x7F	; 127
 636:	3f 2e       	mov	r3, r31
 638:	36 fe       	sbrs	r3, 6
 63a:	0d c0       	rjmp	.+26     	; 0x656 <__EEPROM_REGION_LENGTH__+0x256>
 63c:	23 2d       	mov	r18, r3
 63e:	2e 7f       	andi	r18, 0xFE	; 254
 640:	a2 2e       	mov	r10, r18
 642:	89 14       	cp	r8, r9
 644:	58 f4       	brcc	.+22     	; 0x65c <__EEPROM_REGION_LENGTH__+0x25c>
 646:	34 fe       	sbrs	r3, 4
 648:	0b c0       	rjmp	.+22     	; 0x660 <__EEPROM_REGION_LENGTH__+0x260>
 64a:	32 fc       	sbrc	r3, 2
 64c:	09 c0       	rjmp	.+18     	; 0x660 <__EEPROM_REGION_LENGTH__+0x260>
 64e:	83 2d       	mov	r24, r3
 650:	8e 7e       	andi	r24, 0xEE	; 238
 652:	a8 2e       	mov	r10, r24
 654:	05 c0       	rjmp	.+10     	; 0x660 <__EEPROM_REGION_LENGTH__+0x260>
 656:	b8 2c       	mov	r11, r8
 658:	a3 2c       	mov	r10, r3
 65a:	03 c0       	rjmp	.+6      	; 0x662 <__EEPROM_REGION_LENGTH__+0x262>
 65c:	b8 2c       	mov	r11, r8
 65e:	01 c0       	rjmp	.+2      	; 0x662 <__EEPROM_REGION_LENGTH__+0x262>
 660:	b9 2c       	mov	r11, r9
 662:	a4 fe       	sbrs	r10, 4
 664:	0f c0       	rjmp	.+30     	; 0x684 <__EEPROM_REGION_LENGTH__+0x284>
 666:	fe 01       	movw	r30, r28
 668:	e8 0d       	add	r30, r8
 66a:	f1 1d       	adc	r31, r1
 66c:	80 81       	ld	r24, Z
 66e:	80 33       	cpi	r24, 0x30	; 48
 670:	21 f4       	brne	.+8      	; 0x67a <__EEPROM_REGION_LENGTH__+0x27a>
 672:	9a 2d       	mov	r25, r10
 674:	99 7e       	andi	r25, 0xE9	; 233
 676:	a9 2e       	mov	r10, r25
 678:	09 c0       	rjmp	.+18     	; 0x68c <__EEPROM_REGION_LENGTH__+0x28c>
 67a:	a2 fe       	sbrs	r10, 2
 67c:	06 c0       	rjmp	.+12     	; 0x68a <__EEPROM_REGION_LENGTH__+0x28a>
 67e:	b3 94       	inc	r11
 680:	b3 94       	inc	r11
 682:	04 c0       	rjmp	.+8      	; 0x68c <__EEPROM_REGION_LENGTH__+0x28c>
 684:	8a 2d       	mov	r24, r10
 686:	86 78       	andi	r24, 0x86	; 134
 688:	09 f0       	breq	.+2      	; 0x68c <__EEPROM_REGION_LENGTH__+0x28c>
 68a:	b3 94       	inc	r11
 68c:	a3 fc       	sbrc	r10, 3
 68e:	11 c0       	rjmp	.+34     	; 0x6b2 <__EEPROM_REGION_LENGTH__+0x2b2>
 690:	a0 fe       	sbrs	r10, 0
 692:	06 c0       	rjmp	.+12     	; 0x6a0 <__EEPROM_REGION_LENGTH__+0x2a0>
 694:	b2 14       	cp	r11, r2
 696:	88 f4       	brcc	.+34     	; 0x6ba <__EEPROM_REGION_LENGTH__+0x2ba>
 698:	28 0c       	add	r2, r8
 69a:	92 2c       	mov	r9, r2
 69c:	9b 18       	sub	r9, r11
 69e:	0e c0       	rjmp	.+28     	; 0x6bc <__EEPROM_REGION_LENGTH__+0x2bc>
 6a0:	b2 14       	cp	r11, r2
 6a2:	60 f4       	brcc	.+24     	; 0x6bc <__EEPROM_REGION_LENGTH__+0x2bc>
 6a4:	b6 01       	movw	r22, r12
 6a6:	80 e2       	ldi	r24, 0x20	; 32
 6a8:	90 e0       	ldi	r25, 0x00	; 0
 6aa:	0e 94 bd 03 	call	0x77a	; 0x77a <fputc>
 6ae:	b3 94       	inc	r11
 6b0:	f7 cf       	rjmp	.-18     	; 0x6a0 <__EEPROM_REGION_LENGTH__+0x2a0>
 6b2:	b2 14       	cp	r11, r2
 6b4:	18 f4       	brcc	.+6      	; 0x6bc <__EEPROM_REGION_LENGTH__+0x2bc>
 6b6:	2b 18       	sub	r2, r11
 6b8:	02 c0       	rjmp	.+4      	; 0x6be <__EEPROM_REGION_LENGTH__+0x2be>
 6ba:	98 2c       	mov	r9, r8
 6bc:	21 2c       	mov	r2, r1
 6be:	a4 fe       	sbrs	r10, 4
 6c0:	10 c0       	rjmp	.+32     	; 0x6e2 <__EEPROM_REGION_LENGTH__+0x2e2>
 6c2:	b6 01       	movw	r22, r12
 6c4:	80 e3       	ldi	r24, 0x30	; 48
 6c6:	90 e0       	ldi	r25, 0x00	; 0
 6c8:	0e 94 bd 03 	call	0x77a	; 0x77a <fputc>
 6cc:	a2 fe       	sbrs	r10, 2
 6ce:	17 c0       	rjmp	.+46     	; 0x6fe <__EEPROM_REGION_LENGTH__+0x2fe>
 6d0:	a1 fc       	sbrc	r10, 1
 6d2:	03 c0       	rjmp	.+6      	; 0x6da <__EEPROM_REGION_LENGTH__+0x2da>
 6d4:	88 e7       	ldi	r24, 0x78	; 120
 6d6:	90 e0       	ldi	r25, 0x00	; 0
 6d8:	02 c0       	rjmp	.+4      	; 0x6de <__EEPROM_REGION_LENGTH__+0x2de>
 6da:	88 e5       	ldi	r24, 0x58	; 88
 6dc:	90 e0       	ldi	r25, 0x00	; 0
 6de:	b6 01       	movw	r22, r12
 6e0:	0c c0       	rjmp	.+24     	; 0x6fa <__EEPROM_REGION_LENGTH__+0x2fa>
 6e2:	8a 2d       	mov	r24, r10
 6e4:	86 78       	andi	r24, 0x86	; 134
 6e6:	59 f0       	breq	.+22     	; 0x6fe <__EEPROM_REGION_LENGTH__+0x2fe>
 6e8:	a1 fe       	sbrs	r10, 1
 6ea:	02 c0       	rjmp	.+4      	; 0x6f0 <__EEPROM_REGION_LENGTH__+0x2f0>
 6ec:	8b e2       	ldi	r24, 0x2B	; 43
 6ee:	01 c0       	rjmp	.+2      	; 0x6f2 <__EEPROM_REGION_LENGTH__+0x2f2>
 6f0:	80 e2       	ldi	r24, 0x20	; 32
 6f2:	a7 fc       	sbrc	r10, 7
 6f4:	8d e2       	ldi	r24, 0x2D	; 45
 6f6:	b6 01       	movw	r22, r12
 6f8:	90 e0       	ldi	r25, 0x00	; 0
 6fa:	0e 94 bd 03 	call	0x77a	; 0x77a <fputc>
 6fe:	89 14       	cp	r8, r9
 700:	38 f4       	brcc	.+14     	; 0x710 <__EEPROM_REGION_LENGTH__+0x310>
 702:	b6 01       	movw	r22, r12
 704:	80 e3       	ldi	r24, 0x30	; 48
 706:	90 e0       	ldi	r25, 0x00	; 0
 708:	0e 94 bd 03 	call	0x77a	; 0x77a <fputc>
 70c:	9a 94       	dec	r9
 70e:	f7 cf       	rjmp	.-18     	; 0x6fe <__EEPROM_REGION_LENGTH__+0x2fe>
 710:	8a 94       	dec	r8
 712:	f3 01       	movw	r30, r6
 714:	e8 0d       	add	r30, r8
 716:	f1 1d       	adc	r31, r1
 718:	80 81       	ld	r24, Z
 71a:	b6 01       	movw	r22, r12
 71c:	90 e0       	ldi	r25, 0x00	; 0
 71e:	0e 94 bd 03 	call	0x77a	; 0x77a <fputc>
 722:	81 10       	cpse	r8, r1
 724:	f5 cf       	rjmp	.-22     	; 0x710 <__EEPROM_REGION_LENGTH__+0x310>
 726:	22 20       	and	r2, r2
 728:	09 f4       	brne	.+2      	; 0x72c <__EEPROM_REGION_LENGTH__+0x32c>
 72a:	42 ce       	rjmp	.-892    	; 0x3b0 <vfprintf+0x24>
 72c:	b6 01       	movw	r22, r12
 72e:	80 e2       	ldi	r24, 0x20	; 32
 730:	90 e0       	ldi	r25, 0x00	; 0
 732:	0e 94 bd 03 	call	0x77a	; 0x77a <fputc>
 736:	2a 94       	dec	r2
 738:	f6 cf       	rjmp	.-20     	; 0x726 <__EEPROM_REGION_LENGTH__+0x326>
 73a:	f6 01       	movw	r30, r12
 73c:	86 81       	ldd	r24, Z+6	; 0x06
 73e:	97 81       	ldd	r25, Z+7	; 0x07
 740:	02 c0       	rjmp	.+4      	; 0x746 <__EEPROM_REGION_LENGTH__+0x346>
 742:	8f ef       	ldi	r24, 0xFF	; 255
 744:	9f ef       	ldi	r25, 0xFF	; 255
 746:	2b 96       	adiw	r28, 0x0b	; 11
 748:	e2 e1       	ldi	r30, 0x12	; 18
 74a:	0c 94 73 04 	jmp	0x8e6	; 0x8e6 <__epilogue_restores__>

0000074e <strnlen_P>:
 74e:	fc 01       	movw	r30, r24
 750:	05 90       	lpm	r0, Z+
 752:	61 50       	subi	r22, 0x01	; 1
 754:	70 40       	sbci	r23, 0x00	; 0
 756:	01 10       	cpse	r0, r1
 758:	d8 f7       	brcc	.-10     	; 0x750 <strnlen_P+0x2>
 75a:	80 95       	com	r24
 75c:	90 95       	com	r25
 75e:	8e 0f       	add	r24, r30
 760:	9f 1f       	adc	r25, r31
 762:	08 95       	ret

00000764 <strnlen>:
 764:	fc 01       	movw	r30, r24
 766:	61 50       	subi	r22, 0x01	; 1
 768:	70 40       	sbci	r23, 0x00	; 0
 76a:	01 90       	ld	r0, Z+
 76c:	01 10       	cpse	r0, r1
 76e:	d8 f7       	brcc	.-10     	; 0x766 <strnlen+0x2>
 770:	80 95       	com	r24
 772:	90 95       	com	r25
 774:	8e 0f       	add	r24, r30
 776:	9f 1f       	adc	r25, r31
 778:	08 95       	ret

0000077a <fputc>:
 77a:	0f 93       	push	r16
 77c:	1f 93       	push	r17
 77e:	cf 93       	push	r28
 780:	df 93       	push	r29
 782:	fb 01       	movw	r30, r22
 784:	23 81       	ldd	r18, Z+3	; 0x03
 786:	21 fd       	sbrc	r18, 1
 788:	03 c0       	rjmp	.+6      	; 0x790 <fputc+0x16>
 78a:	8f ef       	ldi	r24, 0xFF	; 255
 78c:	9f ef       	ldi	r25, 0xFF	; 255
 78e:	2c c0       	rjmp	.+88     	; 0x7e8 <fputc+0x6e>
 790:	22 ff       	sbrs	r18, 2
 792:	16 c0       	rjmp	.+44     	; 0x7c0 <fputc+0x46>
 794:	46 81       	ldd	r20, Z+6	; 0x06
 796:	57 81       	ldd	r21, Z+7	; 0x07
 798:	24 81       	ldd	r18, Z+4	; 0x04
 79a:	35 81       	ldd	r19, Z+5	; 0x05
 79c:	42 17       	cp	r20, r18
 79e:	53 07       	cpc	r21, r19
 7a0:	44 f4       	brge	.+16     	; 0x7b2 <fputc+0x38>
 7a2:	a0 81       	ld	r26, Z
 7a4:	b1 81       	ldd	r27, Z+1	; 0x01
 7a6:	9d 01       	movw	r18, r26
 7a8:	2f 5f       	subi	r18, 0xFF	; 255
 7aa:	3f 4f       	sbci	r19, 0xFF	; 255
 7ac:	31 83       	std	Z+1, r19	; 0x01
 7ae:	20 83       	st	Z, r18
 7b0:	8c 93       	st	X, r24
 7b2:	26 81       	ldd	r18, Z+6	; 0x06
 7b4:	37 81       	ldd	r19, Z+7	; 0x07
 7b6:	2f 5f       	subi	r18, 0xFF	; 255
 7b8:	3f 4f       	sbci	r19, 0xFF	; 255
 7ba:	37 83       	std	Z+7, r19	; 0x07
 7bc:	26 83       	std	Z+6, r18	; 0x06
 7be:	14 c0       	rjmp	.+40     	; 0x7e8 <fputc+0x6e>
 7c0:	8b 01       	movw	r16, r22
 7c2:	ec 01       	movw	r28, r24
 7c4:	fb 01       	movw	r30, r22
 7c6:	00 84       	ldd	r0, Z+8	; 0x08
 7c8:	f1 85       	ldd	r31, Z+9	; 0x09
 7ca:	e0 2d       	mov	r30, r0
 7cc:	09 95       	icall
 7ce:	89 2b       	or	r24, r25
 7d0:	e1 f6       	brne	.-72     	; 0x78a <fputc+0x10>
 7d2:	d8 01       	movw	r26, r16
 7d4:	16 96       	adiw	r26, 0x06	; 6
 7d6:	8d 91       	ld	r24, X+
 7d8:	9c 91       	ld	r25, X
 7da:	17 97       	sbiw	r26, 0x07	; 7
 7dc:	01 96       	adiw	r24, 0x01	; 1
 7de:	17 96       	adiw	r26, 0x07	; 7
 7e0:	9c 93       	st	X, r25
 7e2:	8e 93       	st	-X, r24
 7e4:	16 97       	sbiw	r26, 0x06	; 6
 7e6:	ce 01       	movw	r24, r28
 7e8:	df 91       	pop	r29
 7ea:	cf 91       	pop	r28
 7ec:	1f 91       	pop	r17
 7ee:	0f 91       	pop	r16
 7f0:	08 95       	ret

000007f2 <__ultoa_invert>:
 7f2:	fa 01       	movw	r30, r20
 7f4:	aa 27       	eor	r26, r26
 7f6:	28 30       	cpi	r18, 0x08	; 8
 7f8:	51 f1       	breq	.+84     	; 0x84e <__DATA_REGION_LENGTH__+0x4e>
 7fa:	20 31       	cpi	r18, 0x10	; 16
 7fc:	81 f1       	breq	.+96     	; 0x85e <__DATA_REGION_LENGTH__+0x5e>
 7fe:	e8 94       	clt
 800:	6f 93       	push	r22
 802:	6e 7f       	andi	r22, 0xFE	; 254
 804:	6e 5f       	subi	r22, 0xFE	; 254
 806:	7f 4f       	sbci	r23, 0xFF	; 255
 808:	8f 4f       	sbci	r24, 0xFF	; 255
 80a:	9f 4f       	sbci	r25, 0xFF	; 255
 80c:	af 4f       	sbci	r26, 0xFF	; 255
 80e:	b1 e0       	ldi	r27, 0x01	; 1
 810:	3e d0       	rcall	.+124    	; 0x88e <__DATA_REGION_LENGTH__+0x8e>
 812:	b4 e0       	ldi	r27, 0x04	; 4
 814:	3c d0       	rcall	.+120    	; 0x88e <__DATA_REGION_LENGTH__+0x8e>
 816:	67 0f       	add	r22, r23
 818:	78 1f       	adc	r23, r24
 81a:	89 1f       	adc	r24, r25
 81c:	9a 1f       	adc	r25, r26
 81e:	a1 1d       	adc	r26, r1
 820:	68 0f       	add	r22, r24
 822:	79 1f       	adc	r23, r25
 824:	8a 1f       	adc	r24, r26
 826:	91 1d       	adc	r25, r1
 828:	a1 1d       	adc	r26, r1
 82a:	6a 0f       	add	r22, r26
 82c:	71 1d       	adc	r23, r1
 82e:	81 1d       	adc	r24, r1
 830:	91 1d       	adc	r25, r1
 832:	a1 1d       	adc	r26, r1
 834:	20 d0       	rcall	.+64     	; 0x876 <__DATA_REGION_LENGTH__+0x76>
 836:	09 f4       	brne	.+2      	; 0x83a <__DATA_REGION_LENGTH__+0x3a>
 838:	68 94       	set
 83a:	3f 91       	pop	r19
 83c:	2a e0       	ldi	r18, 0x0A	; 10
 83e:	26 9f       	mul	r18, r22
 840:	11 24       	eor	r1, r1
 842:	30 19       	sub	r19, r0
 844:	30 5d       	subi	r19, 0xD0	; 208
 846:	31 93       	st	Z+, r19
 848:	de f6       	brtc	.-74     	; 0x800 <__DATA_REGION_LENGTH__>
 84a:	cf 01       	movw	r24, r30
 84c:	08 95       	ret
 84e:	46 2f       	mov	r20, r22
 850:	47 70       	andi	r20, 0x07	; 7
 852:	40 5d       	subi	r20, 0xD0	; 208
 854:	41 93       	st	Z+, r20
 856:	b3 e0       	ldi	r27, 0x03	; 3
 858:	0f d0       	rcall	.+30     	; 0x878 <__DATA_REGION_LENGTH__+0x78>
 85a:	c9 f7       	brne	.-14     	; 0x84e <__DATA_REGION_LENGTH__+0x4e>
 85c:	f6 cf       	rjmp	.-20     	; 0x84a <__DATA_REGION_LENGTH__+0x4a>
 85e:	46 2f       	mov	r20, r22
 860:	4f 70       	andi	r20, 0x0F	; 15
 862:	40 5d       	subi	r20, 0xD0	; 208
 864:	4a 33       	cpi	r20, 0x3A	; 58
 866:	18 f0       	brcs	.+6      	; 0x86e <__DATA_REGION_LENGTH__+0x6e>
 868:	49 5d       	subi	r20, 0xD9	; 217
 86a:	31 fd       	sbrc	r19, 1
 86c:	40 52       	subi	r20, 0x20	; 32
 86e:	41 93       	st	Z+, r20
 870:	02 d0       	rcall	.+4      	; 0x876 <__DATA_REGION_LENGTH__+0x76>
 872:	a9 f7       	brne	.-22     	; 0x85e <__DATA_REGION_LENGTH__+0x5e>
 874:	ea cf       	rjmp	.-44     	; 0x84a <__DATA_REGION_LENGTH__+0x4a>
 876:	b4 e0       	ldi	r27, 0x04	; 4
 878:	a6 95       	lsr	r26
 87a:	97 95       	ror	r25
 87c:	87 95       	ror	r24
 87e:	77 95       	ror	r23
 880:	67 95       	ror	r22
 882:	ba 95       	dec	r27
 884:	c9 f7       	brne	.-14     	; 0x878 <__DATA_REGION_LENGTH__+0x78>
 886:	00 97       	sbiw	r24, 0x00	; 0
 888:	61 05       	cpc	r22, r1
 88a:	71 05       	cpc	r23, r1
 88c:	08 95       	ret
 88e:	9b 01       	movw	r18, r22
 890:	ac 01       	movw	r20, r24
 892:	0a 2e       	mov	r0, r26
 894:	06 94       	lsr	r0
 896:	57 95       	ror	r21
 898:	47 95       	ror	r20
 89a:	37 95       	ror	r19
 89c:	27 95       	ror	r18
 89e:	ba 95       	dec	r27
 8a0:	c9 f7       	brne	.-14     	; 0x894 <__DATA_REGION_LENGTH__+0x94>
 8a2:	62 0f       	add	r22, r18
 8a4:	73 1f       	adc	r23, r19
 8a6:	84 1f       	adc	r24, r20
 8a8:	95 1f       	adc	r25, r21
 8aa:	a0 1d       	adc	r26, r0
 8ac:	08 95       	ret

000008ae <__prologue_saves__>:
 8ae:	2f 92       	push	r2
 8b0:	3f 92       	push	r3
 8b2:	4f 92       	push	r4
 8b4:	5f 92       	push	r5
 8b6:	6f 92       	push	r6
 8b8:	7f 92       	push	r7
 8ba:	8f 92       	push	r8
 8bc:	9f 92       	push	r9
 8be:	af 92       	push	r10
 8c0:	bf 92       	push	r11
 8c2:	cf 92       	push	r12
 8c4:	df 92       	push	r13
 8c6:	ef 92       	push	r14
 8c8:	ff 92       	push	r15
 8ca:	0f 93       	push	r16
 8cc:	1f 93       	push	r17
 8ce:	cf 93       	push	r28
 8d0:	df 93       	push	r29
 8d2:	cd b7       	in	r28, 0x3d	; 61
 8d4:	de b7       	in	r29, 0x3e	; 62
 8d6:	ca 1b       	sub	r28, r26
 8d8:	db 0b       	sbc	r29, r27
 8da:	0f b6       	in	r0, 0x3f	; 63
 8dc:	f8 94       	cli
 8de:	de bf       	out	0x3e, r29	; 62
 8e0:	0f be       	out	0x3f, r0	; 63
 8e2:	cd bf       	out	0x3d, r28	; 61
 8e4:	09 94       	ijmp

000008e6 <__epilogue_restores__>:
 8e6:	2a 88       	ldd	r2, Y+18	; 0x12
 8e8:	39 88       	ldd	r3, Y+17	; 0x11
 8ea:	48 88       	ldd	r4, Y+16	; 0x10
 8ec:	5f 84       	ldd	r5, Y+15	; 0x0f
 8ee:	6e 84       	ldd	r6, Y+14	; 0x0e
 8f0:	7d 84       	ldd	r7, Y+13	; 0x0d
 8f2:	8c 84       	ldd	r8, Y+12	; 0x0c
 8f4:	9b 84       	ldd	r9, Y+11	; 0x0b
 8f6:	aa 84       	ldd	r10, Y+10	; 0x0a
 8f8:	b9 84       	ldd	r11, Y+9	; 0x09
 8fa:	c8 84       	ldd	r12, Y+8	; 0x08
 8fc:	df 80       	ldd	r13, Y+7	; 0x07
 8fe:	ee 80       	ldd	r14, Y+6	; 0x06
 900:	fd 80       	ldd	r15, Y+5	; 0x05
 902:	0c 81       	ldd	r16, Y+4	; 0x04
 904:	1b 81       	ldd	r17, Y+3	; 0x03
 906:	aa 81       	ldd	r26, Y+2	; 0x02
 908:	b9 81       	ldd	r27, Y+1	; 0x01
 90a:	ce 0f       	add	r28, r30
 90c:	d1 1d       	adc	r29, r1
 90e:	0f b6       	in	r0, 0x3f	; 63
 910:	f8 94       	cli
 912:	de bf       	out	0x3e, r29	; 62
 914:	0f be       	out	0x3f, r0	; 63
 916:	cd bf       	out	0x3d, r28	; 61
 918:	ed 01       	movw	r28, r26
 91a:	08 95       	ret

0000091c <_exit>:
 91c:	f8 94       	cli

0000091e <__stop_program>:
 91e:	ff cf       	rjmp	.-2      	; 0x91e <__stop_program>
