
zadanie3.elf:     file format elf32-avr

Sections:
Idx Name          Size      VMA       LMA       File off  Algn
  0 .data         00000008  00800100  000008a2  00000936  2**0
                  CONTENTS, ALLOC, LOAD, DATA
  1 .text         000008a2  00000000  00000000  00000094  2**1
                  CONTENTS, ALLOC, LOAD, READONLY, CODE
  2 .bss          00000018  00800108  00800108  0000093e  2**0
                  ALLOC
  3 .stab         00000894  00000000  00000000  00000940  2**2
                  CONTENTS, READONLY, DEBUGGING
  4 .stabstr      00000ecc  00000000  00000000  000011d4  2**0
                  CONTENTS, READONLY, DEBUGGING
  5 .comment      00000011  00000000  00000000  000020a0  2**0
                  CONTENTS, READONLY
  6 .note.gnu.avr.deviceinfo 00000040  00000000  00000000  000020b4  2**2
                  CONTENTS, READONLY
  7 .debug_info   000005f4  00000000  00000000  000020f4  2**0
                  CONTENTS, READONLY, DEBUGGING
  8 .debug_abbrev 000005a2  00000000  00000000  000026e8  2**0
                  CONTENTS, READONLY, DEBUGGING
  9 .debug_line   0000001a  00000000  00000000  00002c8a  2**0
                  CONTENTS, READONLY, DEBUGGING
 10 .debug_str    00000208  00000000  00000000  00002ca4  2**0
                  CONTENTS, READONLY, DEBUGGING

Disassembly of section .text:

00000000 <__vectors>:
   0:	0c 94 34 00 	jmp	0x68	; 0x68 <__ctors_end>
   4:	0c 94 51 00 	jmp	0xa2	; 0xa2 <__bad_interrupt>
   8:	0c 94 51 00 	jmp	0xa2	; 0xa2 <__bad_interrupt>
   c:	0c 94 51 00 	jmp	0xa2	; 0xa2 <__bad_interrupt>
  10:	0c 94 51 00 	jmp	0xa2	; 0xa2 <__bad_interrupt>
  14:	0c 94 51 00 	jmp	0xa2	; 0xa2 <__bad_interrupt>
  18:	0c 94 51 00 	jmp	0xa2	; 0xa2 <__bad_interrupt>
  1c:	0c 94 51 00 	jmp	0xa2	; 0xa2 <__bad_interrupt>
  20:	0c 94 51 00 	jmp	0xa2	; 0xa2 <__bad_interrupt>
  24:	0c 94 51 00 	jmp	0xa2	; 0xa2 <__bad_interrupt>
  28:	0c 94 87 00 	jmp	0x10e	; 0x10e <__vector_10>
  2c:	0c 94 51 00 	jmp	0xa2	; 0xa2 <__bad_interrupt>
  30:	0c 94 51 00 	jmp	0xa2	; 0xa2 <__bad_interrupt>
  34:	0c 94 a5 00 	jmp	0x14a	; 0x14a <__vector_13>
  38:	0c 94 51 00 	jmp	0xa2	; 0xa2 <__bad_interrupt>
  3c:	0c 94 51 00 	jmp	0xa2	; 0xa2 <__bad_interrupt>
  40:	0c 94 51 00 	jmp	0xa2	; 0xa2 <__bad_interrupt>
  44:	0c 94 51 00 	jmp	0xa2	; 0xa2 <__bad_interrupt>
  48:	0c 94 51 00 	jmp	0xa2	; 0xa2 <__bad_interrupt>
  4c:	0c 94 51 00 	jmp	0xa2	; 0xa2 <__bad_interrupt>
  50:	0c 94 51 00 	jmp	0xa2	; 0xa2 <__bad_interrupt>
  54:	0c 94 51 00 	jmp	0xa2	; 0xa2 <__bad_interrupt>
  58:	0c 94 51 00 	jmp	0xa2	; 0xa2 <__bad_interrupt>
  5c:	0c 94 51 00 	jmp	0xa2	; 0xa2 <__bad_interrupt>
  60:	0c 94 51 00 	jmp	0xa2	; 0xa2 <__bad_interrupt>
  64:	0c 94 51 00 	jmp	0xa2	; 0xa2 <__bad_interrupt>

00000068 <__ctors_end>:
  68:	11 24       	eor	r1, r1
  6a:	1f be       	out	0x3f, r1	; 63
  6c:	cf ef       	ldi	r28, 0xFF	; 255
  6e:	d8 e0       	ldi	r29, 0x08	; 8
  70:	de bf       	out	0x3e, r29	; 62
  72:	cd bf       	out	0x3d, r28	; 61

00000074 <__do_copy_data>:
  74:	11 e0       	ldi	r17, 0x01	; 1
  76:	a0 e0       	ldi	r26, 0x00	; 0
  78:	b1 e0       	ldi	r27, 0x01	; 1
  7a:	e2 ea       	ldi	r30, 0xA2	; 162
  7c:	f8 e0       	ldi	r31, 0x08	; 8
  7e:	02 c0       	rjmp	.+4      	; 0x84 <__do_copy_data+0x10>
  80:	05 90       	lpm	r0, Z+
  82:	0d 92       	st	X+, r0
  84:	a8 30       	cpi	r26, 0x08	; 8
  86:	b1 07       	cpc	r27, r17
  88:	d9 f7       	brne	.-10     	; 0x80 <__do_copy_data+0xc>

0000008a <__do_clear_bss>:
  8a:	21 e0       	ldi	r18, 0x01	; 1
  8c:	a8 e0       	ldi	r26, 0x08	; 8
  8e:	b1 e0       	ldi	r27, 0x01	; 1
  90:	01 c0       	rjmp	.+2      	; 0x94 <.do_clear_bss_start>

00000092 <.do_clear_bss_loop>:
  92:	1d 92       	st	X+, r1

00000094 <.do_clear_bss_start>:
  94:	a0 32       	cpi	r26, 0x20	; 32
  96:	b2 07       	cpc	r27, r18
  98:	e1 f7       	brne	.-8      	; 0x92 <.do_clear_bss_loop>
  9a:	0e 94 ec 00 	call	0x1d8	; 0x1d8 <main>
  9e:	0c 94 4f 04 	jmp	0x89e	; 0x89e <_exit>

000000a2 <__bad_interrupt>:
  a2:	0c 94 00 00 	jmp	0	; 0x0 <__vectors>

000000a6 <uart_transmit>:

// transmisja jednego znaku
int uart_transmit(char data, FILE *stream)
{
  // czekaj aż transmiter gotowy
  while(!(UCSR0A & _BV(UDRE0)));
  a6:	90 91 c0 00 	lds	r25, 0x00C0	; 0x8000c0 <__TEXT_REGION_LENGTH__+0x7f80c0>
  aa:	95 ff       	sbrs	r25, 5
  ac:	fc cf       	rjmp	.-8      	; 0xa6 <uart_transmit>
  UDR0 = data;
  ae:	80 93 c6 00 	sts	0x00C6, r24	; 0x8000c6 <__TEXT_REGION_LENGTH__+0x7f80c6>
  return 0;
}
  b2:	80 e0       	ldi	r24, 0x00	; 0
  b4:	90 e0       	ldi	r25, 0x00	; 0
  b6:	08 95       	ret

000000b8 <uart_receive>:

// odczyt jednego znaku
int uart_receive(FILE *stream)
{
  // czekaj aż znak dostępny
  while (!(UCSR0A & _BV(RXC0)));
  b8:	80 91 c0 00 	lds	r24, 0x00C0	; 0x8000c0 <__TEXT_REGION_LENGTH__+0x7f80c0>
  bc:	87 ff       	sbrs	r24, 7
  be:	fc cf       	rjmp	.-8      	; 0xb8 <uart_receive>
  return UDR0;
  c0:	80 91 c6 00 	lds	r24, 0x00C6	; 0x8000c6 <__TEXT_REGION_LENGTH__+0x7f80c6>
}
  c4:	90 e0       	ldi	r25, 0x00	; 0
  c6:	08 95       	ret

000000c8 <uart_init>:

// inicjalizacja UART
void uart_init()
{
  // ustaw baudrate
  UBRR0 = UBRR_VALUE;
  c8:	87 e6       	ldi	r24, 0x67	; 103
  ca:	90 e0       	ldi	r25, 0x00	; 0
  cc:	90 93 c5 00 	sts	0x00C5, r25	; 0x8000c5 <__TEXT_REGION_LENGTH__+0x7f80c5>
  d0:	80 93 c4 00 	sts	0x00C4, r24	; 0x8000c4 <__TEXT_REGION_LENGTH__+0x7f80c4>
  // wyczyść rejestr UCSR0A
  UCSR0A = 0;
  d4:	10 92 c0 00 	sts	0x00C0, r1	; 0x8000c0 <__TEXT_REGION_LENGTH__+0x7f80c0>
  // włącz odbiornik i nadajnik
  UCSR0B = _BV(RXEN0) | _BV(TXEN0);
  d8:	88 e1       	ldi	r24, 0x18	; 24
  da:	80 93 c1 00 	sts	0x00C1, r24	; 0x8000c1 <__TEXT_REGION_LENGTH__+0x7f80c1>
  // ustaw format 8n1
  UCSR0C = _BV(UCSZ00) | _BV(UCSZ01);
  de:	86 e0       	ldi	r24, 0x06	; 6
  e0:	80 93 c2 00 	sts	0x00C2, r24	; 0x8000c2 <__TEXT_REGION_LENGTH__+0x7f80c2>
  e4:	08 95       	ret

000000e6 <timer1_init>:
static uint16_t new;

void timer1_init()
{
  // 16e6/(1024*(1+31249)) = 0.5Hz
  TCCR1A = _BV(WGM11) | _BV(WGM10);
  e6:	83 e0       	ldi	r24, 0x03	; 3
  e8:	80 93 80 00 	sts	0x0080, r24	; 0x800080 <__TEXT_REGION_LENGTH__+0x7f8080>
  TCCR1B = _BV(WGM12) | _BV(WGM13);
  ec:	e1 e8       	ldi	r30, 0x81	; 129
  ee:	f0 e0       	ldi	r31, 0x00	; 0
  f0:	88 e1       	ldi	r24, 0x18	; 24
  f2:	80 83       	st	Z, r24
  TCCR1B |= _BV(CS10) | _BV(CS12);
  f4:	80 81       	ld	r24, Z
  f6:	85 60       	ori	r24, 0x05	; 5
  f8:	80 83       	st	Z, r24
  OCR1A = 31249;
  fa:	81 e1       	ldi	r24, 0x11	; 17
  fc:	9a e7       	ldi	r25, 0x7A	; 122
  fe:	90 93 89 00 	sts	0x0089, r25	; 0x800089 <__TEXT_REGION_LENGTH__+0x7f8089>
 102:	80 93 88 00 	sts	0x0088, r24	; 0x800088 <__TEXT_REGION_LENGTH__+0x7f8088>
  TIMSK1 = _BV(ICIE1) | _BV(TOIE1);
 106:	81 e2       	ldi	r24, 0x21	; 33
 108:	80 93 6f 00 	sts	0x006F, r24	; 0x80006f <__TEXT_REGION_LENGTH__+0x7f806f>
 10c:	08 95       	ret

0000010e <__vector_10>:
} 


ISR(TIMER1_CAPT_vect)
{
 10e:	1f 92       	push	r1
 110:	0f 92       	push	r0
 112:	0f b6       	in	r0, 0x3f	; 63
 114:	0f 92       	push	r0
 116:	11 24       	eor	r1, r1
 118:	8f 93       	push	r24
 11a:	9f 93       	push	r25
  old = new;
 11c:	80 91 08 01 	lds	r24, 0x0108	; 0x800108 <__data_end>
 120:	90 91 09 01 	lds	r25, 0x0109	; 0x800109 <__data_end+0x1>
 124:	90 93 0b 01 	sts	0x010B, r25	; 0x80010b <old+0x1>
 128:	80 93 0a 01 	sts	0x010A, r24	; 0x80010a <old>
  new = ICR1;
 12c:	80 91 86 00 	lds	r24, 0x0086	; 0x800086 <__TEXT_REGION_LENGTH__+0x7f8086>
 130:	90 91 87 00 	lds	r25, 0x0087	; 0x800087 <__TEXT_REGION_LENGTH__+0x7f8087>
 134:	90 93 09 01 	sts	0x0109, r25	; 0x800109 <__data_end+0x1>
 138:	80 93 08 01 	sts	0x0108, r24	; 0x800108 <__data_end>
}
 13c:	9f 91       	pop	r25
 13e:	8f 91       	pop	r24
 140:	0f 90       	pop	r0
 142:	0f be       	out	0x3f, r0	; 63
 144:	0f 90       	pop	r0
 146:	1f 90       	pop	r1
 148:	18 95       	reti

0000014a <__vector_13>:

ISR(TIMER1_OVF_vect)
{
 14a:	1f 92       	push	r1
 14c:	0f 92       	push	r0
 14e:	0f b6       	in	r0, 0x3f	; 63
 150:	0f 92       	push	r0
 152:	11 24       	eor	r1, r1
 154:	2f 93       	push	r18
 156:	3f 93       	push	r19
 158:	4f 93       	push	r20
 15a:	5f 93       	push	r21
 15c:	6f 93       	push	r22
 15e:	7f 93       	push	r23
 160:	8f 93       	push	r24
 162:	9f 93       	push	r25
 164:	af 93       	push	r26
 166:	bf 93       	push	r27
 168:	ef 93       	push	r30
 16a:	ff 93       	push	r31
  printf("%"PRIu16"µs\r\n", (uint16_t)((uint32_t)(new-old)*2000000/OCR1A));
 16c:	e0 91 88 00 	lds	r30, 0x0088	; 0x800088 <__TEXT_REGION_LENGTH__+0x7f8088>
 170:	f0 91 89 00 	lds	r31, 0x0089	; 0x800089 <__TEXT_REGION_LENGTH__+0x7f8089>
 174:	a0 91 08 01 	lds	r26, 0x0108	; 0x800108 <__data_end>
 178:	b0 91 09 01 	lds	r27, 0x0109	; 0x800109 <__data_end+0x1>
 17c:	80 91 0a 01 	lds	r24, 0x010A	; 0x80010a <old>
 180:	90 91 0b 01 	lds	r25, 0x010B	; 0x80010b <old+0x1>
 184:	a8 1b       	sub	r26, r24
 186:	b9 0b       	sbc	r27, r25
 188:	20 e8       	ldi	r18, 0x80	; 128
 18a:	34 e8       	ldi	r19, 0x84	; 132
 18c:	4e e1       	ldi	r20, 0x1E	; 30
 18e:	50 e0       	ldi	r21, 0x00	; 0
 190:	0e 94 57 01 	call	0x2ae	; 0x2ae <__muluhisi3>
 194:	9f 01       	movw	r18, r30
 196:	40 e0       	ldi	r20, 0x00	; 0
 198:	50 e0       	ldi	r21, 0x00	; 0
 19a:	0e 94 35 01 	call	0x26a	; 0x26a <__udivmodsi4>
 19e:	3f 93       	push	r19
 1a0:	2f 93       	push	r18
 1a2:	80 e0       	ldi	r24, 0x00	; 0
 1a4:	91 e0       	ldi	r25, 0x01	; 1
 1a6:	9f 93       	push	r25
 1a8:	8f 93       	push	r24
 1aa:	0e 94 71 01 	call	0x2e2	; 0x2e2 <printf>
}
 1ae:	0f 90       	pop	r0
 1b0:	0f 90       	pop	r0
 1b2:	0f 90       	pop	r0
 1b4:	0f 90       	pop	r0
 1b6:	ff 91       	pop	r31
 1b8:	ef 91       	pop	r30
 1ba:	bf 91       	pop	r27
 1bc:	af 91       	pop	r26
 1be:	9f 91       	pop	r25
 1c0:	8f 91       	pop	r24
 1c2:	7f 91       	pop	r23
 1c4:	6f 91       	pop	r22
 1c6:	5f 91       	pop	r21
 1c8:	4f 91       	pop	r20
 1ca:	3f 91       	pop	r19
 1cc:	2f 91       	pop	r18
 1ce:	0f 90       	pop	r0
 1d0:	0f be       	out	0x3f, r0	; 63
 1d2:	0f 90       	pop	r0
 1d4:	1f 90       	pop	r1
 1d6:	18 95       	reti

000001d8 <main>:
static uint16_t new;

void timer1_init()
{
  // 16e6/(1024*(1+31249)) = 0.5Hz
  TCCR1A = _BV(WGM11) | _BV(WGM10);
 1d8:	83 e0       	ldi	r24, 0x03	; 3
 1da:	80 93 80 00 	sts	0x0080, r24	; 0x800080 <__TEXT_REGION_LENGTH__+0x7f8080>
  TCCR1B = _BV(WGM12) | _BV(WGM13);
 1de:	28 e1       	ldi	r18, 0x18	; 24
 1e0:	20 93 81 00 	sts	0x0081, r18	; 0x800081 <__TEXT_REGION_LENGTH__+0x7f8081>
  TCCR1B |= _BV(CS10) | _BV(CS12);
 1e4:	90 91 81 00 	lds	r25, 0x0081	; 0x800081 <__TEXT_REGION_LENGTH__+0x7f8081>
 1e8:	95 60       	ori	r25, 0x05	; 5
 1ea:	90 93 81 00 	sts	0x0081, r25	; 0x800081 <__TEXT_REGION_LENGTH__+0x7f8081>
  OCR1A = 31249;
 1ee:	41 e1       	ldi	r20, 0x11	; 17
 1f0:	5a e7       	ldi	r21, 0x7A	; 122
 1f2:	50 93 89 00 	sts	0x0089, r21	; 0x800089 <__TEXT_REGION_LENGTH__+0x7f8089>
 1f6:	40 93 88 00 	sts	0x0088, r20	; 0x800088 <__TEXT_REGION_LENGTH__+0x7f8088>
  TIMSK1 = _BV(ICIE1) | _BV(TOIE1);
 1fa:	91 e2       	ldi	r25, 0x21	; 33
 1fc:	90 93 6f 00 	sts	0x006F, r25	; 0x80006f <__TEXT_REGION_LENGTH__+0x7f806f>

// inicjalizacja UART
void uart_init()
{
  // ustaw baudrate
  UBRR0 = UBRR_VALUE;
 200:	47 e6       	ldi	r20, 0x67	; 103
 202:	50 e0       	ldi	r21, 0x00	; 0
 204:	50 93 c5 00 	sts	0x00C5, r21	; 0x8000c5 <__TEXT_REGION_LENGTH__+0x7f80c5>
 208:	40 93 c4 00 	sts	0x00C4, r20	; 0x8000c4 <__TEXT_REGION_LENGTH__+0x7f80c4>
  // wyczyść rejestr UCSR0A
  UCSR0A = 0;
 20c:	10 92 c0 00 	sts	0x00C0, r1	; 0x8000c0 <__TEXT_REGION_LENGTH__+0x7f80c0>
  // włącz odbiornik i nadajnik
  UCSR0B = _BV(RXEN0) | _BV(TXEN0);
 210:	20 93 c1 00 	sts	0x00C1, r18	; 0x8000c1 <__TEXT_REGION_LENGTH__+0x7f80c1>
  // ustaw format 8n1
  UCSR0C = _BV(UCSZ00) | _BV(UCSZ01);
 214:	96 e0       	ldi	r25, 0x06	; 6
 216:	90 93 c2 00 	sts	0x00C2, r25	; 0x8000c2 <__TEXT_REGION_LENGTH__+0x7f80c2>
{
  timer1_init();
  // zainicjalizuj UART
  uart_init();
  // skonfiguruj strumienie wejścia/wyjścia
  fdev_setup_stream(&uart_file, uart_transmit, uart_receive, _FDEV_SETUP_RW);
 21a:	2c e0       	ldi	r18, 0x0C	; 12
 21c:	31 e0       	ldi	r19, 0x01	; 1
 21e:	43 e5       	ldi	r20, 0x53	; 83
 220:	50 e0       	ldi	r21, 0x00	; 0
 222:	50 93 15 01 	sts	0x0115, r21	; 0x800115 <uart_file+0x9>
 226:	40 93 14 01 	sts	0x0114, r20	; 0x800114 <uart_file+0x8>
 22a:	4c e5       	ldi	r20, 0x5C	; 92
 22c:	50 e0       	ldi	r21, 0x00	; 0
 22e:	50 93 17 01 	sts	0x0117, r21	; 0x800117 <uart_file+0xb>
 232:	40 93 16 01 	sts	0x0116, r20	; 0x800116 <uart_file+0xa>
 236:	80 93 0f 01 	sts	0x010F, r24	; 0x80010f <uart_file+0x3>
 23a:	10 92 19 01 	sts	0x0119, r1	; 0x800119 <uart_file+0xd>
 23e:	10 92 18 01 	sts	0x0118, r1	; 0x800118 <uart_file+0xc>
  stdin = stdout = stderr = &uart_file;
 242:	30 93 1f 01 	sts	0x011F, r19	; 0x80011f <__iob+0x5>
 246:	20 93 1e 01 	sts	0x011E, r18	; 0x80011e <__iob+0x4>
 24a:	30 93 1d 01 	sts	0x011D, r19	; 0x80011d <__iob+0x3>
 24e:	20 93 1c 01 	sts	0x011C, r18	; 0x80011c <__iob+0x2>
 252:	30 93 1b 01 	sts	0x011B, r19	; 0x80011b <__iob+0x1>
 256:	20 93 1a 01 	sts	0x011A, r18	; 0x80011a <__iob>

  PORTD = _BV(PD6) | _BV(PD7);
 25a:	90 ec       	ldi	r25, 0xC0	; 192
 25c:	9b b9       	out	0x0b, r25	; 11
  DIDR1 = _BV(AIN0D) | _BV(AIN1D);
 25e:	80 93 7f 00 	sts	0x007F, r24	; 0x80007f <__TEXT_REGION_LENGTH__+0x7f807f>
  ACSR = _BV(ACIC);
 262:	84 e0       	ldi	r24, 0x04	; 4
 264:	80 bf       	out	0x30, r24	; 48

  sei();
 266:	78 94       	sei
 268:	ff cf       	rjmp	.-2      	; 0x268 <main+0x90>

0000026a <__udivmodsi4>:
 26a:	a1 e2       	ldi	r26, 0x21	; 33
 26c:	1a 2e       	mov	r1, r26
 26e:	aa 1b       	sub	r26, r26
 270:	bb 1b       	sub	r27, r27
 272:	fd 01       	movw	r30, r26
 274:	0d c0       	rjmp	.+26     	; 0x290 <__udivmodsi4_ep>

00000276 <__udivmodsi4_loop>:
 276:	aa 1f       	adc	r26, r26
 278:	bb 1f       	adc	r27, r27
 27a:	ee 1f       	adc	r30, r30
 27c:	ff 1f       	adc	r31, r31
 27e:	a2 17       	cp	r26, r18
 280:	b3 07       	cpc	r27, r19
 282:	e4 07       	cpc	r30, r20
 284:	f5 07       	cpc	r31, r21
 286:	20 f0       	brcs	.+8      	; 0x290 <__udivmodsi4_ep>
 288:	a2 1b       	sub	r26, r18
 28a:	b3 0b       	sbc	r27, r19
 28c:	e4 0b       	sbc	r30, r20
 28e:	f5 0b       	sbc	r31, r21

00000290 <__udivmodsi4_ep>:
 290:	66 1f       	adc	r22, r22
 292:	77 1f       	adc	r23, r23
 294:	88 1f       	adc	r24, r24
 296:	99 1f       	adc	r25, r25
 298:	1a 94       	dec	r1
 29a:	69 f7       	brne	.-38     	; 0x276 <__udivmodsi4_loop>
 29c:	60 95       	com	r22
 29e:	70 95       	com	r23
 2a0:	80 95       	com	r24
 2a2:	90 95       	com	r25
 2a4:	9b 01       	movw	r18, r22
 2a6:	ac 01       	movw	r20, r24
 2a8:	bd 01       	movw	r22, r26
 2aa:	cf 01       	movw	r24, r30
 2ac:	08 95       	ret

000002ae <__muluhisi3>:
 2ae:	0e 94 62 01 	call	0x2c4	; 0x2c4 <__umulhisi3>
 2b2:	a5 9f       	mul	r26, r21
 2b4:	90 0d       	add	r25, r0
 2b6:	b4 9f       	mul	r27, r20
 2b8:	90 0d       	add	r25, r0
 2ba:	a4 9f       	mul	r26, r20
 2bc:	80 0d       	add	r24, r0
 2be:	91 1d       	adc	r25, r1
 2c0:	11 24       	eor	r1, r1
 2c2:	08 95       	ret

000002c4 <__umulhisi3>:
 2c4:	a2 9f       	mul	r26, r18
 2c6:	b0 01       	movw	r22, r0
 2c8:	b3 9f       	mul	r27, r19
 2ca:	c0 01       	movw	r24, r0
 2cc:	a3 9f       	mul	r26, r19
 2ce:	70 0d       	add	r23, r0
 2d0:	81 1d       	adc	r24, r1
 2d2:	11 24       	eor	r1, r1
 2d4:	91 1d       	adc	r25, r1
 2d6:	b2 9f       	mul	r27, r18
 2d8:	70 0d       	add	r23, r0
 2da:	81 1d       	adc	r24, r1
 2dc:	11 24       	eor	r1, r1
 2de:	91 1d       	adc	r25, r1
 2e0:	08 95       	ret

000002e2 <printf>:
 2e2:	a0 e0       	ldi	r26, 0x00	; 0
 2e4:	b0 e0       	ldi	r27, 0x00	; 0
 2e6:	e7 e7       	ldi	r30, 0x77	; 119
 2e8:	f1 e0       	ldi	r31, 0x01	; 1
 2ea:	0c 94 28 04 	jmp	0x850	; 0x850 <__prologue_saves__+0x20>
 2ee:	ae 01       	movw	r20, r28
 2f0:	4b 5f       	subi	r20, 0xFB	; 251
 2f2:	5f 4f       	sbci	r21, 0xFF	; 255
 2f4:	fa 01       	movw	r30, r20
 2f6:	61 91       	ld	r22, Z+
 2f8:	71 91       	ld	r23, Z+
 2fa:	af 01       	movw	r20, r30
 2fc:	80 91 1c 01 	lds	r24, 0x011C	; 0x80011c <__iob+0x2>
 300:	90 91 1d 01 	lds	r25, 0x011D	; 0x80011d <__iob+0x3>
 304:	0e 94 87 01 	call	0x30e	; 0x30e <vfprintf>
 308:	e2 e0       	ldi	r30, 0x02	; 2
 30a:	0c 94 44 04 	jmp	0x888	; 0x888 <__epilogue_restores__+0x20>

0000030e <vfprintf>:
 30e:	ab e0       	ldi	r26, 0x0B	; 11
 310:	b0 e0       	ldi	r27, 0x00	; 0
 312:	ed e8       	ldi	r30, 0x8D	; 141
 314:	f1 e0       	ldi	r31, 0x01	; 1
 316:	0c 94 18 04 	jmp	0x830	; 0x830 <__prologue_saves__>
 31a:	6c 01       	movw	r12, r24
 31c:	7b 01       	movw	r14, r22
 31e:	8a 01       	movw	r16, r20
 320:	fc 01       	movw	r30, r24
 322:	17 82       	std	Z+7, r1	; 0x07
 324:	16 82       	std	Z+6, r1	; 0x06
 326:	83 81       	ldd	r24, Z+3	; 0x03
 328:	81 ff       	sbrs	r24, 1
 32a:	cc c1       	rjmp	.+920    	; 0x6c4 <__EEPROM_REGION_LENGTH__+0x2c4>
 32c:	ce 01       	movw	r24, r28
 32e:	01 96       	adiw	r24, 0x01	; 1
 330:	3c 01       	movw	r6, r24
 332:	f6 01       	movw	r30, r12
 334:	93 81       	ldd	r25, Z+3	; 0x03
 336:	f7 01       	movw	r30, r14
 338:	93 fd       	sbrc	r25, 3
 33a:	85 91       	lpm	r24, Z+
 33c:	93 ff       	sbrs	r25, 3
 33e:	81 91       	ld	r24, Z+
 340:	7f 01       	movw	r14, r30
 342:	88 23       	and	r24, r24
 344:	09 f4       	brne	.+2      	; 0x348 <vfprintf+0x3a>
 346:	ba c1       	rjmp	.+884    	; 0x6bc <__EEPROM_REGION_LENGTH__+0x2bc>
 348:	85 32       	cpi	r24, 0x25	; 37
 34a:	39 f4       	brne	.+14     	; 0x35a <vfprintf+0x4c>
 34c:	93 fd       	sbrc	r25, 3
 34e:	85 91       	lpm	r24, Z+
 350:	93 ff       	sbrs	r25, 3
 352:	81 91       	ld	r24, Z+
 354:	7f 01       	movw	r14, r30
 356:	85 32       	cpi	r24, 0x25	; 37
 358:	29 f4       	brne	.+10     	; 0x364 <vfprintf+0x56>
 35a:	b6 01       	movw	r22, r12
 35c:	90 e0       	ldi	r25, 0x00	; 0
 35e:	0e 94 7e 03 	call	0x6fc	; 0x6fc <fputc>
 362:	e7 cf       	rjmp	.-50     	; 0x332 <vfprintf+0x24>
 364:	91 2c       	mov	r9, r1
 366:	21 2c       	mov	r2, r1
 368:	31 2c       	mov	r3, r1
 36a:	ff e1       	ldi	r31, 0x1F	; 31
 36c:	f3 15       	cp	r31, r3
 36e:	d8 f0       	brcs	.+54     	; 0x3a6 <vfprintf+0x98>
 370:	8b 32       	cpi	r24, 0x2B	; 43
 372:	79 f0       	breq	.+30     	; 0x392 <vfprintf+0x84>
 374:	38 f4       	brcc	.+14     	; 0x384 <vfprintf+0x76>
 376:	80 32       	cpi	r24, 0x20	; 32
 378:	79 f0       	breq	.+30     	; 0x398 <vfprintf+0x8a>
 37a:	83 32       	cpi	r24, 0x23	; 35
 37c:	a1 f4       	brne	.+40     	; 0x3a6 <vfprintf+0x98>
 37e:	23 2d       	mov	r18, r3
 380:	20 61       	ori	r18, 0x10	; 16
 382:	1d c0       	rjmp	.+58     	; 0x3be <vfprintf+0xb0>
 384:	8d 32       	cpi	r24, 0x2D	; 45
 386:	61 f0       	breq	.+24     	; 0x3a0 <vfprintf+0x92>
 388:	80 33       	cpi	r24, 0x30	; 48
 38a:	69 f4       	brne	.+26     	; 0x3a6 <vfprintf+0x98>
 38c:	23 2d       	mov	r18, r3
 38e:	21 60       	ori	r18, 0x01	; 1
 390:	16 c0       	rjmp	.+44     	; 0x3be <vfprintf+0xb0>
 392:	83 2d       	mov	r24, r3
 394:	82 60       	ori	r24, 0x02	; 2
 396:	38 2e       	mov	r3, r24
 398:	e3 2d       	mov	r30, r3
 39a:	e4 60       	ori	r30, 0x04	; 4
 39c:	3e 2e       	mov	r3, r30
 39e:	2a c0       	rjmp	.+84     	; 0x3f4 <vfprintf+0xe6>
 3a0:	f3 2d       	mov	r31, r3
 3a2:	f8 60       	ori	r31, 0x08	; 8
 3a4:	1d c0       	rjmp	.+58     	; 0x3e0 <vfprintf+0xd2>
 3a6:	37 fc       	sbrc	r3, 7
 3a8:	2d c0       	rjmp	.+90     	; 0x404 <__EEPROM_REGION_LENGTH__+0x4>
 3aa:	20 ed       	ldi	r18, 0xD0	; 208
 3ac:	28 0f       	add	r18, r24
 3ae:	2a 30       	cpi	r18, 0x0A	; 10
 3b0:	40 f0       	brcs	.+16     	; 0x3c2 <vfprintf+0xb4>
 3b2:	8e 32       	cpi	r24, 0x2E	; 46
 3b4:	b9 f4       	brne	.+46     	; 0x3e4 <vfprintf+0xd6>
 3b6:	36 fc       	sbrc	r3, 6
 3b8:	81 c1       	rjmp	.+770    	; 0x6bc <__EEPROM_REGION_LENGTH__+0x2bc>
 3ba:	23 2d       	mov	r18, r3
 3bc:	20 64       	ori	r18, 0x40	; 64
 3be:	32 2e       	mov	r3, r18
 3c0:	19 c0       	rjmp	.+50     	; 0x3f4 <vfprintf+0xe6>
 3c2:	36 fe       	sbrs	r3, 6
 3c4:	06 c0       	rjmp	.+12     	; 0x3d2 <vfprintf+0xc4>
 3c6:	8a e0       	ldi	r24, 0x0A	; 10
 3c8:	98 9e       	mul	r9, r24
 3ca:	20 0d       	add	r18, r0
 3cc:	11 24       	eor	r1, r1
 3ce:	92 2e       	mov	r9, r18
 3d0:	11 c0       	rjmp	.+34     	; 0x3f4 <vfprintf+0xe6>
 3d2:	ea e0       	ldi	r30, 0x0A	; 10
 3d4:	2e 9e       	mul	r2, r30
 3d6:	20 0d       	add	r18, r0
 3d8:	11 24       	eor	r1, r1
 3da:	22 2e       	mov	r2, r18
 3dc:	f3 2d       	mov	r31, r3
 3de:	f0 62       	ori	r31, 0x20	; 32
 3e0:	3f 2e       	mov	r3, r31
 3e2:	08 c0       	rjmp	.+16     	; 0x3f4 <vfprintf+0xe6>
 3e4:	8c 36       	cpi	r24, 0x6C	; 108
 3e6:	21 f4       	brne	.+8      	; 0x3f0 <vfprintf+0xe2>
 3e8:	83 2d       	mov	r24, r3
 3ea:	80 68       	ori	r24, 0x80	; 128
 3ec:	38 2e       	mov	r3, r24
 3ee:	02 c0       	rjmp	.+4      	; 0x3f4 <vfprintf+0xe6>
 3f0:	88 36       	cpi	r24, 0x68	; 104
 3f2:	41 f4       	brne	.+16     	; 0x404 <__EEPROM_REGION_LENGTH__+0x4>
 3f4:	f7 01       	movw	r30, r14
 3f6:	93 fd       	sbrc	r25, 3
 3f8:	85 91       	lpm	r24, Z+
 3fa:	93 ff       	sbrs	r25, 3
 3fc:	81 91       	ld	r24, Z+
 3fe:	7f 01       	movw	r14, r30
 400:	81 11       	cpse	r24, r1
 402:	b3 cf       	rjmp	.-154    	; 0x36a <vfprintf+0x5c>
 404:	98 2f       	mov	r25, r24
 406:	9f 7d       	andi	r25, 0xDF	; 223
 408:	95 54       	subi	r25, 0x45	; 69
 40a:	93 30       	cpi	r25, 0x03	; 3
 40c:	28 f4       	brcc	.+10     	; 0x418 <__EEPROM_REGION_LENGTH__+0x18>
 40e:	0c 5f       	subi	r16, 0xFC	; 252
 410:	1f 4f       	sbci	r17, 0xFF	; 255
 412:	9f e3       	ldi	r25, 0x3F	; 63
 414:	99 83       	std	Y+1, r25	; 0x01
 416:	0d c0       	rjmp	.+26     	; 0x432 <__EEPROM_REGION_LENGTH__+0x32>
 418:	83 36       	cpi	r24, 0x63	; 99
 41a:	31 f0       	breq	.+12     	; 0x428 <__EEPROM_REGION_LENGTH__+0x28>
 41c:	83 37       	cpi	r24, 0x73	; 115
 41e:	71 f0       	breq	.+28     	; 0x43c <__EEPROM_REGION_LENGTH__+0x3c>
 420:	83 35       	cpi	r24, 0x53	; 83
 422:	09 f0       	breq	.+2      	; 0x426 <__EEPROM_REGION_LENGTH__+0x26>
 424:	59 c0       	rjmp	.+178    	; 0x4d8 <__EEPROM_REGION_LENGTH__+0xd8>
 426:	21 c0       	rjmp	.+66     	; 0x46a <__EEPROM_REGION_LENGTH__+0x6a>
 428:	f8 01       	movw	r30, r16
 42a:	80 81       	ld	r24, Z
 42c:	89 83       	std	Y+1, r24	; 0x01
 42e:	0e 5f       	subi	r16, 0xFE	; 254
 430:	1f 4f       	sbci	r17, 0xFF	; 255
 432:	88 24       	eor	r8, r8
 434:	83 94       	inc	r8
 436:	91 2c       	mov	r9, r1
 438:	53 01       	movw	r10, r6
 43a:	13 c0       	rjmp	.+38     	; 0x462 <__EEPROM_REGION_LENGTH__+0x62>
 43c:	28 01       	movw	r4, r16
 43e:	f2 e0       	ldi	r31, 0x02	; 2
 440:	4f 0e       	add	r4, r31
 442:	51 1c       	adc	r5, r1
 444:	f8 01       	movw	r30, r16
 446:	a0 80       	ld	r10, Z
 448:	b1 80       	ldd	r11, Z+1	; 0x01
 44a:	36 fe       	sbrs	r3, 6
 44c:	03 c0       	rjmp	.+6      	; 0x454 <__EEPROM_REGION_LENGTH__+0x54>
 44e:	69 2d       	mov	r22, r9
 450:	70 e0       	ldi	r23, 0x00	; 0
 452:	02 c0       	rjmp	.+4      	; 0x458 <__EEPROM_REGION_LENGTH__+0x58>
 454:	6f ef       	ldi	r22, 0xFF	; 255
 456:	7f ef       	ldi	r23, 0xFF	; 255
 458:	c5 01       	movw	r24, r10
 45a:	0e 94 73 03 	call	0x6e6	; 0x6e6 <strnlen>
 45e:	4c 01       	movw	r8, r24
 460:	82 01       	movw	r16, r4
 462:	f3 2d       	mov	r31, r3
 464:	ff 77       	andi	r31, 0x7F	; 127
 466:	3f 2e       	mov	r3, r31
 468:	16 c0       	rjmp	.+44     	; 0x496 <__EEPROM_REGION_LENGTH__+0x96>
 46a:	28 01       	movw	r4, r16
 46c:	22 e0       	ldi	r18, 0x02	; 2
 46e:	42 0e       	add	r4, r18
 470:	51 1c       	adc	r5, r1
 472:	f8 01       	movw	r30, r16
 474:	a0 80       	ld	r10, Z
 476:	b1 80       	ldd	r11, Z+1	; 0x01
 478:	36 fe       	sbrs	r3, 6
 47a:	03 c0       	rjmp	.+6      	; 0x482 <__EEPROM_REGION_LENGTH__+0x82>
 47c:	69 2d       	mov	r22, r9
 47e:	70 e0       	ldi	r23, 0x00	; 0
 480:	02 c0       	rjmp	.+4      	; 0x486 <__EEPROM_REGION_LENGTH__+0x86>
 482:	6f ef       	ldi	r22, 0xFF	; 255
 484:	7f ef       	ldi	r23, 0xFF	; 255
 486:	c5 01       	movw	r24, r10
 488:	0e 94 68 03 	call	0x6d0	; 0x6d0 <strnlen_P>
 48c:	4c 01       	movw	r8, r24
 48e:	f3 2d       	mov	r31, r3
 490:	f0 68       	ori	r31, 0x80	; 128
 492:	3f 2e       	mov	r3, r31
 494:	82 01       	movw	r16, r4
 496:	33 fc       	sbrc	r3, 3
 498:	1b c0       	rjmp	.+54     	; 0x4d0 <__EEPROM_REGION_LENGTH__+0xd0>
 49a:	82 2d       	mov	r24, r2
 49c:	90 e0       	ldi	r25, 0x00	; 0
 49e:	88 16       	cp	r8, r24
 4a0:	99 06       	cpc	r9, r25
 4a2:	b0 f4       	brcc	.+44     	; 0x4d0 <__EEPROM_REGION_LENGTH__+0xd0>
 4a4:	b6 01       	movw	r22, r12
 4a6:	80 e2       	ldi	r24, 0x20	; 32
 4a8:	90 e0       	ldi	r25, 0x00	; 0
 4aa:	0e 94 7e 03 	call	0x6fc	; 0x6fc <fputc>
 4ae:	2a 94       	dec	r2
 4b0:	f4 cf       	rjmp	.-24     	; 0x49a <__EEPROM_REGION_LENGTH__+0x9a>
 4b2:	f5 01       	movw	r30, r10
 4b4:	37 fc       	sbrc	r3, 7
 4b6:	85 91       	lpm	r24, Z+
 4b8:	37 fe       	sbrs	r3, 7
 4ba:	81 91       	ld	r24, Z+
 4bc:	5f 01       	movw	r10, r30
 4be:	b6 01       	movw	r22, r12
 4c0:	90 e0       	ldi	r25, 0x00	; 0
 4c2:	0e 94 7e 03 	call	0x6fc	; 0x6fc <fputc>
 4c6:	21 10       	cpse	r2, r1
 4c8:	2a 94       	dec	r2
 4ca:	21 e0       	ldi	r18, 0x01	; 1
 4cc:	82 1a       	sub	r8, r18
 4ce:	91 08       	sbc	r9, r1
 4d0:	81 14       	cp	r8, r1
 4d2:	91 04       	cpc	r9, r1
 4d4:	71 f7       	brne	.-36     	; 0x4b2 <__EEPROM_REGION_LENGTH__+0xb2>
 4d6:	e8 c0       	rjmp	.+464    	; 0x6a8 <__EEPROM_REGION_LENGTH__+0x2a8>
 4d8:	84 36       	cpi	r24, 0x64	; 100
 4da:	11 f0       	breq	.+4      	; 0x4e0 <__EEPROM_REGION_LENGTH__+0xe0>
 4dc:	89 36       	cpi	r24, 0x69	; 105
 4de:	41 f5       	brne	.+80     	; 0x530 <__EEPROM_REGION_LENGTH__+0x130>
 4e0:	f8 01       	movw	r30, r16
 4e2:	37 fe       	sbrs	r3, 7
 4e4:	07 c0       	rjmp	.+14     	; 0x4f4 <__EEPROM_REGION_LENGTH__+0xf4>
 4e6:	60 81       	ld	r22, Z
 4e8:	71 81       	ldd	r23, Z+1	; 0x01
 4ea:	82 81       	ldd	r24, Z+2	; 0x02
 4ec:	93 81       	ldd	r25, Z+3	; 0x03
 4ee:	0c 5f       	subi	r16, 0xFC	; 252
 4f0:	1f 4f       	sbci	r17, 0xFF	; 255
 4f2:	08 c0       	rjmp	.+16     	; 0x504 <__EEPROM_REGION_LENGTH__+0x104>
 4f4:	60 81       	ld	r22, Z
 4f6:	71 81       	ldd	r23, Z+1	; 0x01
 4f8:	07 2e       	mov	r0, r23
 4fa:	00 0c       	add	r0, r0
 4fc:	88 0b       	sbc	r24, r24
 4fe:	99 0b       	sbc	r25, r25
 500:	0e 5f       	subi	r16, 0xFE	; 254
 502:	1f 4f       	sbci	r17, 0xFF	; 255
 504:	f3 2d       	mov	r31, r3
 506:	ff 76       	andi	r31, 0x6F	; 111
 508:	3f 2e       	mov	r3, r31
 50a:	97 ff       	sbrs	r25, 7
 50c:	09 c0       	rjmp	.+18     	; 0x520 <__EEPROM_REGION_LENGTH__+0x120>
 50e:	90 95       	com	r25
 510:	80 95       	com	r24
 512:	70 95       	com	r23
 514:	61 95       	neg	r22
 516:	7f 4f       	sbci	r23, 0xFF	; 255
 518:	8f 4f       	sbci	r24, 0xFF	; 255
 51a:	9f 4f       	sbci	r25, 0xFF	; 255
 51c:	f0 68       	ori	r31, 0x80	; 128
 51e:	3f 2e       	mov	r3, r31
 520:	2a e0       	ldi	r18, 0x0A	; 10
 522:	30 e0       	ldi	r19, 0x00	; 0
 524:	a3 01       	movw	r20, r6
 526:	0e 94 ba 03 	call	0x774	; 0x774 <__ultoa_invert>
 52a:	88 2e       	mov	r8, r24
 52c:	86 18       	sub	r8, r6
 52e:	45 c0       	rjmp	.+138    	; 0x5ba <__EEPROM_REGION_LENGTH__+0x1ba>
 530:	85 37       	cpi	r24, 0x75	; 117
 532:	31 f4       	brne	.+12     	; 0x540 <__EEPROM_REGION_LENGTH__+0x140>
 534:	23 2d       	mov	r18, r3
 536:	2f 7e       	andi	r18, 0xEF	; 239
 538:	b2 2e       	mov	r11, r18
 53a:	2a e0       	ldi	r18, 0x0A	; 10
 53c:	30 e0       	ldi	r19, 0x00	; 0
 53e:	25 c0       	rjmp	.+74     	; 0x58a <__EEPROM_REGION_LENGTH__+0x18a>
 540:	93 2d       	mov	r25, r3
 542:	99 7f       	andi	r25, 0xF9	; 249
 544:	b9 2e       	mov	r11, r25
 546:	8f 36       	cpi	r24, 0x6F	; 111
 548:	c1 f0       	breq	.+48     	; 0x57a <__EEPROM_REGION_LENGTH__+0x17a>
 54a:	18 f4       	brcc	.+6      	; 0x552 <__EEPROM_REGION_LENGTH__+0x152>
 54c:	88 35       	cpi	r24, 0x58	; 88
 54e:	79 f0       	breq	.+30     	; 0x56e <__EEPROM_REGION_LENGTH__+0x16e>
 550:	b5 c0       	rjmp	.+362    	; 0x6bc <__EEPROM_REGION_LENGTH__+0x2bc>
 552:	80 37       	cpi	r24, 0x70	; 112
 554:	19 f0       	breq	.+6      	; 0x55c <__EEPROM_REGION_LENGTH__+0x15c>
 556:	88 37       	cpi	r24, 0x78	; 120
 558:	21 f0       	breq	.+8      	; 0x562 <__EEPROM_REGION_LENGTH__+0x162>
 55a:	b0 c0       	rjmp	.+352    	; 0x6bc <__EEPROM_REGION_LENGTH__+0x2bc>
 55c:	e9 2f       	mov	r30, r25
 55e:	e0 61       	ori	r30, 0x10	; 16
 560:	be 2e       	mov	r11, r30
 562:	b4 fe       	sbrs	r11, 4
 564:	0d c0       	rjmp	.+26     	; 0x580 <__EEPROM_REGION_LENGTH__+0x180>
 566:	fb 2d       	mov	r31, r11
 568:	f4 60       	ori	r31, 0x04	; 4
 56a:	bf 2e       	mov	r11, r31
 56c:	09 c0       	rjmp	.+18     	; 0x580 <__EEPROM_REGION_LENGTH__+0x180>
 56e:	34 fe       	sbrs	r3, 4
 570:	0a c0       	rjmp	.+20     	; 0x586 <__EEPROM_REGION_LENGTH__+0x186>
 572:	29 2f       	mov	r18, r25
 574:	26 60       	ori	r18, 0x06	; 6
 576:	b2 2e       	mov	r11, r18
 578:	06 c0       	rjmp	.+12     	; 0x586 <__EEPROM_REGION_LENGTH__+0x186>
 57a:	28 e0       	ldi	r18, 0x08	; 8
 57c:	30 e0       	ldi	r19, 0x00	; 0
 57e:	05 c0       	rjmp	.+10     	; 0x58a <__EEPROM_REGION_LENGTH__+0x18a>
 580:	20 e1       	ldi	r18, 0x10	; 16
 582:	30 e0       	ldi	r19, 0x00	; 0
 584:	02 c0       	rjmp	.+4      	; 0x58a <__EEPROM_REGION_LENGTH__+0x18a>
 586:	20 e1       	ldi	r18, 0x10	; 16
 588:	32 e0       	ldi	r19, 0x02	; 2
 58a:	f8 01       	movw	r30, r16
 58c:	b7 fe       	sbrs	r11, 7
 58e:	07 c0       	rjmp	.+14     	; 0x59e <__EEPROM_REGION_LENGTH__+0x19e>
 590:	60 81       	ld	r22, Z
 592:	71 81       	ldd	r23, Z+1	; 0x01
 594:	82 81       	ldd	r24, Z+2	; 0x02
 596:	93 81       	ldd	r25, Z+3	; 0x03
 598:	0c 5f       	subi	r16, 0xFC	; 252
 59a:	1f 4f       	sbci	r17, 0xFF	; 255
 59c:	06 c0       	rjmp	.+12     	; 0x5aa <__EEPROM_REGION_LENGTH__+0x1aa>
 59e:	60 81       	ld	r22, Z
 5a0:	71 81       	ldd	r23, Z+1	; 0x01
 5a2:	80 e0       	ldi	r24, 0x00	; 0
 5a4:	90 e0       	ldi	r25, 0x00	; 0
 5a6:	0e 5f       	subi	r16, 0xFE	; 254
 5a8:	1f 4f       	sbci	r17, 0xFF	; 255
 5aa:	a3 01       	movw	r20, r6
 5ac:	0e 94 ba 03 	call	0x774	; 0x774 <__ultoa_invert>
 5b0:	88 2e       	mov	r8, r24
 5b2:	86 18       	sub	r8, r6
 5b4:	fb 2d       	mov	r31, r11
 5b6:	ff 77       	andi	r31, 0x7F	; 127
 5b8:	3f 2e       	mov	r3, r31
 5ba:	36 fe       	sbrs	r3, 6
 5bc:	0d c0       	rjmp	.+26     	; 0x5d8 <__EEPROM_REGION_LENGTH__+0x1d8>
 5be:	23 2d       	mov	r18, r3
 5c0:	2e 7f       	andi	r18, 0xFE	; 254
 5c2:	a2 2e       	mov	r10, r18
 5c4:	89 14       	cp	r8, r9
 5c6:	58 f4       	brcc	.+22     	; 0x5de <__EEPROM_REGION_LENGTH__+0x1de>
 5c8:	34 fe       	sbrs	r3, 4
 5ca:	0b c0       	rjmp	.+22     	; 0x5e2 <__EEPROM_REGION_LENGTH__+0x1e2>
 5cc:	32 fc       	sbrc	r3, 2
 5ce:	09 c0       	rjmp	.+18     	; 0x5e2 <__EEPROM_REGION_LENGTH__+0x1e2>
 5d0:	83 2d       	mov	r24, r3
 5d2:	8e 7e       	andi	r24, 0xEE	; 238
 5d4:	a8 2e       	mov	r10, r24
 5d6:	05 c0       	rjmp	.+10     	; 0x5e2 <__EEPROM_REGION_LENGTH__+0x1e2>
 5d8:	b8 2c       	mov	r11, r8
 5da:	a3 2c       	mov	r10, r3
 5dc:	03 c0       	rjmp	.+6      	; 0x5e4 <__EEPROM_REGION_LENGTH__+0x1e4>
 5de:	b8 2c       	mov	r11, r8
 5e0:	01 c0       	rjmp	.+2      	; 0x5e4 <__EEPROM_REGION_LENGTH__+0x1e4>
 5e2:	b9 2c       	mov	r11, r9
 5e4:	a4 fe       	sbrs	r10, 4
 5e6:	0f c0       	rjmp	.+30     	; 0x606 <__EEPROM_REGION_LENGTH__+0x206>
 5e8:	fe 01       	movw	r30, r28
 5ea:	e8 0d       	add	r30, r8
 5ec:	f1 1d       	adc	r31, r1
 5ee:	80 81       	ld	r24, Z
 5f0:	80 33       	cpi	r24, 0x30	; 48
 5f2:	21 f4       	brne	.+8      	; 0x5fc <__EEPROM_REGION_LENGTH__+0x1fc>
 5f4:	9a 2d       	mov	r25, r10
 5f6:	99 7e       	andi	r25, 0xE9	; 233
 5f8:	a9 2e       	mov	r10, r25
 5fa:	09 c0       	rjmp	.+18     	; 0x60e <__EEPROM_REGION_LENGTH__+0x20e>
 5fc:	a2 fe       	sbrs	r10, 2
 5fe:	06 c0       	rjmp	.+12     	; 0x60c <__EEPROM_REGION_LENGTH__+0x20c>
 600:	b3 94       	inc	r11
 602:	b3 94       	inc	r11
 604:	04 c0       	rjmp	.+8      	; 0x60e <__EEPROM_REGION_LENGTH__+0x20e>
 606:	8a 2d       	mov	r24, r10
 608:	86 78       	andi	r24, 0x86	; 134
 60a:	09 f0       	breq	.+2      	; 0x60e <__EEPROM_REGION_LENGTH__+0x20e>
 60c:	b3 94       	inc	r11
 60e:	a3 fc       	sbrc	r10, 3
 610:	11 c0       	rjmp	.+34     	; 0x634 <__EEPROM_REGION_LENGTH__+0x234>
 612:	a0 fe       	sbrs	r10, 0
 614:	06 c0       	rjmp	.+12     	; 0x622 <__EEPROM_REGION_LENGTH__+0x222>
 616:	b2 14       	cp	r11, r2
 618:	88 f4       	brcc	.+34     	; 0x63c <__EEPROM_REGION_LENGTH__+0x23c>
 61a:	28 0c       	add	r2, r8
 61c:	92 2c       	mov	r9, r2
 61e:	9b 18       	sub	r9, r11
 620:	0e c0       	rjmp	.+28     	; 0x63e <__EEPROM_REGION_LENGTH__+0x23e>
 622:	b2 14       	cp	r11, r2
 624:	60 f4       	brcc	.+24     	; 0x63e <__EEPROM_REGION_LENGTH__+0x23e>
 626:	b6 01       	movw	r22, r12
 628:	80 e2       	ldi	r24, 0x20	; 32
 62a:	90 e0       	ldi	r25, 0x00	; 0
 62c:	0e 94 7e 03 	call	0x6fc	; 0x6fc <fputc>
 630:	b3 94       	inc	r11
 632:	f7 cf       	rjmp	.-18     	; 0x622 <__EEPROM_REGION_LENGTH__+0x222>
 634:	b2 14       	cp	r11, r2
 636:	18 f4       	brcc	.+6      	; 0x63e <__EEPROM_REGION_LENGTH__+0x23e>
 638:	2b 18       	sub	r2, r11
 63a:	02 c0       	rjmp	.+4      	; 0x640 <__EEPROM_REGION_LENGTH__+0x240>
 63c:	98 2c       	mov	r9, r8
 63e:	21 2c       	mov	r2, r1
 640:	a4 fe       	sbrs	r10, 4
 642:	10 c0       	rjmp	.+32     	; 0x664 <__EEPROM_REGION_LENGTH__+0x264>
 644:	b6 01       	movw	r22, r12
 646:	80 e3       	ldi	r24, 0x30	; 48
 648:	90 e0       	ldi	r25, 0x00	; 0
 64a:	0e 94 7e 03 	call	0x6fc	; 0x6fc <fputc>
 64e:	a2 fe       	sbrs	r10, 2
 650:	17 c0       	rjmp	.+46     	; 0x680 <__EEPROM_REGION_LENGTH__+0x280>
 652:	a1 fc       	sbrc	r10, 1
 654:	03 c0       	rjmp	.+6      	; 0x65c <__EEPROM_REGION_LENGTH__+0x25c>
 656:	88 e7       	ldi	r24, 0x78	; 120
 658:	90 e0       	ldi	r25, 0x00	; 0
 65a:	02 c0       	rjmp	.+4      	; 0x660 <__EEPROM_REGION_LENGTH__+0x260>
 65c:	88 e5       	ldi	r24, 0x58	; 88
 65e:	90 e0       	ldi	r25, 0x00	; 0
 660:	b6 01       	movw	r22, r12
 662:	0c c0       	rjmp	.+24     	; 0x67c <__EEPROM_REGION_LENGTH__+0x27c>
 664:	8a 2d       	mov	r24, r10
 666:	86 78       	andi	r24, 0x86	; 134
 668:	59 f0       	breq	.+22     	; 0x680 <__EEPROM_REGION_LENGTH__+0x280>
 66a:	a1 fe       	sbrs	r10, 1
 66c:	02 c0       	rjmp	.+4      	; 0x672 <__EEPROM_REGION_LENGTH__+0x272>
 66e:	8b e2       	ldi	r24, 0x2B	; 43
 670:	01 c0       	rjmp	.+2      	; 0x674 <__EEPROM_REGION_LENGTH__+0x274>
 672:	80 e2       	ldi	r24, 0x20	; 32
 674:	a7 fc       	sbrc	r10, 7
 676:	8d e2       	ldi	r24, 0x2D	; 45
 678:	b6 01       	movw	r22, r12
 67a:	90 e0       	ldi	r25, 0x00	; 0
 67c:	0e 94 7e 03 	call	0x6fc	; 0x6fc <fputc>
 680:	89 14       	cp	r8, r9
 682:	38 f4       	brcc	.+14     	; 0x692 <__EEPROM_REGION_LENGTH__+0x292>
 684:	b6 01       	movw	r22, r12
 686:	80 e3       	ldi	r24, 0x30	; 48
 688:	90 e0       	ldi	r25, 0x00	; 0
 68a:	0e 94 7e 03 	call	0x6fc	; 0x6fc <fputc>
 68e:	9a 94       	dec	r9
 690:	f7 cf       	rjmp	.-18     	; 0x680 <__EEPROM_REGION_LENGTH__+0x280>
 692:	8a 94       	dec	r8
 694:	f3 01       	movw	r30, r6
 696:	e8 0d       	add	r30, r8
 698:	f1 1d       	adc	r31, r1
 69a:	80 81       	ld	r24, Z
 69c:	b6 01       	movw	r22, r12
 69e:	90 e0       	ldi	r25, 0x00	; 0
 6a0:	0e 94 7e 03 	call	0x6fc	; 0x6fc <fputc>
 6a4:	81 10       	cpse	r8, r1
 6a6:	f5 cf       	rjmp	.-22     	; 0x692 <__EEPROM_REGION_LENGTH__+0x292>
 6a8:	22 20       	and	r2, r2
 6aa:	09 f4       	brne	.+2      	; 0x6ae <__EEPROM_REGION_LENGTH__+0x2ae>
 6ac:	42 ce       	rjmp	.-892    	; 0x332 <vfprintf+0x24>
 6ae:	b6 01       	movw	r22, r12
 6b0:	80 e2       	ldi	r24, 0x20	; 32
 6b2:	90 e0       	ldi	r25, 0x00	; 0
 6b4:	0e 94 7e 03 	call	0x6fc	; 0x6fc <fputc>
 6b8:	2a 94       	dec	r2
 6ba:	f6 cf       	rjmp	.-20     	; 0x6a8 <__EEPROM_REGION_LENGTH__+0x2a8>
 6bc:	f6 01       	movw	r30, r12
 6be:	86 81       	ldd	r24, Z+6	; 0x06
 6c0:	97 81       	ldd	r25, Z+7	; 0x07
 6c2:	02 c0       	rjmp	.+4      	; 0x6c8 <__EEPROM_REGION_LENGTH__+0x2c8>
 6c4:	8f ef       	ldi	r24, 0xFF	; 255
 6c6:	9f ef       	ldi	r25, 0xFF	; 255
 6c8:	2b 96       	adiw	r28, 0x0b	; 11
 6ca:	e2 e1       	ldi	r30, 0x12	; 18
 6cc:	0c 94 34 04 	jmp	0x868	; 0x868 <__epilogue_restores__>

000006d0 <strnlen_P>:
 6d0:	fc 01       	movw	r30, r24
 6d2:	05 90       	lpm	r0, Z+
 6d4:	61 50       	subi	r22, 0x01	; 1
 6d6:	70 40       	sbci	r23, 0x00	; 0
 6d8:	01 10       	cpse	r0, r1
 6da:	d8 f7       	brcc	.-10     	; 0x6d2 <strnlen_P+0x2>
 6dc:	80 95       	com	r24
 6de:	90 95       	com	r25
 6e0:	8e 0f       	add	r24, r30
 6e2:	9f 1f       	adc	r25, r31
 6e4:	08 95       	ret

000006e6 <strnlen>:
 6e6:	fc 01       	movw	r30, r24
 6e8:	61 50       	subi	r22, 0x01	; 1
 6ea:	70 40       	sbci	r23, 0x00	; 0
 6ec:	01 90       	ld	r0, Z+
 6ee:	01 10       	cpse	r0, r1
 6f0:	d8 f7       	brcc	.-10     	; 0x6e8 <strnlen+0x2>
 6f2:	80 95       	com	r24
 6f4:	90 95       	com	r25
 6f6:	8e 0f       	add	r24, r30
 6f8:	9f 1f       	adc	r25, r31
 6fa:	08 95       	ret

000006fc <fputc>:
 6fc:	0f 93       	push	r16
 6fe:	1f 93       	push	r17
 700:	cf 93       	push	r28
 702:	df 93       	push	r29
 704:	fb 01       	movw	r30, r22
 706:	23 81       	ldd	r18, Z+3	; 0x03
 708:	21 fd       	sbrc	r18, 1
 70a:	03 c0       	rjmp	.+6      	; 0x712 <fputc+0x16>
 70c:	8f ef       	ldi	r24, 0xFF	; 255
 70e:	9f ef       	ldi	r25, 0xFF	; 255
 710:	2c c0       	rjmp	.+88     	; 0x76a <fputc+0x6e>
 712:	22 ff       	sbrs	r18, 2
 714:	16 c0       	rjmp	.+44     	; 0x742 <fputc+0x46>
 716:	46 81       	ldd	r20, Z+6	; 0x06
 718:	57 81       	ldd	r21, Z+7	; 0x07
 71a:	24 81       	ldd	r18, Z+4	; 0x04
 71c:	35 81       	ldd	r19, Z+5	; 0x05
 71e:	42 17       	cp	r20, r18
 720:	53 07       	cpc	r21, r19
 722:	44 f4       	brge	.+16     	; 0x734 <fputc+0x38>
 724:	a0 81       	ld	r26, Z
 726:	b1 81       	ldd	r27, Z+1	; 0x01
 728:	9d 01       	movw	r18, r26
 72a:	2f 5f       	subi	r18, 0xFF	; 255
 72c:	3f 4f       	sbci	r19, 0xFF	; 255
 72e:	31 83       	std	Z+1, r19	; 0x01
 730:	20 83       	st	Z, r18
 732:	8c 93       	st	X, r24
 734:	26 81       	ldd	r18, Z+6	; 0x06
 736:	37 81       	ldd	r19, Z+7	; 0x07
 738:	2f 5f       	subi	r18, 0xFF	; 255
 73a:	3f 4f       	sbci	r19, 0xFF	; 255
 73c:	37 83       	std	Z+7, r19	; 0x07
 73e:	26 83       	std	Z+6, r18	; 0x06
 740:	14 c0       	rjmp	.+40     	; 0x76a <fputc+0x6e>
 742:	8b 01       	movw	r16, r22
 744:	ec 01       	movw	r28, r24
 746:	fb 01       	movw	r30, r22
 748:	00 84       	ldd	r0, Z+8	; 0x08
 74a:	f1 85       	ldd	r31, Z+9	; 0x09
 74c:	e0 2d       	mov	r30, r0
 74e:	09 95       	icall
 750:	89 2b       	or	r24, r25
 752:	e1 f6       	brne	.-72     	; 0x70c <fputc+0x10>
 754:	d8 01       	movw	r26, r16
 756:	16 96       	adiw	r26, 0x06	; 6
 758:	8d 91       	ld	r24, X+
 75a:	9c 91       	ld	r25, X
 75c:	17 97       	sbiw	r26, 0x07	; 7
 75e:	01 96       	adiw	r24, 0x01	; 1
 760:	17 96       	adiw	r26, 0x07	; 7
 762:	9c 93       	st	X, r25
 764:	8e 93       	st	-X, r24
 766:	16 97       	sbiw	r26, 0x06	; 6
 768:	ce 01       	movw	r24, r28
 76a:	df 91       	pop	r29
 76c:	cf 91       	pop	r28
 76e:	1f 91       	pop	r17
 770:	0f 91       	pop	r16
 772:	08 95       	ret

00000774 <__ultoa_invert>:
 774:	fa 01       	movw	r30, r20
 776:	aa 27       	eor	r26, r26
 778:	28 30       	cpi	r18, 0x08	; 8
 77a:	51 f1       	breq	.+84     	; 0x7d0 <__ultoa_invert+0x5c>
 77c:	20 31       	cpi	r18, 0x10	; 16
 77e:	81 f1       	breq	.+96     	; 0x7e0 <__ultoa_invert+0x6c>
 780:	e8 94       	clt
 782:	6f 93       	push	r22
 784:	6e 7f       	andi	r22, 0xFE	; 254
 786:	6e 5f       	subi	r22, 0xFE	; 254
 788:	7f 4f       	sbci	r23, 0xFF	; 255
 78a:	8f 4f       	sbci	r24, 0xFF	; 255
 78c:	9f 4f       	sbci	r25, 0xFF	; 255
 78e:	af 4f       	sbci	r26, 0xFF	; 255
 790:	b1 e0       	ldi	r27, 0x01	; 1
 792:	3e d0       	rcall	.+124    	; 0x810 <__DATA_REGION_LENGTH__+0x10>
 794:	b4 e0       	ldi	r27, 0x04	; 4
 796:	3c d0       	rcall	.+120    	; 0x810 <__DATA_REGION_LENGTH__+0x10>
 798:	67 0f       	add	r22, r23
 79a:	78 1f       	adc	r23, r24
 79c:	89 1f       	adc	r24, r25
 79e:	9a 1f       	adc	r25, r26
 7a0:	a1 1d       	adc	r26, r1
 7a2:	68 0f       	add	r22, r24
 7a4:	79 1f       	adc	r23, r25
 7a6:	8a 1f       	adc	r24, r26
 7a8:	91 1d       	adc	r25, r1
 7aa:	a1 1d       	adc	r26, r1
 7ac:	6a 0f       	add	r22, r26
 7ae:	71 1d       	adc	r23, r1
 7b0:	81 1d       	adc	r24, r1
 7b2:	91 1d       	adc	r25, r1
 7b4:	a1 1d       	adc	r26, r1
 7b6:	20 d0       	rcall	.+64     	; 0x7f8 <__ultoa_invert+0x84>
 7b8:	09 f4       	brne	.+2      	; 0x7bc <__ultoa_invert+0x48>
 7ba:	68 94       	set
 7bc:	3f 91       	pop	r19
 7be:	2a e0       	ldi	r18, 0x0A	; 10
 7c0:	26 9f       	mul	r18, r22
 7c2:	11 24       	eor	r1, r1
 7c4:	30 19       	sub	r19, r0
 7c6:	30 5d       	subi	r19, 0xD0	; 208
 7c8:	31 93       	st	Z+, r19
 7ca:	de f6       	brtc	.-74     	; 0x782 <__ultoa_invert+0xe>
 7cc:	cf 01       	movw	r24, r30
 7ce:	08 95       	ret
 7d0:	46 2f       	mov	r20, r22
 7d2:	47 70       	andi	r20, 0x07	; 7
 7d4:	40 5d       	subi	r20, 0xD0	; 208
 7d6:	41 93       	st	Z+, r20
 7d8:	b3 e0       	ldi	r27, 0x03	; 3
 7da:	0f d0       	rcall	.+30     	; 0x7fa <__ultoa_invert+0x86>
 7dc:	c9 f7       	brne	.-14     	; 0x7d0 <__ultoa_invert+0x5c>
 7de:	f6 cf       	rjmp	.-20     	; 0x7cc <__ultoa_invert+0x58>
 7e0:	46 2f       	mov	r20, r22
 7e2:	4f 70       	andi	r20, 0x0F	; 15
 7e4:	40 5d       	subi	r20, 0xD0	; 208
 7e6:	4a 33       	cpi	r20, 0x3A	; 58
 7e8:	18 f0       	brcs	.+6      	; 0x7f0 <__ultoa_invert+0x7c>
 7ea:	49 5d       	subi	r20, 0xD9	; 217
 7ec:	31 fd       	sbrc	r19, 1
 7ee:	40 52       	subi	r20, 0x20	; 32
 7f0:	41 93       	st	Z+, r20
 7f2:	02 d0       	rcall	.+4      	; 0x7f8 <__ultoa_invert+0x84>
 7f4:	a9 f7       	brne	.-22     	; 0x7e0 <__ultoa_invert+0x6c>
 7f6:	ea cf       	rjmp	.-44     	; 0x7cc <__ultoa_invert+0x58>
 7f8:	b4 e0       	ldi	r27, 0x04	; 4
 7fa:	a6 95       	lsr	r26
 7fc:	97 95       	ror	r25
 7fe:	87 95       	ror	r24
 800:	77 95       	ror	r23
 802:	67 95       	ror	r22
 804:	ba 95       	dec	r27
 806:	c9 f7       	brne	.-14     	; 0x7fa <__ultoa_invert+0x86>
 808:	00 97       	sbiw	r24, 0x00	; 0
 80a:	61 05       	cpc	r22, r1
 80c:	71 05       	cpc	r23, r1
 80e:	08 95       	ret
 810:	9b 01       	movw	r18, r22
 812:	ac 01       	movw	r20, r24
 814:	0a 2e       	mov	r0, r26
 816:	06 94       	lsr	r0
 818:	57 95       	ror	r21
 81a:	47 95       	ror	r20
 81c:	37 95       	ror	r19
 81e:	27 95       	ror	r18
 820:	ba 95       	dec	r27
 822:	c9 f7       	brne	.-14     	; 0x816 <__DATA_REGION_LENGTH__+0x16>
 824:	62 0f       	add	r22, r18
 826:	73 1f       	adc	r23, r19
 828:	84 1f       	adc	r24, r20
 82a:	95 1f       	adc	r25, r21
 82c:	a0 1d       	adc	r26, r0
 82e:	08 95       	ret

00000830 <__prologue_saves__>:
 830:	2f 92       	push	r2
 832:	3f 92       	push	r3
 834:	4f 92       	push	r4
 836:	5f 92       	push	r5
 838:	6f 92       	push	r6
 83a:	7f 92       	push	r7
 83c:	8f 92       	push	r8
 83e:	9f 92       	push	r9
 840:	af 92       	push	r10
 842:	bf 92       	push	r11
 844:	cf 92       	push	r12
 846:	df 92       	push	r13
 848:	ef 92       	push	r14
 84a:	ff 92       	push	r15
 84c:	0f 93       	push	r16
 84e:	1f 93       	push	r17
 850:	cf 93       	push	r28
 852:	df 93       	push	r29
 854:	cd b7       	in	r28, 0x3d	; 61
 856:	de b7       	in	r29, 0x3e	; 62
 858:	ca 1b       	sub	r28, r26
 85a:	db 0b       	sbc	r29, r27
 85c:	0f b6       	in	r0, 0x3f	; 63
 85e:	f8 94       	cli
 860:	de bf       	out	0x3e, r29	; 62
 862:	0f be       	out	0x3f, r0	; 63
 864:	cd bf       	out	0x3d, r28	; 61
 866:	09 94       	ijmp

00000868 <__epilogue_restores__>:
 868:	2a 88       	ldd	r2, Y+18	; 0x12
 86a:	39 88       	ldd	r3, Y+17	; 0x11
 86c:	48 88       	ldd	r4, Y+16	; 0x10
 86e:	5f 84       	ldd	r5, Y+15	; 0x0f
 870:	6e 84       	ldd	r6, Y+14	; 0x0e
 872:	7d 84       	ldd	r7, Y+13	; 0x0d
 874:	8c 84       	ldd	r8, Y+12	; 0x0c
 876:	9b 84       	ldd	r9, Y+11	; 0x0b
 878:	aa 84       	ldd	r10, Y+10	; 0x0a
 87a:	b9 84       	ldd	r11, Y+9	; 0x09
 87c:	c8 84       	ldd	r12, Y+8	; 0x08
 87e:	df 80       	ldd	r13, Y+7	; 0x07
 880:	ee 80       	ldd	r14, Y+6	; 0x06
 882:	fd 80       	ldd	r15, Y+5	; 0x05
 884:	0c 81       	ldd	r16, Y+4	; 0x04
 886:	1b 81       	ldd	r17, Y+3	; 0x03
 888:	aa 81       	ldd	r26, Y+2	; 0x02
 88a:	b9 81       	ldd	r27, Y+1	; 0x01
 88c:	ce 0f       	add	r28, r30
 88e:	d1 1d       	adc	r29, r1
 890:	0f b6       	in	r0, 0x3f	; 63
 892:	f8 94       	cli
 894:	de bf       	out	0x3e, r29	; 62
 896:	0f be       	out	0x3f, r0	; 63
 898:	cd bf       	out	0x3d, r28	; 61
 89a:	ed 01       	movw	r28, r26
 89c:	08 95       	ret

0000089e <_exit>:
 89e:	f8 94       	cli

000008a0 <__stop_program>:
 8a0:	ff cf       	rjmp	.-2      	; 0x8a0 <__stop_program>
