
zadanie4.elf:     file format elf32-avr

Sections:
Idx Name          Size      VMA       LMA       File off  Algn
  0 .data         00000010  00800100  00000882  00000916  2**0
                  CONTENTS, ALLOC, LOAD, DATA
  1 .text         00000882  00000000  00000000  00000094  2**1
                  CONTENTS, ALLOC, LOAD, READONLY, CODE
  2 .bss          0000001b  00800110  00800110  00000926  2**0
                  ALLOC
  3 .stab         00000900  00000000  00000000  00000928  2**2
                  CONTENTS, READONLY, DEBUGGING
  4 .stabstr      00000ee9  00000000  00000000  00001228  2**0
                  CONTENTS, READONLY, DEBUGGING
  5 .comment      00000011  00000000  00000000  00002111  2**0
                  CONTENTS, READONLY
  6 .note.gnu.avr.deviceinfo 00000040  00000000  00000000  00002124  2**2
                  CONTENTS, READONLY
  7 .debug_info   000005f4  00000000  00000000  00002164  2**0
                  CONTENTS, READONLY, DEBUGGING
  8 .debug_abbrev 000005a2  00000000  00000000  00002758  2**0
                  CONTENTS, READONLY, DEBUGGING
  9 .debug_line   0000001a  00000000  00000000  00002cfa  2**0
                  CONTENTS, READONLY, DEBUGGING
 10 .debug_str    00000208  00000000  00000000  00002d14  2**0
                  CONTENTS, READONLY, DEBUGGING

Disassembly of section .text:

00000000 <__vectors>:
   0:	0c 94 34 00 	jmp	0x68	; 0x68 <__ctors_end>
   4:	0c 94 51 00 	jmp	0xa2	; 0xa2 <__bad_interrupt>
   8:	0c 94 51 00 	jmp	0xa2	; 0xa2 <__bad_interrupt>
   c:	0c 94 51 00 	jmp	0xa2	; 0xa2 <__bad_interrupt>
  10:	0c 94 51 00 	jmp	0xa2	; 0xa2 <__bad_interrupt>
  14:	0c 94 51 00 	jmp	0xa2	; 0xa2 <__bad_interrupt>
  18:	0c 94 51 00 	jmp	0xa2	; 0xa2 <__bad_interrupt>
  1c:	0c 94 51 00 	jmp	0xa2	; 0xa2 <__bad_interrupt>
  20:	0c 94 51 00 	jmp	0xa2	; 0xa2 <__bad_interrupt>
  24:	0c 94 51 00 	jmp	0xa2	; 0xa2 <__bad_interrupt>
  28:	0c 94 8c 00 	jmp	0x118	; 0x118 <__vector_10>
  2c:	0c 94 51 00 	jmp	0xa2	; 0xa2 <__bad_interrupt>
  30:	0c 94 51 00 	jmp	0xa2	; 0xa2 <__bad_interrupt>
  34:	0c 94 51 00 	jmp	0xa2	; 0xa2 <__bad_interrupt>
  38:	0c 94 51 00 	jmp	0xa2	; 0xa2 <__bad_interrupt>
  3c:	0c 94 51 00 	jmp	0xa2	; 0xa2 <__bad_interrupt>
  40:	0c 94 51 00 	jmp	0xa2	; 0xa2 <__bad_interrupt>
  44:	0c 94 51 00 	jmp	0xa2	; 0xa2 <__bad_interrupt>
  48:	0c 94 51 00 	jmp	0xa2	; 0xa2 <__bad_interrupt>
  4c:	0c 94 51 00 	jmp	0xa2	; 0xa2 <__bad_interrupt>
  50:	0c 94 51 00 	jmp	0xa2	; 0xa2 <__bad_interrupt>
  54:	0c 94 51 00 	jmp	0xa2	; 0xa2 <__bad_interrupt>
  58:	0c 94 51 00 	jmp	0xa2	; 0xa2 <__bad_interrupt>
  5c:	0c 94 51 00 	jmp	0xa2	; 0xa2 <__bad_interrupt>
  60:	0c 94 51 00 	jmp	0xa2	; 0xa2 <__bad_interrupt>
  64:	0c 94 51 00 	jmp	0xa2	; 0xa2 <__bad_interrupt>

00000068 <__ctors_end>:
  68:	11 24       	eor	r1, r1
  6a:	1f be       	out	0x3f, r1	; 63
  6c:	cf ef       	ldi	r28, 0xFF	; 255
  6e:	d8 e0       	ldi	r29, 0x08	; 8
  70:	de bf       	out	0x3e, r29	; 62
  72:	cd bf       	out	0x3d, r28	; 61

00000074 <__do_copy_data>:
  74:	11 e0       	ldi	r17, 0x01	; 1
  76:	a0 e0       	ldi	r26, 0x00	; 0
  78:	b1 e0       	ldi	r27, 0x01	; 1
  7a:	e2 e8       	ldi	r30, 0x82	; 130
  7c:	f8 e0       	ldi	r31, 0x08	; 8
  7e:	02 c0       	rjmp	.+4      	; 0x84 <__do_copy_data+0x10>
  80:	05 90       	lpm	r0, Z+
  82:	0d 92       	st	X+, r0
  84:	a0 31       	cpi	r26, 0x10	; 16
  86:	b1 07       	cpc	r27, r17
  88:	d9 f7       	brne	.-10     	; 0x80 <__do_copy_data+0xc>

0000008a <__do_clear_bss>:
  8a:	21 e0       	ldi	r18, 0x01	; 1
  8c:	a0 e1       	ldi	r26, 0x10	; 16
  8e:	b1 e0       	ldi	r27, 0x01	; 1
  90:	01 c0       	rjmp	.+2      	; 0x94 <.do_clear_bss_start>

00000092 <.do_clear_bss_loop>:
  92:	1d 92       	st	X+, r1

00000094 <.do_clear_bss_start>:
  94:	ab 32       	cpi	r26, 0x2B	; 43
  96:	b2 07       	cpc	r27, r18
  98:	e1 f7       	brne	.-8      	; 0x92 <.do_clear_bss_loop>
  9a:	0e 94 f0 00 	call	0x1e0	; 0x1e0 <main>
  9e:	0c 94 3f 04 	jmp	0x87e	; 0x87e <_exit>

000000a2 <__bad_interrupt>:
  a2:	0c 94 00 00 	jmp	0	; 0x0 <__vectors>

000000a6 <uart_transmit>:

// transmisja jednego znaku
int uart_transmit(char data, FILE *stream)
{
  // czekaj aż transmiter gotowy
  while(!(UCSR0A & _BV(UDRE0)));
  a6:	90 91 c0 00 	lds	r25, 0x00C0	; 0x8000c0 <__TEXT_REGION_LENGTH__+0x7f80c0>
  aa:	95 ff       	sbrs	r25, 5
  ac:	fc cf       	rjmp	.-8      	; 0xa6 <uart_transmit>
  UDR0 = data;
  ae:	80 93 c6 00 	sts	0x00C6, r24	; 0x8000c6 <__TEXT_REGION_LENGTH__+0x7f80c6>
  return 0;
}
  b2:	80 e0       	ldi	r24, 0x00	; 0
  b4:	90 e0       	ldi	r25, 0x00	; 0
  b6:	08 95       	ret

000000b8 <uart_receive>:

// odczyt jednego znaku
int uart_receive(FILE *stream)
{
  // czekaj aż znak dostępny
  while (!(UCSR0A & _BV(RXC0)));
  b8:	80 91 c0 00 	lds	r24, 0x00C0	; 0x8000c0 <__TEXT_REGION_LENGTH__+0x7f80c0>
  bc:	87 ff       	sbrs	r24, 7
  be:	fc cf       	rjmp	.-8      	; 0xb8 <uart_receive>
  return UDR0;
  c0:	80 91 c6 00 	lds	r24, 0x00C6	; 0x8000c6 <__TEXT_REGION_LENGTH__+0x7f80c6>
}
  c4:	90 e0       	ldi	r25, 0x00	; 0
  c6:	08 95       	ret

000000c8 <uart_init>:

// inicjalizacja UART
void uart_init()
{
  // ustaw baudrate
  UBRR0 = UBRR_VALUE;
  c8:	87 e6       	ldi	r24, 0x67	; 103
  ca:	90 e0       	ldi	r25, 0x00	; 0
  cc:	90 93 c5 00 	sts	0x00C5, r25	; 0x8000c5 <__TEXT_REGION_LENGTH__+0x7f80c5>
  d0:	80 93 c4 00 	sts	0x00C4, r24	; 0x8000c4 <__TEXT_REGION_LENGTH__+0x7f80c4>
  // wyczyść rejestr UCSR0A
  UCSR0A = 0;
  d4:	10 92 c0 00 	sts	0x00C0, r1	; 0x8000c0 <__TEXT_REGION_LENGTH__+0x7f80c0>
  // włącz odbiornik i nadajnik
  UCSR0B = _BV(RXEN0) | _BV(TXEN0);
  d8:	88 e1       	ldi	r24, 0x18	; 24
  da:	80 93 c1 00 	sts	0x00C1, r24	; 0x8000c1 <__TEXT_REGION_LENGTH__+0x7f80c1>
  // ustaw format 8n1
  UCSR0C = _BV(UCSZ00) | _BV(UCSZ01);
  de:	86 e0       	ldi	r24, 0x06	; 6
  e0:	80 93 c2 00 	sts	0x00C2, r24	; 0x8000c2 <__TEXT_REGION_LENGTH__+0x7f80c2>
  e4:	08 95       	ret

000000e6 <uart_wait>:
  while (!(UCSR0A & _BV(RXC0)));
  return UDR0;
}
void uart_wait()
{
  while(!(UCSR0A & _BV(TXC0)));
  e6:	80 91 c0 00 	lds	r24, 0x00C0	; 0x8000c0 <__TEXT_REGION_LENGTH__+0x7f80c0>
  ea:	86 ff       	sbrs	r24, 6
  ec:	fc cf       	rjmp	.-8      	; 0xe6 <uart_wait>
}
  ee:	08 95       	ret

000000f0 <counter1_init>:

void counter1_init()
{
  
  // Tryb Fast PWM z OCR1A = TOP
  TCCR1A = _BV(WGM11) | _BV(WGM10);
  f0:	83 e0       	ldi	r24, 0x03	; 3
  f2:	80 93 80 00 	sts	0x0080, r24	; 0x800080 <__TEXT_REGION_LENGTH__+0x7f8080>
  TCCR1B = _BV(WGM12) | _BV(WGM13);
  f6:	e1 e8       	ldi	r30, 0x81	; 129
  f8:	f0 e0       	ldi	r31, 0x00	; 0
  fa:	88 e1       	ldi	r24, 0x18	; 24
  fc:	80 83       	st	Z, r24

  // Preskaler 8
  TCCR1B |= _BV(CS11);
  fe:	80 81       	ld	r24, Z
 100:	82 60       	ori	r24, 0x02	; 2
 102:	80 83       	st	Z, r24
  OCR1A = 0xFFFF;
 104:	8f ef       	ldi	r24, 0xFF	; 255
 106:	9f ef       	ldi	r25, 0xFF	; 255
 108:	90 93 89 00 	sts	0x0089, r25	; 0x800089 <__TEXT_REGION_LENGTH__+0x7f8089>
 10c:	80 93 88 00 	sts	0x0088, r24	; 0x800088 <__TEXT_REGION_LENGTH__+0x7f8088>
  // Włącz przerwanie zdarzeń
  TIMSK1 = _BV(ICIE1);
 110:	80 e2       	ldi	r24, 0x20	; 32
 112:	80 93 6f 00 	sts	0x006F, r24	; 0x80006f <__TEXT_REGION_LENGTH__+0x7f806f>
 116:	08 95       	ret

00000118 <__vector_10>:
uint16_t old;
uint8_t count;
uint32_t frequency;

ISR(TIMER1_CAPT_vect)
{
 118:	1f 92       	push	r1
 11a:	0f 92       	push	r0
 11c:	0f b6       	in	r0, 0x3f	; 63
 11e:	0f 92       	push	r0
 120:	11 24       	eor	r1, r1
 122:	2f 93       	push	r18
 124:	3f 93       	push	r19
 126:	4f 93       	push	r20
 128:	5f 93       	push	r21
 12a:	6f 93       	push	r22
 12c:	7f 93       	push	r23
 12e:	8f 93       	push	r24
 130:	9f 93       	push	r25
 132:	af 93       	push	r26
 134:	bf 93       	push	r27
 136:	cf 93       	push	r28
 138:	df 93       	push	r29
 13a:	ef 93       	push	r30
 13c:	ff 93       	push	r31
  count++;
 13e:	80 91 24 01 	lds	r24, 0x0124	; 0x800124 <count>
 142:	8f 5f       	subi	r24, 0xFF	; 255
 144:	80 93 24 01 	sts	0x0124, r24	; 0x800124 <count>
  uint16_t new = ICR1;
 148:	c0 91 86 00 	lds	r28, 0x0086	; 0x800086 <__TEXT_REGION_LENGTH__+0x7f8086>
 14c:	d0 91 87 00 	lds	r29, 0x0087	; 0x800087 <__TEXT_REGION_LENGTH__+0x7f8087>
  
  // Nie możemy wypisywać wartości z każdym wywołaniem przerwania,
  // ponieważ printf drastycznie opóźniałby przedział między old i new
  // Zmienna count powoduje, że wypisujemy co jakiś czas dokładniejszy pomiar
  // W moim przypadku 228 Hz
  if(count == 0x80){
 150:	80 38       	cpi	r24, 0x80	; 128
 152:	b9 f0       	breq	.+46     	; 0x182 <__vector_10+0x6a>
    uint16_t frequency = 16000000/((uint32_t)8*(1+(new - old)));
    printf("Frequency: %"PRIu16"\r\n", frequency);
    count = 0;
  }

  old = new;
 154:	d0 93 23 01 	sts	0x0123, r29	; 0x800123 <old+0x1>
 158:	c0 93 22 01 	sts	0x0122, r28	; 0x800122 <old>
}
 15c:	ff 91       	pop	r31
 15e:	ef 91       	pop	r30
 160:	df 91       	pop	r29
 162:	cf 91       	pop	r28
 164:	bf 91       	pop	r27
 166:	af 91       	pop	r26
 168:	9f 91       	pop	r25
 16a:	8f 91       	pop	r24
 16c:	7f 91       	pop	r23
 16e:	6f 91       	pop	r22
 170:	5f 91       	pop	r21
 172:	4f 91       	pop	r20
 174:	3f 91       	pop	r19
 176:	2f 91       	pop	r18
 178:	0f 90       	pop	r0
 17a:	0f be       	out	0x3f, r0	; 63
 17c:	0f 90       	pop	r0
 17e:	1f 90       	pop	r1
 180:	18 95       	reti
  // Nie możemy wypisywać wartości z każdym wywołaniem przerwania,
  // ponieważ printf drastycznie opóźniałby przedział między old i new
  // Zmienna count powoduje, że wypisujemy co jakiś czas dokładniejszy pomiar
  // W moim przypadku 228 Hz
  if(count == 0x80){
    uint16_t frequency = 16000000/((uint32_t)8*(1+(new - old)));
 182:	80 91 22 01 	lds	r24, 0x0122	; 0x800122 <old>
 186:	90 91 23 01 	lds	r25, 0x0123	; 0x800123 <old+0x1>
 18a:	9e 01       	movw	r18, r28
 18c:	2f 5f       	subi	r18, 0xFF	; 255
 18e:	3f 4f       	sbci	r19, 0xFF	; 255
 190:	28 1b       	sub	r18, r24
 192:	39 0b       	sbc	r19, r25
    printf("Frequency: %"PRIu16"\r\n", frequency);
 194:	c9 01       	movw	r24, r18
 196:	a0 e0       	ldi	r26, 0x00	; 0
 198:	b0 e0       	ldi	r27, 0x00	; 0
 19a:	88 0f       	add	r24, r24
 19c:	99 1f       	adc	r25, r25
 19e:	aa 1f       	adc	r26, r26
 1a0:	bb 1f       	adc	r27, r27
 1a2:	88 0f       	add	r24, r24
 1a4:	99 1f       	adc	r25, r25
 1a6:	aa 1f       	adc	r26, r26
 1a8:	bb 1f       	adc	r27, r27
 1aa:	9c 01       	movw	r18, r24
 1ac:	ad 01       	movw	r20, r26
 1ae:	22 0f       	add	r18, r18
 1b0:	33 1f       	adc	r19, r19
 1b2:	44 1f       	adc	r20, r20
 1b4:	55 1f       	adc	r21, r21
 1b6:	60 e0       	ldi	r22, 0x00	; 0
 1b8:	74 e2       	ldi	r23, 0x24	; 36
 1ba:	84 ef       	ldi	r24, 0xF4	; 244
 1bc:	90 e0       	ldi	r25, 0x00	; 0
 1be:	0e 94 3f 01 	call	0x27e	; 0x27e <__udivmodsi4>
 1c2:	3f 93       	push	r19
 1c4:	2f 93       	push	r18
 1c6:	80 e0       	ldi	r24, 0x00	; 0
 1c8:	91 e0       	ldi	r25, 0x01	; 1
 1ca:	9f 93       	push	r25
 1cc:	8f 93       	push	r24
 1ce:	0e 94 61 01 	call	0x2c2	; 0x2c2 <printf>
    count = 0;
 1d2:	10 92 24 01 	sts	0x0124, r1	; 0x800124 <count>
 1d6:	0f 90       	pop	r0
 1d8:	0f 90       	pop	r0
 1da:	0f 90       	pop	r0
 1dc:	0f 90       	pop	r0
 1de:	ba cf       	rjmp	.-140    	; 0x154 <__vector_10+0x3c>

000001e0 <main>:

// inicjalizacja UART
void uart_init()
{
  // ustaw baudrate
  UBRR0 = UBRR_VALUE;
 1e0:	87 e6       	ldi	r24, 0x67	; 103
 1e2:	90 e0       	ldi	r25, 0x00	; 0
 1e4:	90 93 c5 00 	sts	0x00C5, r25	; 0x8000c5 <__TEXT_REGION_LENGTH__+0x7f80c5>
 1e8:	80 93 c4 00 	sts	0x00C4, r24	; 0x8000c4 <__TEXT_REGION_LENGTH__+0x7f80c4>
  // wyczyść rejestr UCSR0A
  UCSR0A = 0;
 1ec:	10 92 c0 00 	sts	0x00C0, r1	; 0x8000c0 <__TEXT_REGION_LENGTH__+0x7f80c0>
  // włącz odbiornik i nadajnik
  UCSR0B = _BV(RXEN0) | _BV(TXEN0);
 1f0:	28 e1       	ldi	r18, 0x18	; 24
 1f2:	20 93 c1 00 	sts	0x00C1, r18	; 0x8000c1 <__TEXT_REGION_LENGTH__+0x7f80c1>
  // ustaw format 8n1
  UCSR0C = _BV(UCSZ00) | _BV(UCSZ01);
 1f6:	86 e0       	ldi	r24, 0x06	; 6
 1f8:	80 93 c2 00 	sts	0x00C2, r24	; 0x8000c2 <__TEXT_REGION_LENGTH__+0x7f80c2>
int main()
{
  // zainicjalizuj UART
  uart_init();
  // skonfiguruj strumienie wejścia/wyjścia
  fdev_setup_stream(&uart_file, uart_transmit, uart_receive, _FDEV_SETUP_RW);
 1fc:	84 e1       	ldi	r24, 0x14	; 20
 1fe:	91 e0       	ldi	r25, 0x01	; 1
 200:	43 e5       	ldi	r20, 0x53	; 83
 202:	50 e0       	ldi	r21, 0x00	; 0
 204:	50 93 1d 01 	sts	0x011D, r21	; 0x80011d <uart_file+0x9>
 208:	40 93 1c 01 	sts	0x011C, r20	; 0x80011c <uart_file+0x8>
 20c:	4c e5       	ldi	r20, 0x5C	; 92
 20e:	50 e0       	ldi	r21, 0x00	; 0
 210:	50 93 1f 01 	sts	0x011F, r21	; 0x80011f <uart_file+0xb>
 214:	40 93 1e 01 	sts	0x011E, r20	; 0x80011e <uart_file+0xa>
 218:	33 e0       	ldi	r19, 0x03	; 3
 21a:	30 93 17 01 	sts	0x0117, r19	; 0x800117 <uart_file+0x3>
 21e:	10 92 21 01 	sts	0x0121, r1	; 0x800121 <uart_file+0xd>
 222:	10 92 20 01 	sts	0x0120, r1	; 0x800120 <uart_file+0xc>
  stdin = stdout = stderr = &uart_file;
 226:	90 93 2a 01 	sts	0x012A, r25	; 0x80012a <__iob+0x5>
 22a:	80 93 29 01 	sts	0x0129, r24	; 0x800129 <__iob+0x4>
 22e:	90 93 28 01 	sts	0x0128, r25	; 0x800128 <__iob+0x3>
 232:	80 93 27 01 	sts	0x0127, r24	; 0x800127 <__iob+0x2>
 236:	90 93 26 01 	sts	0x0126, r25	; 0x800126 <__iob+0x1>
 23a:	80 93 25 01 	sts	0x0125, r24	; 0x800125 <__iob>

void counter1_init()
{
  
  // Tryb Fast PWM z OCR1A = TOP
  TCCR1A = _BV(WGM11) | _BV(WGM10);
 23e:	30 93 80 00 	sts	0x0080, r19	; 0x800080 <__TEXT_REGION_LENGTH__+0x7f8080>
  TCCR1B = _BV(WGM12) | _BV(WGM13);
 242:	20 93 81 00 	sts	0x0081, r18	; 0x800081 <__TEXT_REGION_LENGTH__+0x7f8081>

  // Preskaler 8
  TCCR1B |= _BV(CS11);
 246:	80 91 81 00 	lds	r24, 0x0081	; 0x800081 <__TEXT_REGION_LENGTH__+0x7f8081>
 24a:	82 60       	ori	r24, 0x02	; 2
 24c:	80 93 81 00 	sts	0x0081, r24	; 0x800081 <__TEXT_REGION_LENGTH__+0x7f8081>
  OCR1A = 0xFFFF;
 250:	8f ef       	ldi	r24, 0xFF	; 255
 252:	9f ef       	ldi	r25, 0xFF	; 255
 254:	90 93 89 00 	sts	0x0089, r25	; 0x800089 <__TEXT_REGION_LENGTH__+0x7f8089>
 258:	80 93 88 00 	sts	0x0088, r24	; 0x800088 <__TEXT_REGION_LENGTH__+0x7f8088>
  // Włącz przerwanie zdarzeń
  TIMSK1 = _BV(ICIE1);
 25c:	80 e2       	ldi	r24, 0x20	; 32
 25e:	80 93 6f 00 	sts	0x006F, r24	; 0x80006f <__TEXT_REGION_LENGTH__+0x7f806f>
  // skonfiguruj strumienie wejścia/wyjścia
  fdev_setup_stream(&uart_file, uart_transmit, uart_receive, _FDEV_SETUP_RW);
  stdin = stdout = stderr = &uart_file;

  counter1_init();
  sei(); // Włącz przerwania globalnie
 262:	78 94       	sei
  set_sleep_mode(SLEEP_MODE_IDLE);
 264:	83 b7       	in	r24, 0x33	; 51
 266:	81 7f       	andi	r24, 0xF1	; 241
 268:	83 bf       	out	0x33, r24	; 51
  PORTB = _BV(PB0);
 26a:	81 e0       	ldi	r24, 0x01	; 1
 26c:	85 b9       	out	0x05, r24	; 5

  while(1){
    // Przełącz w stan bezczynności
    sleep_mode();
 26e:	83 b7       	in	r24, 0x33	; 51
 270:	81 60       	ori	r24, 0x01	; 1
 272:	83 bf       	out	0x33, r24	; 51
 274:	88 95       	sleep
 276:	83 b7       	in	r24, 0x33	; 51
 278:	8e 7f       	andi	r24, 0xFE	; 254
 27a:	83 bf       	out	0x33, r24	; 51
 27c:	f8 cf       	rjmp	.-16     	; 0x26e <main+0x8e>

0000027e <__udivmodsi4>:
 27e:	a1 e2       	ldi	r26, 0x21	; 33
 280:	1a 2e       	mov	r1, r26
 282:	aa 1b       	sub	r26, r26
 284:	bb 1b       	sub	r27, r27
 286:	fd 01       	movw	r30, r26
 288:	0d c0       	rjmp	.+26     	; 0x2a4 <__udivmodsi4_ep>

0000028a <__udivmodsi4_loop>:
 28a:	aa 1f       	adc	r26, r26
 28c:	bb 1f       	adc	r27, r27
 28e:	ee 1f       	adc	r30, r30
 290:	ff 1f       	adc	r31, r31
 292:	a2 17       	cp	r26, r18
 294:	b3 07       	cpc	r27, r19
 296:	e4 07       	cpc	r30, r20
 298:	f5 07       	cpc	r31, r21
 29a:	20 f0       	brcs	.+8      	; 0x2a4 <__udivmodsi4_ep>
 29c:	a2 1b       	sub	r26, r18
 29e:	b3 0b       	sbc	r27, r19
 2a0:	e4 0b       	sbc	r30, r20
 2a2:	f5 0b       	sbc	r31, r21

000002a4 <__udivmodsi4_ep>:
 2a4:	66 1f       	adc	r22, r22
 2a6:	77 1f       	adc	r23, r23
 2a8:	88 1f       	adc	r24, r24
 2aa:	99 1f       	adc	r25, r25
 2ac:	1a 94       	dec	r1
 2ae:	69 f7       	brne	.-38     	; 0x28a <__udivmodsi4_loop>
 2b0:	60 95       	com	r22
 2b2:	70 95       	com	r23
 2b4:	80 95       	com	r24
 2b6:	90 95       	com	r25
 2b8:	9b 01       	movw	r18, r22
 2ba:	ac 01       	movw	r20, r24
 2bc:	bd 01       	movw	r22, r26
 2be:	cf 01       	movw	r24, r30
 2c0:	08 95       	ret

000002c2 <printf>:
 2c2:	a0 e0       	ldi	r26, 0x00	; 0
 2c4:	b0 e0       	ldi	r27, 0x00	; 0
 2c6:	e7 e6       	ldi	r30, 0x67	; 103
 2c8:	f1 e0       	ldi	r31, 0x01	; 1
 2ca:	0c 94 18 04 	jmp	0x830	; 0x830 <__prologue_saves__+0x20>
 2ce:	ae 01       	movw	r20, r28
 2d0:	4b 5f       	subi	r20, 0xFB	; 251
 2d2:	5f 4f       	sbci	r21, 0xFF	; 255
 2d4:	fa 01       	movw	r30, r20
 2d6:	61 91       	ld	r22, Z+
 2d8:	71 91       	ld	r23, Z+
 2da:	af 01       	movw	r20, r30
 2dc:	80 91 27 01 	lds	r24, 0x0127	; 0x800127 <__iob+0x2>
 2e0:	90 91 28 01 	lds	r25, 0x0128	; 0x800128 <__iob+0x3>
 2e4:	0e 94 77 01 	call	0x2ee	; 0x2ee <vfprintf>
 2e8:	e2 e0       	ldi	r30, 0x02	; 2
 2ea:	0c 94 34 04 	jmp	0x868	; 0x868 <__epilogue_restores__+0x20>

000002ee <vfprintf>:
 2ee:	ab e0       	ldi	r26, 0x0B	; 11
 2f0:	b0 e0       	ldi	r27, 0x00	; 0
 2f2:	ed e7       	ldi	r30, 0x7D	; 125
 2f4:	f1 e0       	ldi	r31, 0x01	; 1
 2f6:	0c 94 08 04 	jmp	0x810	; 0x810 <__prologue_saves__>
 2fa:	6c 01       	movw	r12, r24
 2fc:	7b 01       	movw	r14, r22
 2fe:	8a 01       	movw	r16, r20
 300:	fc 01       	movw	r30, r24
 302:	17 82       	std	Z+7, r1	; 0x07
 304:	16 82       	std	Z+6, r1	; 0x06
 306:	83 81       	ldd	r24, Z+3	; 0x03
 308:	81 ff       	sbrs	r24, 1
 30a:	cc c1       	rjmp	.+920    	; 0x6a4 <__EEPROM_REGION_LENGTH__+0x2a4>
 30c:	ce 01       	movw	r24, r28
 30e:	01 96       	adiw	r24, 0x01	; 1
 310:	3c 01       	movw	r6, r24
 312:	f6 01       	movw	r30, r12
 314:	93 81       	ldd	r25, Z+3	; 0x03
 316:	f7 01       	movw	r30, r14
 318:	93 fd       	sbrc	r25, 3
 31a:	85 91       	lpm	r24, Z+
 31c:	93 ff       	sbrs	r25, 3
 31e:	81 91       	ld	r24, Z+
 320:	7f 01       	movw	r14, r30
 322:	88 23       	and	r24, r24
 324:	09 f4       	brne	.+2      	; 0x328 <vfprintf+0x3a>
 326:	ba c1       	rjmp	.+884    	; 0x69c <__EEPROM_REGION_LENGTH__+0x29c>
 328:	85 32       	cpi	r24, 0x25	; 37
 32a:	39 f4       	brne	.+14     	; 0x33a <vfprintf+0x4c>
 32c:	93 fd       	sbrc	r25, 3
 32e:	85 91       	lpm	r24, Z+
 330:	93 ff       	sbrs	r25, 3
 332:	81 91       	ld	r24, Z+
 334:	7f 01       	movw	r14, r30
 336:	85 32       	cpi	r24, 0x25	; 37
 338:	29 f4       	brne	.+10     	; 0x344 <vfprintf+0x56>
 33a:	b6 01       	movw	r22, r12
 33c:	90 e0       	ldi	r25, 0x00	; 0
 33e:	0e 94 6e 03 	call	0x6dc	; 0x6dc <fputc>
 342:	e7 cf       	rjmp	.-50     	; 0x312 <vfprintf+0x24>
 344:	91 2c       	mov	r9, r1
 346:	21 2c       	mov	r2, r1
 348:	31 2c       	mov	r3, r1
 34a:	ff e1       	ldi	r31, 0x1F	; 31
 34c:	f3 15       	cp	r31, r3
 34e:	d8 f0       	brcs	.+54     	; 0x386 <vfprintf+0x98>
 350:	8b 32       	cpi	r24, 0x2B	; 43
 352:	79 f0       	breq	.+30     	; 0x372 <vfprintf+0x84>
 354:	38 f4       	brcc	.+14     	; 0x364 <vfprintf+0x76>
 356:	80 32       	cpi	r24, 0x20	; 32
 358:	79 f0       	breq	.+30     	; 0x378 <vfprintf+0x8a>
 35a:	83 32       	cpi	r24, 0x23	; 35
 35c:	a1 f4       	brne	.+40     	; 0x386 <vfprintf+0x98>
 35e:	23 2d       	mov	r18, r3
 360:	20 61       	ori	r18, 0x10	; 16
 362:	1d c0       	rjmp	.+58     	; 0x39e <vfprintf+0xb0>
 364:	8d 32       	cpi	r24, 0x2D	; 45
 366:	61 f0       	breq	.+24     	; 0x380 <vfprintf+0x92>
 368:	80 33       	cpi	r24, 0x30	; 48
 36a:	69 f4       	brne	.+26     	; 0x386 <vfprintf+0x98>
 36c:	23 2d       	mov	r18, r3
 36e:	21 60       	ori	r18, 0x01	; 1
 370:	16 c0       	rjmp	.+44     	; 0x39e <vfprintf+0xb0>
 372:	83 2d       	mov	r24, r3
 374:	82 60       	ori	r24, 0x02	; 2
 376:	38 2e       	mov	r3, r24
 378:	e3 2d       	mov	r30, r3
 37a:	e4 60       	ori	r30, 0x04	; 4
 37c:	3e 2e       	mov	r3, r30
 37e:	2a c0       	rjmp	.+84     	; 0x3d4 <vfprintf+0xe6>
 380:	f3 2d       	mov	r31, r3
 382:	f8 60       	ori	r31, 0x08	; 8
 384:	1d c0       	rjmp	.+58     	; 0x3c0 <vfprintf+0xd2>
 386:	37 fc       	sbrc	r3, 7
 388:	2d c0       	rjmp	.+90     	; 0x3e4 <vfprintf+0xf6>
 38a:	20 ed       	ldi	r18, 0xD0	; 208
 38c:	28 0f       	add	r18, r24
 38e:	2a 30       	cpi	r18, 0x0A	; 10
 390:	40 f0       	brcs	.+16     	; 0x3a2 <vfprintf+0xb4>
 392:	8e 32       	cpi	r24, 0x2E	; 46
 394:	b9 f4       	brne	.+46     	; 0x3c4 <vfprintf+0xd6>
 396:	36 fc       	sbrc	r3, 6
 398:	81 c1       	rjmp	.+770    	; 0x69c <__EEPROM_REGION_LENGTH__+0x29c>
 39a:	23 2d       	mov	r18, r3
 39c:	20 64       	ori	r18, 0x40	; 64
 39e:	32 2e       	mov	r3, r18
 3a0:	19 c0       	rjmp	.+50     	; 0x3d4 <vfprintf+0xe6>
 3a2:	36 fe       	sbrs	r3, 6
 3a4:	06 c0       	rjmp	.+12     	; 0x3b2 <vfprintf+0xc4>
 3a6:	8a e0       	ldi	r24, 0x0A	; 10
 3a8:	98 9e       	mul	r9, r24
 3aa:	20 0d       	add	r18, r0
 3ac:	11 24       	eor	r1, r1
 3ae:	92 2e       	mov	r9, r18
 3b0:	11 c0       	rjmp	.+34     	; 0x3d4 <vfprintf+0xe6>
 3b2:	ea e0       	ldi	r30, 0x0A	; 10
 3b4:	2e 9e       	mul	r2, r30
 3b6:	20 0d       	add	r18, r0
 3b8:	11 24       	eor	r1, r1
 3ba:	22 2e       	mov	r2, r18
 3bc:	f3 2d       	mov	r31, r3
 3be:	f0 62       	ori	r31, 0x20	; 32
 3c0:	3f 2e       	mov	r3, r31
 3c2:	08 c0       	rjmp	.+16     	; 0x3d4 <vfprintf+0xe6>
 3c4:	8c 36       	cpi	r24, 0x6C	; 108
 3c6:	21 f4       	brne	.+8      	; 0x3d0 <vfprintf+0xe2>
 3c8:	83 2d       	mov	r24, r3
 3ca:	80 68       	ori	r24, 0x80	; 128
 3cc:	38 2e       	mov	r3, r24
 3ce:	02 c0       	rjmp	.+4      	; 0x3d4 <vfprintf+0xe6>
 3d0:	88 36       	cpi	r24, 0x68	; 104
 3d2:	41 f4       	brne	.+16     	; 0x3e4 <vfprintf+0xf6>
 3d4:	f7 01       	movw	r30, r14
 3d6:	93 fd       	sbrc	r25, 3
 3d8:	85 91       	lpm	r24, Z+
 3da:	93 ff       	sbrs	r25, 3
 3dc:	81 91       	ld	r24, Z+
 3de:	7f 01       	movw	r14, r30
 3e0:	81 11       	cpse	r24, r1
 3e2:	b3 cf       	rjmp	.-154    	; 0x34a <vfprintf+0x5c>
 3e4:	98 2f       	mov	r25, r24
 3e6:	9f 7d       	andi	r25, 0xDF	; 223
 3e8:	95 54       	subi	r25, 0x45	; 69
 3ea:	93 30       	cpi	r25, 0x03	; 3
 3ec:	28 f4       	brcc	.+10     	; 0x3f8 <vfprintf+0x10a>
 3ee:	0c 5f       	subi	r16, 0xFC	; 252
 3f0:	1f 4f       	sbci	r17, 0xFF	; 255
 3f2:	9f e3       	ldi	r25, 0x3F	; 63
 3f4:	99 83       	std	Y+1, r25	; 0x01
 3f6:	0d c0       	rjmp	.+26     	; 0x412 <__EEPROM_REGION_LENGTH__+0x12>
 3f8:	83 36       	cpi	r24, 0x63	; 99
 3fa:	31 f0       	breq	.+12     	; 0x408 <__EEPROM_REGION_LENGTH__+0x8>
 3fc:	83 37       	cpi	r24, 0x73	; 115
 3fe:	71 f0       	breq	.+28     	; 0x41c <__EEPROM_REGION_LENGTH__+0x1c>
 400:	83 35       	cpi	r24, 0x53	; 83
 402:	09 f0       	breq	.+2      	; 0x406 <__EEPROM_REGION_LENGTH__+0x6>
 404:	59 c0       	rjmp	.+178    	; 0x4b8 <__EEPROM_REGION_LENGTH__+0xb8>
 406:	21 c0       	rjmp	.+66     	; 0x44a <__EEPROM_REGION_LENGTH__+0x4a>
 408:	f8 01       	movw	r30, r16
 40a:	80 81       	ld	r24, Z
 40c:	89 83       	std	Y+1, r24	; 0x01
 40e:	0e 5f       	subi	r16, 0xFE	; 254
 410:	1f 4f       	sbci	r17, 0xFF	; 255
 412:	88 24       	eor	r8, r8
 414:	83 94       	inc	r8
 416:	91 2c       	mov	r9, r1
 418:	53 01       	movw	r10, r6
 41a:	13 c0       	rjmp	.+38     	; 0x442 <__EEPROM_REGION_LENGTH__+0x42>
 41c:	28 01       	movw	r4, r16
 41e:	f2 e0       	ldi	r31, 0x02	; 2
 420:	4f 0e       	add	r4, r31
 422:	51 1c       	adc	r5, r1
 424:	f8 01       	movw	r30, r16
 426:	a0 80       	ld	r10, Z
 428:	b1 80       	ldd	r11, Z+1	; 0x01
 42a:	36 fe       	sbrs	r3, 6
 42c:	03 c0       	rjmp	.+6      	; 0x434 <__EEPROM_REGION_LENGTH__+0x34>
 42e:	69 2d       	mov	r22, r9
 430:	70 e0       	ldi	r23, 0x00	; 0
 432:	02 c0       	rjmp	.+4      	; 0x438 <__EEPROM_REGION_LENGTH__+0x38>
 434:	6f ef       	ldi	r22, 0xFF	; 255
 436:	7f ef       	ldi	r23, 0xFF	; 255
 438:	c5 01       	movw	r24, r10
 43a:	0e 94 63 03 	call	0x6c6	; 0x6c6 <strnlen>
 43e:	4c 01       	movw	r8, r24
 440:	82 01       	movw	r16, r4
 442:	f3 2d       	mov	r31, r3
 444:	ff 77       	andi	r31, 0x7F	; 127
 446:	3f 2e       	mov	r3, r31
 448:	16 c0       	rjmp	.+44     	; 0x476 <__EEPROM_REGION_LENGTH__+0x76>
 44a:	28 01       	movw	r4, r16
 44c:	22 e0       	ldi	r18, 0x02	; 2
 44e:	42 0e       	add	r4, r18
 450:	51 1c       	adc	r5, r1
 452:	f8 01       	movw	r30, r16
 454:	a0 80       	ld	r10, Z
 456:	b1 80       	ldd	r11, Z+1	; 0x01
 458:	36 fe       	sbrs	r3, 6
 45a:	03 c0       	rjmp	.+6      	; 0x462 <__EEPROM_REGION_LENGTH__+0x62>
 45c:	69 2d       	mov	r22, r9
 45e:	70 e0       	ldi	r23, 0x00	; 0
 460:	02 c0       	rjmp	.+4      	; 0x466 <__EEPROM_REGION_LENGTH__+0x66>
 462:	6f ef       	ldi	r22, 0xFF	; 255
 464:	7f ef       	ldi	r23, 0xFF	; 255
 466:	c5 01       	movw	r24, r10
 468:	0e 94 58 03 	call	0x6b0	; 0x6b0 <strnlen_P>
 46c:	4c 01       	movw	r8, r24
 46e:	f3 2d       	mov	r31, r3
 470:	f0 68       	ori	r31, 0x80	; 128
 472:	3f 2e       	mov	r3, r31
 474:	82 01       	movw	r16, r4
 476:	33 fc       	sbrc	r3, 3
 478:	1b c0       	rjmp	.+54     	; 0x4b0 <__EEPROM_REGION_LENGTH__+0xb0>
 47a:	82 2d       	mov	r24, r2
 47c:	90 e0       	ldi	r25, 0x00	; 0
 47e:	88 16       	cp	r8, r24
 480:	99 06       	cpc	r9, r25
 482:	b0 f4       	brcc	.+44     	; 0x4b0 <__EEPROM_REGION_LENGTH__+0xb0>
 484:	b6 01       	movw	r22, r12
 486:	80 e2       	ldi	r24, 0x20	; 32
 488:	90 e0       	ldi	r25, 0x00	; 0
 48a:	0e 94 6e 03 	call	0x6dc	; 0x6dc <fputc>
 48e:	2a 94       	dec	r2
 490:	f4 cf       	rjmp	.-24     	; 0x47a <__EEPROM_REGION_LENGTH__+0x7a>
 492:	f5 01       	movw	r30, r10
 494:	37 fc       	sbrc	r3, 7
 496:	85 91       	lpm	r24, Z+
 498:	37 fe       	sbrs	r3, 7
 49a:	81 91       	ld	r24, Z+
 49c:	5f 01       	movw	r10, r30
 49e:	b6 01       	movw	r22, r12
 4a0:	90 e0       	ldi	r25, 0x00	; 0
 4a2:	0e 94 6e 03 	call	0x6dc	; 0x6dc <fputc>
 4a6:	21 10       	cpse	r2, r1
 4a8:	2a 94       	dec	r2
 4aa:	21 e0       	ldi	r18, 0x01	; 1
 4ac:	82 1a       	sub	r8, r18
 4ae:	91 08       	sbc	r9, r1
 4b0:	81 14       	cp	r8, r1
 4b2:	91 04       	cpc	r9, r1
 4b4:	71 f7       	brne	.-36     	; 0x492 <__EEPROM_REGION_LENGTH__+0x92>
 4b6:	e8 c0       	rjmp	.+464    	; 0x688 <__EEPROM_REGION_LENGTH__+0x288>
 4b8:	84 36       	cpi	r24, 0x64	; 100
 4ba:	11 f0       	breq	.+4      	; 0x4c0 <__EEPROM_REGION_LENGTH__+0xc0>
 4bc:	89 36       	cpi	r24, 0x69	; 105
 4be:	41 f5       	brne	.+80     	; 0x510 <__EEPROM_REGION_LENGTH__+0x110>
 4c0:	f8 01       	movw	r30, r16
 4c2:	37 fe       	sbrs	r3, 7
 4c4:	07 c0       	rjmp	.+14     	; 0x4d4 <__EEPROM_REGION_LENGTH__+0xd4>
 4c6:	60 81       	ld	r22, Z
 4c8:	71 81       	ldd	r23, Z+1	; 0x01
 4ca:	82 81       	ldd	r24, Z+2	; 0x02
 4cc:	93 81       	ldd	r25, Z+3	; 0x03
 4ce:	0c 5f       	subi	r16, 0xFC	; 252
 4d0:	1f 4f       	sbci	r17, 0xFF	; 255
 4d2:	08 c0       	rjmp	.+16     	; 0x4e4 <__EEPROM_REGION_LENGTH__+0xe4>
 4d4:	60 81       	ld	r22, Z
 4d6:	71 81       	ldd	r23, Z+1	; 0x01
 4d8:	07 2e       	mov	r0, r23
 4da:	00 0c       	add	r0, r0
 4dc:	88 0b       	sbc	r24, r24
 4de:	99 0b       	sbc	r25, r25
 4e0:	0e 5f       	subi	r16, 0xFE	; 254
 4e2:	1f 4f       	sbci	r17, 0xFF	; 255
 4e4:	f3 2d       	mov	r31, r3
 4e6:	ff 76       	andi	r31, 0x6F	; 111
 4e8:	3f 2e       	mov	r3, r31
 4ea:	97 ff       	sbrs	r25, 7
 4ec:	09 c0       	rjmp	.+18     	; 0x500 <__EEPROM_REGION_LENGTH__+0x100>
 4ee:	90 95       	com	r25
 4f0:	80 95       	com	r24
 4f2:	70 95       	com	r23
 4f4:	61 95       	neg	r22
 4f6:	7f 4f       	sbci	r23, 0xFF	; 255
 4f8:	8f 4f       	sbci	r24, 0xFF	; 255
 4fa:	9f 4f       	sbci	r25, 0xFF	; 255
 4fc:	f0 68       	ori	r31, 0x80	; 128
 4fe:	3f 2e       	mov	r3, r31
 500:	2a e0       	ldi	r18, 0x0A	; 10
 502:	30 e0       	ldi	r19, 0x00	; 0
 504:	a3 01       	movw	r20, r6
 506:	0e 94 aa 03 	call	0x754	; 0x754 <__ultoa_invert>
 50a:	88 2e       	mov	r8, r24
 50c:	86 18       	sub	r8, r6
 50e:	45 c0       	rjmp	.+138    	; 0x59a <__EEPROM_REGION_LENGTH__+0x19a>
 510:	85 37       	cpi	r24, 0x75	; 117
 512:	31 f4       	brne	.+12     	; 0x520 <__EEPROM_REGION_LENGTH__+0x120>
 514:	23 2d       	mov	r18, r3
 516:	2f 7e       	andi	r18, 0xEF	; 239
 518:	b2 2e       	mov	r11, r18
 51a:	2a e0       	ldi	r18, 0x0A	; 10
 51c:	30 e0       	ldi	r19, 0x00	; 0
 51e:	25 c0       	rjmp	.+74     	; 0x56a <__EEPROM_REGION_LENGTH__+0x16a>
 520:	93 2d       	mov	r25, r3
 522:	99 7f       	andi	r25, 0xF9	; 249
 524:	b9 2e       	mov	r11, r25
 526:	8f 36       	cpi	r24, 0x6F	; 111
 528:	c1 f0       	breq	.+48     	; 0x55a <__EEPROM_REGION_LENGTH__+0x15a>
 52a:	18 f4       	brcc	.+6      	; 0x532 <__EEPROM_REGION_LENGTH__+0x132>
 52c:	88 35       	cpi	r24, 0x58	; 88
 52e:	79 f0       	breq	.+30     	; 0x54e <__EEPROM_REGION_LENGTH__+0x14e>
 530:	b5 c0       	rjmp	.+362    	; 0x69c <__EEPROM_REGION_LENGTH__+0x29c>
 532:	80 37       	cpi	r24, 0x70	; 112
 534:	19 f0       	breq	.+6      	; 0x53c <__EEPROM_REGION_LENGTH__+0x13c>
 536:	88 37       	cpi	r24, 0x78	; 120
 538:	21 f0       	breq	.+8      	; 0x542 <__EEPROM_REGION_LENGTH__+0x142>
 53a:	b0 c0       	rjmp	.+352    	; 0x69c <__EEPROM_REGION_LENGTH__+0x29c>
 53c:	e9 2f       	mov	r30, r25
 53e:	e0 61       	ori	r30, 0x10	; 16
 540:	be 2e       	mov	r11, r30
 542:	b4 fe       	sbrs	r11, 4
 544:	0d c0       	rjmp	.+26     	; 0x560 <__EEPROM_REGION_LENGTH__+0x160>
 546:	fb 2d       	mov	r31, r11
 548:	f4 60       	ori	r31, 0x04	; 4
 54a:	bf 2e       	mov	r11, r31
 54c:	09 c0       	rjmp	.+18     	; 0x560 <__EEPROM_REGION_LENGTH__+0x160>
 54e:	34 fe       	sbrs	r3, 4
 550:	0a c0       	rjmp	.+20     	; 0x566 <__EEPROM_REGION_LENGTH__+0x166>
 552:	29 2f       	mov	r18, r25
 554:	26 60       	ori	r18, 0x06	; 6
 556:	b2 2e       	mov	r11, r18
 558:	06 c0       	rjmp	.+12     	; 0x566 <__EEPROM_REGION_LENGTH__+0x166>
 55a:	28 e0       	ldi	r18, 0x08	; 8
 55c:	30 e0       	ldi	r19, 0x00	; 0
 55e:	05 c0       	rjmp	.+10     	; 0x56a <__EEPROM_REGION_LENGTH__+0x16a>
 560:	20 e1       	ldi	r18, 0x10	; 16
 562:	30 e0       	ldi	r19, 0x00	; 0
 564:	02 c0       	rjmp	.+4      	; 0x56a <__EEPROM_REGION_LENGTH__+0x16a>
 566:	20 e1       	ldi	r18, 0x10	; 16
 568:	32 e0       	ldi	r19, 0x02	; 2
 56a:	f8 01       	movw	r30, r16
 56c:	b7 fe       	sbrs	r11, 7
 56e:	07 c0       	rjmp	.+14     	; 0x57e <__EEPROM_REGION_LENGTH__+0x17e>
 570:	60 81       	ld	r22, Z
 572:	71 81       	ldd	r23, Z+1	; 0x01
 574:	82 81       	ldd	r24, Z+2	; 0x02
 576:	93 81       	ldd	r25, Z+3	; 0x03
 578:	0c 5f       	subi	r16, 0xFC	; 252
 57a:	1f 4f       	sbci	r17, 0xFF	; 255
 57c:	06 c0       	rjmp	.+12     	; 0x58a <__EEPROM_REGION_LENGTH__+0x18a>
 57e:	60 81       	ld	r22, Z
 580:	71 81       	ldd	r23, Z+1	; 0x01
 582:	80 e0       	ldi	r24, 0x00	; 0
 584:	90 e0       	ldi	r25, 0x00	; 0
 586:	0e 5f       	subi	r16, 0xFE	; 254
 588:	1f 4f       	sbci	r17, 0xFF	; 255
 58a:	a3 01       	movw	r20, r6
 58c:	0e 94 aa 03 	call	0x754	; 0x754 <__ultoa_invert>
 590:	88 2e       	mov	r8, r24
 592:	86 18       	sub	r8, r6
 594:	fb 2d       	mov	r31, r11
 596:	ff 77       	andi	r31, 0x7F	; 127
 598:	3f 2e       	mov	r3, r31
 59a:	36 fe       	sbrs	r3, 6
 59c:	0d c0       	rjmp	.+26     	; 0x5b8 <__EEPROM_REGION_LENGTH__+0x1b8>
 59e:	23 2d       	mov	r18, r3
 5a0:	2e 7f       	andi	r18, 0xFE	; 254
 5a2:	a2 2e       	mov	r10, r18
 5a4:	89 14       	cp	r8, r9
 5a6:	58 f4       	brcc	.+22     	; 0x5be <__EEPROM_REGION_LENGTH__+0x1be>
 5a8:	34 fe       	sbrs	r3, 4
 5aa:	0b c0       	rjmp	.+22     	; 0x5c2 <__EEPROM_REGION_LENGTH__+0x1c2>
 5ac:	32 fc       	sbrc	r3, 2
 5ae:	09 c0       	rjmp	.+18     	; 0x5c2 <__EEPROM_REGION_LENGTH__+0x1c2>
 5b0:	83 2d       	mov	r24, r3
 5b2:	8e 7e       	andi	r24, 0xEE	; 238
 5b4:	a8 2e       	mov	r10, r24
 5b6:	05 c0       	rjmp	.+10     	; 0x5c2 <__EEPROM_REGION_LENGTH__+0x1c2>
 5b8:	b8 2c       	mov	r11, r8
 5ba:	a3 2c       	mov	r10, r3
 5bc:	03 c0       	rjmp	.+6      	; 0x5c4 <__EEPROM_REGION_LENGTH__+0x1c4>
 5be:	b8 2c       	mov	r11, r8
 5c0:	01 c0       	rjmp	.+2      	; 0x5c4 <__EEPROM_REGION_LENGTH__+0x1c4>
 5c2:	b9 2c       	mov	r11, r9
 5c4:	a4 fe       	sbrs	r10, 4
 5c6:	0f c0       	rjmp	.+30     	; 0x5e6 <__EEPROM_REGION_LENGTH__+0x1e6>
 5c8:	fe 01       	movw	r30, r28
 5ca:	e8 0d       	add	r30, r8
 5cc:	f1 1d       	adc	r31, r1
 5ce:	80 81       	ld	r24, Z
 5d0:	80 33       	cpi	r24, 0x30	; 48
 5d2:	21 f4       	brne	.+8      	; 0x5dc <__EEPROM_REGION_LENGTH__+0x1dc>
 5d4:	9a 2d       	mov	r25, r10
 5d6:	99 7e       	andi	r25, 0xE9	; 233
 5d8:	a9 2e       	mov	r10, r25
 5da:	09 c0       	rjmp	.+18     	; 0x5ee <__EEPROM_REGION_LENGTH__+0x1ee>
 5dc:	a2 fe       	sbrs	r10, 2
 5de:	06 c0       	rjmp	.+12     	; 0x5ec <__EEPROM_REGION_LENGTH__+0x1ec>
 5e0:	b3 94       	inc	r11
 5e2:	b3 94       	inc	r11
 5e4:	04 c0       	rjmp	.+8      	; 0x5ee <__EEPROM_REGION_LENGTH__+0x1ee>
 5e6:	8a 2d       	mov	r24, r10
 5e8:	86 78       	andi	r24, 0x86	; 134
 5ea:	09 f0       	breq	.+2      	; 0x5ee <__EEPROM_REGION_LENGTH__+0x1ee>
 5ec:	b3 94       	inc	r11
 5ee:	a3 fc       	sbrc	r10, 3
 5f0:	11 c0       	rjmp	.+34     	; 0x614 <__EEPROM_REGION_LENGTH__+0x214>
 5f2:	a0 fe       	sbrs	r10, 0
 5f4:	06 c0       	rjmp	.+12     	; 0x602 <__EEPROM_REGION_LENGTH__+0x202>
 5f6:	b2 14       	cp	r11, r2
 5f8:	88 f4       	brcc	.+34     	; 0x61c <__EEPROM_REGION_LENGTH__+0x21c>
 5fa:	28 0c       	add	r2, r8
 5fc:	92 2c       	mov	r9, r2
 5fe:	9b 18       	sub	r9, r11
 600:	0e c0       	rjmp	.+28     	; 0x61e <__EEPROM_REGION_LENGTH__+0x21e>
 602:	b2 14       	cp	r11, r2
 604:	60 f4       	brcc	.+24     	; 0x61e <__EEPROM_REGION_LENGTH__+0x21e>
 606:	b6 01       	movw	r22, r12
 608:	80 e2       	ldi	r24, 0x20	; 32
 60a:	90 e0       	ldi	r25, 0x00	; 0
 60c:	0e 94 6e 03 	call	0x6dc	; 0x6dc <fputc>
 610:	b3 94       	inc	r11
 612:	f7 cf       	rjmp	.-18     	; 0x602 <__EEPROM_REGION_LENGTH__+0x202>
 614:	b2 14       	cp	r11, r2
 616:	18 f4       	brcc	.+6      	; 0x61e <__EEPROM_REGION_LENGTH__+0x21e>
 618:	2b 18       	sub	r2, r11
 61a:	02 c0       	rjmp	.+4      	; 0x620 <__EEPROM_REGION_LENGTH__+0x220>
 61c:	98 2c       	mov	r9, r8
 61e:	21 2c       	mov	r2, r1
 620:	a4 fe       	sbrs	r10, 4
 622:	10 c0       	rjmp	.+32     	; 0x644 <__EEPROM_REGION_LENGTH__+0x244>
 624:	b6 01       	movw	r22, r12
 626:	80 e3       	ldi	r24, 0x30	; 48
 628:	90 e0       	ldi	r25, 0x00	; 0
 62a:	0e 94 6e 03 	call	0x6dc	; 0x6dc <fputc>
 62e:	a2 fe       	sbrs	r10, 2
 630:	17 c0       	rjmp	.+46     	; 0x660 <__EEPROM_REGION_LENGTH__+0x260>
 632:	a1 fc       	sbrc	r10, 1
 634:	03 c0       	rjmp	.+6      	; 0x63c <__EEPROM_REGION_LENGTH__+0x23c>
 636:	88 e7       	ldi	r24, 0x78	; 120
 638:	90 e0       	ldi	r25, 0x00	; 0
 63a:	02 c0       	rjmp	.+4      	; 0x640 <__EEPROM_REGION_LENGTH__+0x240>
 63c:	88 e5       	ldi	r24, 0x58	; 88
 63e:	90 e0       	ldi	r25, 0x00	; 0
 640:	b6 01       	movw	r22, r12
 642:	0c c0       	rjmp	.+24     	; 0x65c <__EEPROM_REGION_LENGTH__+0x25c>
 644:	8a 2d       	mov	r24, r10
 646:	86 78       	andi	r24, 0x86	; 134
 648:	59 f0       	breq	.+22     	; 0x660 <__EEPROM_REGION_LENGTH__+0x260>
 64a:	a1 fe       	sbrs	r10, 1
 64c:	02 c0       	rjmp	.+4      	; 0x652 <__EEPROM_REGION_LENGTH__+0x252>
 64e:	8b e2       	ldi	r24, 0x2B	; 43
 650:	01 c0       	rjmp	.+2      	; 0x654 <__EEPROM_REGION_LENGTH__+0x254>
 652:	80 e2       	ldi	r24, 0x20	; 32
 654:	a7 fc       	sbrc	r10, 7
 656:	8d e2       	ldi	r24, 0x2D	; 45
 658:	b6 01       	movw	r22, r12
 65a:	90 e0       	ldi	r25, 0x00	; 0
 65c:	0e 94 6e 03 	call	0x6dc	; 0x6dc <fputc>
 660:	89 14       	cp	r8, r9
 662:	38 f4       	brcc	.+14     	; 0x672 <__EEPROM_REGION_LENGTH__+0x272>
 664:	b6 01       	movw	r22, r12
 666:	80 e3       	ldi	r24, 0x30	; 48
 668:	90 e0       	ldi	r25, 0x00	; 0
 66a:	0e 94 6e 03 	call	0x6dc	; 0x6dc <fputc>
 66e:	9a 94       	dec	r9
 670:	f7 cf       	rjmp	.-18     	; 0x660 <__EEPROM_REGION_LENGTH__+0x260>
 672:	8a 94       	dec	r8
 674:	f3 01       	movw	r30, r6
 676:	e8 0d       	add	r30, r8
 678:	f1 1d       	adc	r31, r1
 67a:	80 81       	ld	r24, Z
 67c:	b6 01       	movw	r22, r12
 67e:	90 e0       	ldi	r25, 0x00	; 0
 680:	0e 94 6e 03 	call	0x6dc	; 0x6dc <fputc>
 684:	81 10       	cpse	r8, r1
 686:	f5 cf       	rjmp	.-22     	; 0x672 <__EEPROM_REGION_LENGTH__+0x272>
 688:	22 20       	and	r2, r2
 68a:	09 f4       	brne	.+2      	; 0x68e <__EEPROM_REGION_LENGTH__+0x28e>
 68c:	42 ce       	rjmp	.-892    	; 0x312 <vfprintf+0x24>
 68e:	b6 01       	movw	r22, r12
 690:	80 e2       	ldi	r24, 0x20	; 32
 692:	90 e0       	ldi	r25, 0x00	; 0
 694:	0e 94 6e 03 	call	0x6dc	; 0x6dc <fputc>
 698:	2a 94       	dec	r2
 69a:	f6 cf       	rjmp	.-20     	; 0x688 <__EEPROM_REGION_LENGTH__+0x288>
 69c:	f6 01       	movw	r30, r12
 69e:	86 81       	ldd	r24, Z+6	; 0x06
 6a0:	97 81       	ldd	r25, Z+7	; 0x07
 6a2:	02 c0       	rjmp	.+4      	; 0x6a8 <__EEPROM_REGION_LENGTH__+0x2a8>
 6a4:	8f ef       	ldi	r24, 0xFF	; 255
 6a6:	9f ef       	ldi	r25, 0xFF	; 255
 6a8:	2b 96       	adiw	r28, 0x0b	; 11
 6aa:	e2 e1       	ldi	r30, 0x12	; 18
 6ac:	0c 94 24 04 	jmp	0x848	; 0x848 <__epilogue_restores__>

000006b0 <strnlen_P>:
 6b0:	fc 01       	movw	r30, r24
 6b2:	05 90       	lpm	r0, Z+
 6b4:	61 50       	subi	r22, 0x01	; 1
 6b6:	70 40       	sbci	r23, 0x00	; 0
 6b8:	01 10       	cpse	r0, r1
 6ba:	d8 f7       	brcc	.-10     	; 0x6b2 <strnlen_P+0x2>
 6bc:	80 95       	com	r24
 6be:	90 95       	com	r25
 6c0:	8e 0f       	add	r24, r30
 6c2:	9f 1f       	adc	r25, r31
 6c4:	08 95       	ret

000006c6 <strnlen>:
 6c6:	fc 01       	movw	r30, r24
 6c8:	61 50       	subi	r22, 0x01	; 1
 6ca:	70 40       	sbci	r23, 0x00	; 0
 6cc:	01 90       	ld	r0, Z+
 6ce:	01 10       	cpse	r0, r1
 6d0:	d8 f7       	brcc	.-10     	; 0x6c8 <strnlen+0x2>
 6d2:	80 95       	com	r24
 6d4:	90 95       	com	r25
 6d6:	8e 0f       	add	r24, r30
 6d8:	9f 1f       	adc	r25, r31
 6da:	08 95       	ret

000006dc <fputc>:
 6dc:	0f 93       	push	r16
 6de:	1f 93       	push	r17
 6e0:	cf 93       	push	r28
 6e2:	df 93       	push	r29
 6e4:	fb 01       	movw	r30, r22
 6e6:	23 81       	ldd	r18, Z+3	; 0x03
 6e8:	21 fd       	sbrc	r18, 1
 6ea:	03 c0       	rjmp	.+6      	; 0x6f2 <fputc+0x16>
 6ec:	8f ef       	ldi	r24, 0xFF	; 255
 6ee:	9f ef       	ldi	r25, 0xFF	; 255
 6f0:	2c c0       	rjmp	.+88     	; 0x74a <fputc+0x6e>
 6f2:	22 ff       	sbrs	r18, 2
 6f4:	16 c0       	rjmp	.+44     	; 0x722 <fputc+0x46>
 6f6:	46 81       	ldd	r20, Z+6	; 0x06
 6f8:	57 81       	ldd	r21, Z+7	; 0x07
 6fa:	24 81       	ldd	r18, Z+4	; 0x04
 6fc:	35 81       	ldd	r19, Z+5	; 0x05
 6fe:	42 17       	cp	r20, r18
 700:	53 07       	cpc	r21, r19
 702:	44 f4       	brge	.+16     	; 0x714 <fputc+0x38>
 704:	a0 81       	ld	r26, Z
 706:	b1 81       	ldd	r27, Z+1	; 0x01
 708:	9d 01       	movw	r18, r26
 70a:	2f 5f       	subi	r18, 0xFF	; 255
 70c:	3f 4f       	sbci	r19, 0xFF	; 255
 70e:	31 83       	std	Z+1, r19	; 0x01
 710:	20 83       	st	Z, r18
 712:	8c 93       	st	X, r24
 714:	26 81       	ldd	r18, Z+6	; 0x06
 716:	37 81       	ldd	r19, Z+7	; 0x07
 718:	2f 5f       	subi	r18, 0xFF	; 255
 71a:	3f 4f       	sbci	r19, 0xFF	; 255
 71c:	37 83       	std	Z+7, r19	; 0x07
 71e:	26 83       	std	Z+6, r18	; 0x06
 720:	14 c0       	rjmp	.+40     	; 0x74a <fputc+0x6e>
 722:	8b 01       	movw	r16, r22
 724:	ec 01       	movw	r28, r24
 726:	fb 01       	movw	r30, r22
 728:	00 84       	ldd	r0, Z+8	; 0x08
 72a:	f1 85       	ldd	r31, Z+9	; 0x09
 72c:	e0 2d       	mov	r30, r0
 72e:	09 95       	icall
 730:	89 2b       	or	r24, r25
 732:	e1 f6       	brne	.-72     	; 0x6ec <fputc+0x10>
 734:	d8 01       	movw	r26, r16
 736:	16 96       	adiw	r26, 0x06	; 6
 738:	8d 91       	ld	r24, X+
 73a:	9c 91       	ld	r25, X
 73c:	17 97       	sbiw	r26, 0x07	; 7
 73e:	01 96       	adiw	r24, 0x01	; 1
 740:	17 96       	adiw	r26, 0x07	; 7
 742:	9c 93       	st	X, r25
 744:	8e 93       	st	-X, r24
 746:	16 97       	sbiw	r26, 0x06	; 6
 748:	ce 01       	movw	r24, r28
 74a:	df 91       	pop	r29
 74c:	cf 91       	pop	r28
 74e:	1f 91       	pop	r17
 750:	0f 91       	pop	r16
 752:	08 95       	ret

00000754 <__ultoa_invert>:
 754:	fa 01       	movw	r30, r20
 756:	aa 27       	eor	r26, r26
 758:	28 30       	cpi	r18, 0x08	; 8
 75a:	51 f1       	breq	.+84     	; 0x7b0 <__ultoa_invert+0x5c>
 75c:	20 31       	cpi	r18, 0x10	; 16
 75e:	81 f1       	breq	.+96     	; 0x7c0 <__ultoa_invert+0x6c>
 760:	e8 94       	clt
 762:	6f 93       	push	r22
 764:	6e 7f       	andi	r22, 0xFE	; 254
 766:	6e 5f       	subi	r22, 0xFE	; 254
 768:	7f 4f       	sbci	r23, 0xFF	; 255
 76a:	8f 4f       	sbci	r24, 0xFF	; 255
 76c:	9f 4f       	sbci	r25, 0xFF	; 255
 76e:	af 4f       	sbci	r26, 0xFF	; 255
 770:	b1 e0       	ldi	r27, 0x01	; 1
 772:	3e d0       	rcall	.+124    	; 0x7f0 <__ultoa_invert+0x9c>
 774:	b4 e0       	ldi	r27, 0x04	; 4
 776:	3c d0       	rcall	.+120    	; 0x7f0 <__ultoa_invert+0x9c>
 778:	67 0f       	add	r22, r23
 77a:	78 1f       	adc	r23, r24
 77c:	89 1f       	adc	r24, r25
 77e:	9a 1f       	adc	r25, r26
 780:	a1 1d       	adc	r26, r1
 782:	68 0f       	add	r22, r24
 784:	79 1f       	adc	r23, r25
 786:	8a 1f       	adc	r24, r26
 788:	91 1d       	adc	r25, r1
 78a:	a1 1d       	adc	r26, r1
 78c:	6a 0f       	add	r22, r26
 78e:	71 1d       	adc	r23, r1
 790:	81 1d       	adc	r24, r1
 792:	91 1d       	adc	r25, r1
 794:	a1 1d       	adc	r26, r1
 796:	20 d0       	rcall	.+64     	; 0x7d8 <__ultoa_invert+0x84>
 798:	09 f4       	brne	.+2      	; 0x79c <__ultoa_invert+0x48>
 79a:	68 94       	set
 79c:	3f 91       	pop	r19
 79e:	2a e0       	ldi	r18, 0x0A	; 10
 7a0:	26 9f       	mul	r18, r22
 7a2:	11 24       	eor	r1, r1
 7a4:	30 19       	sub	r19, r0
 7a6:	30 5d       	subi	r19, 0xD0	; 208
 7a8:	31 93       	st	Z+, r19
 7aa:	de f6       	brtc	.-74     	; 0x762 <__ultoa_invert+0xe>
 7ac:	cf 01       	movw	r24, r30
 7ae:	08 95       	ret
 7b0:	46 2f       	mov	r20, r22
 7b2:	47 70       	andi	r20, 0x07	; 7
 7b4:	40 5d       	subi	r20, 0xD0	; 208
 7b6:	41 93       	st	Z+, r20
 7b8:	b3 e0       	ldi	r27, 0x03	; 3
 7ba:	0f d0       	rcall	.+30     	; 0x7da <__ultoa_invert+0x86>
 7bc:	c9 f7       	brne	.-14     	; 0x7b0 <__ultoa_invert+0x5c>
 7be:	f6 cf       	rjmp	.-20     	; 0x7ac <__ultoa_invert+0x58>
 7c0:	46 2f       	mov	r20, r22
 7c2:	4f 70       	andi	r20, 0x0F	; 15
 7c4:	40 5d       	subi	r20, 0xD0	; 208
 7c6:	4a 33       	cpi	r20, 0x3A	; 58
 7c8:	18 f0       	brcs	.+6      	; 0x7d0 <__ultoa_invert+0x7c>
 7ca:	49 5d       	subi	r20, 0xD9	; 217
 7cc:	31 fd       	sbrc	r19, 1
 7ce:	40 52       	subi	r20, 0x20	; 32
 7d0:	41 93       	st	Z+, r20
 7d2:	02 d0       	rcall	.+4      	; 0x7d8 <__ultoa_invert+0x84>
 7d4:	a9 f7       	brne	.-22     	; 0x7c0 <__ultoa_invert+0x6c>
 7d6:	ea cf       	rjmp	.-44     	; 0x7ac <__ultoa_invert+0x58>
 7d8:	b4 e0       	ldi	r27, 0x04	; 4
 7da:	a6 95       	lsr	r26
 7dc:	97 95       	ror	r25
 7de:	87 95       	ror	r24
 7e0:	77 95       	ror	r23
 7e2:	67 95       	ror	r22
 7e4:	ba 95       	dec	r27
 7e6:	c9 f7       	brne	.-14     	; 0x7da <__ultoa_invert+0x86>
 7e8:	00 97       	sbiw	r24, 0x00	; 0
 7ea:	61 05       	cpc	r22, r1
 7ec:	71 05       	cpc	r23, r1
 7ee:	08 95       	ret
 7f0:	9b 01       	movw	r18, r22
 7f2:	ac 01       	movw	r20, r24
 7f4:	0a 2e       	mov	r0, r26
 7f6:	06 94       	lsr	r0
 7f8:	57 95       	ror	r21
 7fa:	47 95       	ror	r20
 7fc:	37 95       	ror	r19
 7fe:	27 95       	ror	r18
 800:	ba 95       	dec	r27
 802:	c9 f7       	brne	.-14     	; 0x7f6 <__ultoa_invert+0xa2>
 804:	62 0f       	add	r22, r18
 806:	73 1f       	adc	r23, r19
 808:	84 1f       	adc	r24, r20
 80a:	95 1f       	adc	r25, r21
 80c:	a0 1d       	adc	r26, r0
 80e:	08 95       	ret

00000810 <__prologue_saves__>:
 810:	2f 92       	push	r2
 812:	3f 92       	push	r3
 814:	4f 92       	push	r4
 816:	5f 92       	push	r5
 818:	6f 92       	push	r6
 81a:	7f 92       	push	r7
 81c:	8f 92       	push	r8
 81e:	9f 92       	push	r9
 820:	af 92       	push	r10
 822:	bf 92       	push	r11
 824:	cf 92       	push	r12
 826:	df 92       	push	r13
 828:	ef 92       	push	r14
 82a:	ff 92       	push	r15
 82c:	0f 93       	push	r16
 82e:	1f 93       	push	r17
 830:	cf 93       	push	r28
 832:	df 93       	push	r29
 834:	cd b7       	in	r28, 0x3d	; 61
 836:	de b7       	in	r29, 0x3e	; 62
 838:	ca 1b       	sub	r28, r26
 83a:	db 0b       	sbc	r29, r27
 83c:	0f b6       	in	r0, 0x3f	; 63
 83e:	f8 94       	cli
 840:	de bf       	out	0x3e, r29	; 62
 842:	0f be       	out	0x3f, r0	; 63
 844:	cd bf       	out	0x3d, r28	; 61
 846:	09 94       	ijmp

00000848 <__epilogue_restores__>:
 848:	2a 88       	ldd	r2, Y+18	; 0x12
 84a:	39 88       	ldd	r3, Y+17	; 0x11
 84c:	48 88       	ldd	r4, Y+16	; 0x10
 84e:	5f 84       	ldd	r5, Y+15	; 0x0f
 850:	6e 84       	ldd	r6, Y+14	; 0x0e
 852:	7d 84       	ldd	r7, Y+13	; 0x0d
 854:	8c 84       	ldd	r8, Y+12	; 0x0c
 856:	9b 84       	ldd	r9, Y+11	; 0x0b
 858:	aa 84       	ldd	r10, Y+10	; 0x0a
 85a:	b9 84       	ldd	r11, Y+9	; 0x09
 85c:	c8 84       	ldd	r12, Y+8	; 0x08
 85e:	df 80       	ldd	r13, Y+7	; 0x07
 860:	ee 80       	ldd	r14, Y+6	; 0x06
 862:	fd 80       	ldd	r15, Y+5	; 0x05
 864:	0c 81       	ldd	r16, Y+4	; 0x04
 866:	1b 81       	ldd	r17, Y+3	; 0x03
 868:	aa 81       	ldd	r26, Y+2	; 0x02
 86a:	b9 81       	ldd	r27, Y+1	; 0x01
 86c:	ce 0f       	add	r28, r30
 86e:	d1 1d       	adc	r29, r1
 870:	0f b6       	in	r0, 0x3f	; 63
 872:	f8 94       	cli
 874:	de bf       	out	0x3e, r29	; 62
 876:	0f be       	out	0x3f, r0	; 63
 878:	cd bf       	out	0x3d, r28	; 61
 87a:	ed 01       	movw	r28, r26
 87c:	08 95       	ret

0000087e <_exit>:
 87e:	f8 94       	cli

00000880 <__stop_program>:
 880:	ff cf       	rjmp	.-2      	; 0x880 <__stop_program>
